<?xml version="1.0" encoding="utf-8"?>
<coverage line-rate="0.7813" branch-rate="0.6513" version="1.9" timestamp="1782765725" lines-covered="3188" lines-valid="4080" branches-covered="693" branches-valid="1064">
  <sources>
    <source>C:\Users\Gonzalo\projects\sauronsheet1\SauronSheet\src\</source>
  </sources>
  <packages>
    <package name="SauronSheet.Application" line-rate="0.809" branch-rate="0.698" complexity="1383">
      <classes>
        <class name="SauronSheet.Application.DependencyInjection" filename="SauronSheet.Application\DependencyInjection.cs" line-rate="1" branch-rate="1" complexity="1">
          <methods>
            <method name="AddApplicationServices" signature="(Microsoft.Extensions.DependencyInjection.IServiceCollection)" line-rate="1" branch-rate="1" complexity="1">
              <lines>
                <line number="21" hits="2" branch="False" />
                <line number="22" hits="2" branch="False" />
                <line number="24" hits="2" branch="False" />
                <line number="25" hits="2" branch="False" />
                <line number="26" hits="2" branch="False" />
                <line number="27" hits="2" branch="False" />
                <line number="28" hits="2" branch="False" />
                <line number="29" hits="2" branch="False" />
                <line number="30" hits="4" branch="False" />
                <line number="33" hits="2" branch="False" />
                <line number="36" hits="2" branch="False" />
                <line number="39" hits="2" branch="False" />
                <line number="42" hits="2" branch="False" />
                <line number="44" hits="2" branch="False" />
                <line number="45" hits="2" branch="False" />
              </lines>
            </method>
          </methods>
          <lines>
            <line number="21" hits="2" branch="False" />
            <line number="22" hits="2" branch="False" />
            <line number="24" hits="2" branch="False" />
            <line number="25" hits="2" branch="False" />
            <line number="26" hits="2" branch="False" />
            <line number="27" hits="2" branch="False" />
            <line number="28" hits="2" branch="False" />
            <line number="29" hits="2" branch="False" />
            <line number="30" hits="4" branch="False" />
            <line number="33" hits="2" branch="False" />
            <line number="36" hits="2" branch="False" />
            <line number="39" hits="2" branch="False" />
            <line number="42" hits="2" branch="False" />
            <line number="44" hits="2" branch="False" />
            <line number="45" hits="2" branch="False" />
          </lines>
        </class>
        <class name="SauronSheet.Application.Services.BankCategoryResolutionService" filename="SauronSheet.Application\Services\BankCategoryResolutionService.cs" line-rate="1" branch-rate="0.5" complexity="6">
          <methods>
            <method name=".ctor" signature="(SauronSheet.Domain.Repositories.ICategoryRepository,SauronSheet.Domain.Repositories.ISubcategoryRepository,SauronSheet.Domain.Repositories.IBankCategoryTranslationRepository)" line-rate="1" branch-rate="0.5" complexity="6">
              <lines>
                <line number="30" hits="27" branch="False" />
                <line number="31" hits="27" branch="False" />
                <line number="32" hits="27" branch="False" />
                <line number="33" hits="27" branch="False" />
                <line number="34" hits="27" branch="False" />
                <line number="35" hits="27" branch="True" condition-coverage="50% (1/2)">
                  <conditions>
                    <condition number="11" type="jump" coverage="50%" />
                  </conditions>
                </line>
                <line number="36" hits="27" branch="True" condition-coverage="50% (1/2)">
                  <conditions>
                    <condition number="33" type="jump" coverage="50%" />
                  </conditions>
                </line>
                <line number="37" hits="27" branch="True" condition-coverage="50% (1/2)">
                  <conditions>
                    <condition number="55" type="jump" coverage="50%" />
                  </conditions>
                </line>
                <line number="38" hits="27" branch="False" />
              </lines>
            </method>
          </methods>
          <lines>
            <line number="30" hits="27" branch="False" />
            <line number="31" hits="27" branch="False" />
            <line number="32" hits="27" branch="False" />
            <line number="33" hits="27" branch="False" />
            <line number="34" hits="27" branch="False" />
            <line number="35" hits="27" branch="True" condition-coverage="50% (1/2)">
              <conditions>
                <condition number="11" type="jump" coverage="50%" />
              </conditions>
            </line>
            <line number="36" hits="27" branch="True" condition-coverage="50% (1/2)">
              <conditions>
                <condition number="33" type="jump" coverage="50%" />
              </conditions>
            </line>
            <line number="37" hits="27" branch="True" condition-coverage="50% (1/2)">
              <conditions>
                <condition number="55" type="jump" coverage="50%" />
              </conditions>
            </line>
            <line number="38" hits="27" branch="False" />
          </lines>
        </class>
        <class name="SauronSheet.Application.Services.BankCategoryResolutionService/&lt;&gt;c__DisplayClass4_0" filename="SauronSheet.Application\Services\BankCategoryResolutionService.cs" line-rate="1" branch-rate="1" complexity="2">
          <methods>
            <method name="&lt;ResolveAsync&gt;b__0" signature="(SauronSheet.Domain.Entities.Category)" line-rate="1" branch-rate="1" complexity="1">
              <lines>
                <line number="59" hits="14" branch="False" />
              </lines>
            </method>
            <method name="&lt;ResolveAsync&gt;b__1" signature="(SauronSheet.Domain.Entities.Subcategory)" line-rate="1" branch-rate="1" complexity="1">
              <lines>
                <line number="70" hits="5" branch="False" />
              </lines>
            </method>
          </methods>
          <lines>
            <line number="59" hits="14" branch="False" />
            <line number="70" hits="5" branch="False" />
          </lines>
        </class>
        <class name="SauronSheet.Application.Services.BankCategoryResolutionService/&lt;FindOrCreateCategoryAsync&gt;d__6" filename="SauronSheet.Application\Services\BankCategoryResolutionService.cs" line-rate="0.8571" branch-rate="0.5714" complexity="14">
          <methods>
            <method name="MoveNext" signature="()" line-rate="0.8571" branch-rate="0.5714" complexity="14">
              <lines>
                <line number="118" hits="15" branch="False" />
                <line number="119" hits="15" branch="False" />
                <line number="122" hits="15" branch="True" condition-coverage="100% (4/4)">
                  <conditions>
                    <condition number="218" type="jump" coverage="100%" />
                    <condition number="241" type="jump" coverage="100%" />
                  </conditions>
                </line>
                <line number="123" hits="7" branch="False" />
                <line number="129" hits="8" branch="False" />
                <line number="130" hits="8" branch="True" condition-coverage="50% (2/4)">
                  <conditions>
                    <condition number="412" type="jump" coverage="50%" />
                    <condition number="435" type="jump" coverage="50%" />
                  </conditions>
                </line>
                <line number="131" hits="0" branch="False" />
                <line number="134" hits="8" branch="True" condition-coverage="50% (1/2)">
                  <conditions>
                    <condition number="463" type="jump" coverage="50%" />
                  </conditions>
                </line>
                <line number="135" hits="8" branch="False" />
                <line number="136" hits="8" branch="False" />
                <line number="137" hits="8" branch="False" />
                <line number="138" hits="8" branch="False" />
                <line number="139" hits="8" branch="False" />
                <line number="140" hits="8" branch="False" />
                <line number="141" hits="8" branch="False" />
                <line number="142" hits="8" branch="False" />
                <line number="145" hits="8" branch="False" />
                <line number="146" hits="8" branch="False" />
                <line number="147" hits="7" branch="False" />
                <line number="149" hits="1" branch="False" />
                <line number="150" hits="1" branch="False" />
                <line number="152" hits="1" branch="False" />
                <line number="153" hits="1" branch="True" condition-coverage="50% (1/2)">
                  <conditions>
                    <condition number="907" type="jump" coverage="50%" />
                  </conditions>
                </line>
                <line number="154" hits="1" branch="False" />
                <line number="157" hits="0" branch="False" />
                <line number="158" hits="0" branch="True" condition-coverage="0% (0/2)">
                  <conditions>
                    <condition number="1073" type="jump" coverage="0%" />
                  </conditions>
                </line>
                <line number="159" hits="0" branch="False" />
                <line number="161" hits="15" branch="False" />
              </lines>
            </method>
          </methods>
          <lines>
            <line number="118" hits="15" branch="False" />
            <line number="119" hits="15" branch="False" />
            <line number="122" hits="15" branch="True" condition-coverage="100% (4/4)">
              <conditions>
                <condition number="218" type="jump" coverage="100%" />
                <condition number="241" type="jump" coverage="100%" />
              </conditions>
            </line>
            <line number="123" hits="7" branch="False" />
            <line number="129" hits="8" branch="False" />
            <line number="130" hits="8" branch="True" condition-coverage="50% (2/4)">
              <conditions>
                <condition number="412" type="jump" coverage="50%" />
                <condition number="435" type="jump" coverage="50%" />
              </conditions>
            </line>
            <line number="131" hits="0" branch="False" />
            <line number="134" hits="8" branch="True" condition-coverage="50% (1/2)">
              <conditions>
                <condition number="463" type="jump" coverage="50%" />
              </conditions>
            </line>
            <line number="135" hits="8" branch="False" />
            <line number="136" hits="8" branch="False" />
            <line number="137" hits="8" branch="False" />
            <line number="138" hits="8" branch="False" />
            <line number="139" hits="8" branch="False" />
            <line number="140" hits="8" branch="False" />
            <line number="141" hits="8" branch="False" />
            <line number="142" hits="8" branch="False" />
            <line number="145" hits="8" branch="False" />
            <line number="146" hits="8" branch="False" />
            <line number="147" hits="7" branch="False" />
            <line number="149" hits="1" branch="False" />
            <line number="150" hits="1" branch="False" />
            <line number="152" hits="1" branch="False" />
            <line number="153" hits="1" branch="True" condition-coverage="50% (1/2)">
              <conditions>
                <condition number="907" type="jump" coverage="50%" />
              </conditions>
            </line>
            <line number="154" hits="1" branch="False" />
            <line number="157" hits="0" branch="False" />
            <line number="158" hits="0" branch="True" condition-coverage="0% (0/2)">
              <conditions>
                <condition number="1073" type="jump" coverage="0%" />
              </conditions>
            </line>
            <line number="159" hits="0" branch="False" />
            <line number="161" hits="15" branch="False" />
          </lines>
        </class>
        <class name="SauronSheet.Application.Services.BankCategoryResolutionService/&lt;FindOrCreateSubcategoryAsync&gt;d__7" filename="SauronSheet.Application\Services\BankCategoryResolutionService.cs" line-rate="0.7894" branch-rate="0.5" complexity="6">
          <methods>
            <method name="MoveNext" signature="()" line-rate="0.7894" branch-rate="0.5" complexity="6">
              <lines>
                <line number="170" hits="3" branch="False" />
                <line number="171" hits="3" branch="False" />
                <line number="172" hits="3" branch="True" condition-coverage="100% (2/2)">
                  <conditions>
                    <condition number="204" type="jump" coverage="100%" />
                  </conditions>
                </line>
                <line number="173" hits="2" branch="False" />
                <line number="175" hits="1" branch="True" condition-coverage="50% (1/2)">
                  <conditions>
                    <condition number="237" type="jump" coverage="50%" />
                  </conditions>
                </line>
                <line number="176" hits="1" branch="False" />
                <line number="177" hits="1" branch="False" />
                <line number="178" hits="1" branch="False" />
                <line number="179" hits="1" branch="False" />
                <line number="180" hits="1" branch="False" />
                <line number="181" hits="1" branch="False" />
                <line number="184" hits="1" branch="False" />
                <line number="185" hits="1" branch="False" />
                <line number="186" hits="1" branch="False" />
                <line number="188" hits="0" branch="False" />
                <line number="189" hits="0" branch="False" />
                <line number="191" hits="0" branch="False" />
                <line number="192" hits="0" branch="True" condition-coverage="0% (0/2)">
                  <conditions>
                    <condition number="662" type="jump" coverage="0%" />
                  </conditions>
                </line>
                <line number="194" hits="3" branch="False" />
              </lines>
            </method>
          </methods>
          <lines>
            <line number="170" hits="3" branch="False" />
            <line number="171" hits="3" branch="False" />
            <line number="172" hits="3" branch="True" condition-coverage="100% (2/2)">
              <conditions>
                <condition number="204" type="jump" coverage="100%" />
              </conditions>
            </line>
            <line number="173" hits="2" branch="False" />
            <line number="175" hits="1" branch="True" condition-coverage="50% (1/2)">
              <conditions>
                <condition number="237" type="jump" coverage="50%" />
              </conditions>
            </line>
            <line number="176" hits="1" branch="False" />
            <line number="177" hits="1" branch="False" />
            <line number="178" hits="1" branch="False" />
            <line number="179" hits="1" branch="False" />
            <line number="180" hits="1" branch="False" />
            <line number="181" hits="1" branch="False" />
            <line number="184" hits="1" branch="False" />
            <line number="185" hits="1" branch="False" />
            <line number="186" hits="1" branch="False" />
            <line number="188" hits="0" branch="False" />
            <line number="189" hits="0" branch="False" />
            <line number="191" hits="0" branch="False" />
            <line number="192" hits="0" branch="True" condition-coverage="0% (0/2)">
              <conditions>
                <condition number="662" type="jump" coverage="0%" />
              </conditions>
            </line>
            <line number="194" hits="3" branch="False" />
          </lines>
        </class>
        <class name="SauronSheet.Application.Services.BankCategoryResolutionService/&lt;ResolveAsync&gt;d__4" filename="SauronSheet.Application\Services\BankCategoryResolutionService.cs" line-rate="1" branch-rate="1" complexity="14">
          <methods>
            <method name="MoveNext" signature="()" line-rate="1" branch-rate="1" complexity="14">
              <lines>
                <line number="42" hits="11" branch="False" />
                <line number="44" hits="11" branch="True" condition-coverage="100% (2/2)">
                  <conditions>
                    <condition number="67" type="jump" coverage="100%" />
                  </conditions>
                </line>
                <line number="45" hits="3" branch="False" />
                <line number="47" hits="8" branch="False" />
                <line number="48" hits="8" branch="True" condition-coverage="100% (2/2)">
                  <conditions>
                    <condition number="113" type="jump" coverage="100%" />
                  </conditions>
                </line>
                <line number="51" hits="8" branch="False" />
                <line number="52" hits="8" branch="False" />
                <line number="54" hits="8" branch="True" condition-coverage="100% (4/4)">
                  <conditions>
                    <condition number="290" type="jump" coverage="100%" />
                    <condition number="302" type="jump" coverage="100%" />
                  </conditions>
                </line>
                <line number="57" hits="8" branch="False" />
                <line number="58" hits="8" branch="False" />
                <line number="61" hits="8" branch="True" condition-coverage="100% (2/2)">
                  <conditions>
                    <condition number="506" type="jump" coverage="100%" />
                  </conditions>
                </line>
                <line number="62" hits="2" branch="False" />
                <line number="65" hits="6" branch="False" />
                <line number="66" hits="6" branch="True" condition-coverage="100% (2/2)">
                  <conditions>
                    <condition number="552" type="jump" coverage="100%" />
                  </conditions>
                </line>
                <line number="67" hits="4" branch="False" />
                <line number="68" hits="4" branch="False" />
                <line number="69" hits="4" branch="False" />
                <line number="71" hits="4" branch="True" condition-coverage="100% (2/2)">
                  <conditions>
                    <condition number="753" type="jump" coverage="100%" />
                  </conditions>
                </line>
                <line number="72" hits="1" branch="False" />
                <line number="73" hits="4" branch="False" />
                <line number="75" hits="6" branch="False" />
                <line number="76" hits="11" branch="False" />
              </lines>
            </method>
          </methods>
          <lines>
            <line number="42" hits="11" branch="False" />
            <line number="44" hits="11" branch="True" condition-coverage="100% (2/2)">
              <conditions>
                <condition number="67" type="jump" coverage="100%" />
              </conditions>
            </line>
            <line number="45" hits="3" branch="False" />
            <line number="47" hits="8" branch="False" />
            <line number="48" hits="8" branch="True" condition-coverage="100% (2/2)">
              <conditions>
                <condition number="113" type="jump" coverage="100%" />
              </conditions>
            </line>
            <line number="51" hits="8" branch="False" />
            <line number="52" hits="8" branch="False" />
            <line number="54" hits="8" branch="True" condition-coverage="100% (4/4)">
              <conditions>
                <condition number="290" type="jump" coverage="100%" />
                <condition number="302" type="jump" coverage="100%" />
              </conditions>
            </line>
            <line number="57" hits="8" branch="False" />
            <line number="58" hits="8" branch="False" />
            <line number="61" hits="8" branch="True" condition-coverage="100% (2/2)">
              <conditions>
                <condition number="506" type="jump" coverage="100%" />
              </conditions>
            </line>
            <line number="62" hits="2" branch="False" />
            <line number="65" hits="6" branch="False" />
            <line number="66" hits="6" branch="True" condition-coverage="100% (2/2)">
              <conditions>
                <condition number="552" type="jump" coverage="100%" />
              </conditions>
            </line>
            <line number="67" hits="4" branch="False" />
            <line number="68" hits="4" branch="False" />
            <line number="69" hits="4" branch="False" />
            <line number="71" hits="4" branch="True" condition-coverage="100% (2/2)">
              <conditions>
                <condition number="753" type="jump" coverage="100%" />
              </conditions>
            </line>
            <line number="72" hits="1" branch="False" />
            <line number="73" hits="4" branch="False" />
            <line number="75" hits="6" branch="False" />
            <line number="76" hits="11" branch="False" />
          </lines>
        </class>
        <class name="SauronSheet.Application.Services.BankCategoryResolutionService/&lt;ResolveOrCreateAsync&gt;d__5" filename="SauronSheet.Application\Services\BankCategoryResolutionService.cs" line-rate="1" branch-rate="1" complexity="6">
          <methods>
            <method name="MoveNext" signature="()" line-rate="1" branch-rate="1" complexity="6">
              <lines>
                <line number="85" hits="17" branch="False" />
                <line number="87" hits="17" branch="True" condition-coverage="100% (2/2)">
                  <conditions>
                    <condition number="42" type="jump" coverage="100%" />
                  </conditions>
                </line>
                <line number="88" hits="2" branch="False" />
                <line number="90" hits="15" branch="False" />
                <line number="91" hits="15" branch="False" />
                <line number="92" hits="15" branch="True" condition-coverage="100% (2/2)">
                  <conditions>
                    <condition number="109" type="jump" coverage="100%" />
                  </conditions>
                </line>
                <line number="95" hits="15" branch="False" />
                <line number="98" hits="15" branch="False" />
                <line number="99" hits="15" branch="True" condition-coverage="100% (2/2)">
                  <conditions>
                    <condition number="295" type="jump" coverage="100%" />
                  </conditions>
                </line>
                <line number="100" hits="3" branch="False" />
                <line number="101" hits="3" branch="False" />
                <line number="102" hits="3" branch="False" />
                <line number="103" hits="3" branch="False" />
                <line number="104" hits="3" branch="False" />
                <line number="106" hits="15" branch="False" />
                <line number="107" hits="17" branch="False" />
              </lines>
            </method>
          </methods>
          <lines>
            <line number="85" hits="17" branch="False" />
            <line number="87" hits="17" branch="True" condition-coverage="100% (2/2)">
              <conditions>
                <condition number="42" type="jump" coverage="100%" />
              </conditions>
            </line>
            <line number="88" hits="2" branch="False" />
            <line number="90" hits="15" branch="False" />
            <line number="91" hits="15" branch="False" />
            <line number="92" hits="15" branch="True" condition-coverage="100% (2/2)">
              <conditions>
                <condition number="109" type="jump" coverage="100%" />
              </conditions>
            </line>
            <line number="95" hits="15" branch="False" />
            <line number="98" hits="15" branch="False" />
            <line number="99" hits="15" branch="True" condition-coverage="100% (2/2)">
              <conditions>
                <condition number="295" type="jump" coverage="100%" />
              </conditions>
            </line>
            <line number="100" hits="3" branch="False" />
            <line number="101" hits="3" branch="False" />
            <line number="102" hits="3" branch="False" />
            <line number="103" hits="3" branch="False" />
            <line number="104" hits="3" branch="False" />
            <line number="106" hits="15" branch="False" />
            <line number="107" hits="17" branch="False" />
          </lines>
        </class>
        <class name="SauronSheet.Application.Services.CategoryNormalizer" filename="SauronSheet.Application\Services\CategoryNormalizer.cs" line-rate="1" branch-rate="1" complexity="6">
          <methods>
            <method name="Normalize" signature="(System.String)" line-rate="1" branch-rate="1" complexity="6">
              <lines>
                <line number="27" hits="50" branch="False" />
                <line number="28" hits="50" branch="True" condition-coverage="100% (2/2)">
                  <conditions>
                    <condition number="9" type="jump" coverage="100%" />
                  </conditions>
                </line>
                <line number="29" hits="3" branch="False" />
                <line number="31" hits="47" branch="False" />
                <line number="34" hits="47" branch="False" />
                <line number="37" hits="47" branch="False" />
                <line number="38" hits="1201" branch="True" condition-coverage="100% (2/2)">
                  <conditions>
                    <condition number="108" type="jump" coverage="100%" />
                  </conditions>
                </line>
                <line number="39" hits="530" branch="False" />
                <line number="40" hits="530" branch="True" condition-coverage="100% (2/2)">
                  <conditions>
                    <condition number="81" type="jump" coverage="100%" />
                  </conditions>
                </line>
                <line number="41" hits="522" branch="False" />
                <line number="42" hits="530" branch="False" />
                <line number="45" hits="47" branch="False" />
                <line number="46" hits="50" branch="False" />
              </lines>
            </method>
          </methods>
          <lines>
            <line number="27" hits="50" branch="False" />
            <line number="28" hits="50" branch="True" condition-coverage="100% (2/2)">
              <conditions>
                <condition number="9" type="jump" coverage="100%" />
              </conditions>
            </line>
            <line number="29" hits="3" branch="False" />
            <line number="31" hits="47" branch="False" />
            <line number="34" hits="47" branch="False" />
            <line number="37" hits="47" branch="False" />
            <line number="38" hits="1201" branch="True" condition-coverage="100% (2/2)">
              <conditions>
                <condition number="108" type="jump" coverage="100%" />
              </conditions>
            </line>
            <line number="39" hits="530" branch="False" />
            <line number="40" hits="530" branch="True" condition-coverage="100% (2/2)">
              <conditions>
                <condition number="81" type="jump" coverage="100%" />
              </conditions>
            </line>
            <line number="41" hits="522" branch="False" />
            <line number="42" hits="530" branch="False" />
            <line number="45" hits="47" branch="False" />
            <line number="46" hits="50" branch="False" />
          </lines>
        </class>
        <class name="SauronSheet.Application.Services.ImportProgress" filename="SauronSheet.Application\Services\ImportProgress.cs" line-rate="0" branch-rate="1" complexity="16">
          <methods>
            <method name="get_UploadId" signature="()" line-rate="0" branch-rate="1" complexity="1">
              <lines>
                <line number="9" hits="0" branch="False" />
              </lines>
            </method>
            <method name="get_Filename" signature="()" line-rate="0" branch-rate="1" complexity="1">
              <lines>
                <line number="10" hits="0" branch="False" />
              </lines>
            </method>
            <method name="get_TotalRows" signature="()" line-rate="0" branch-rate="1" complexity="1">
              <lines>
                <line number="11" hits="0" branch="False" />
              </lines>
            </method>
            <method name="get_ProcessedRows" signature="()" line-rate="0" branch-rate="1" complexity="1">
              <lines>
                <line number="12" hits="0" branch="False" />
              </lines>
            </method>
            <method name="get_ImportedCount" signature="()" line-rate="0" branch-rate="1" complexity="1">
              <lines>
                <line number="13" hits="0" branch="False" />
              </lines>
            </method>
            <method name="get_SkippedCount" signature="()" line-rate="0" branch-rate="1" complexity="1">
              <lines>
                <line number="14" hits="0" branch="False" />
              </lines>
            </method>
            <method name="get_IsComplete" signature="()" line-rate="0" branch-rate="1" complexity="1">
              <lines>
                <line number="15" hits="0" branch="False" />
              </lines>
            </method>
            <method name="get_IsFailed" signature="()" line-rate="0" branch-rate="1" complexity="1">
              <lines>
                <line number="16" hits="0" branch="False" />
              </lines>
            </method>
            <method name="get_ErrorMessage" signature="()" line-rate="0" branch-rate="1" complexity="1">
              <lines>
                <line number="17" hits="0" branch="False" />
              </lines>
            </method>
            <method name="get_CurrentFileName" signature="()" line-rate="0" branch-rate="1" complexity="1">
              <lines>
                <line number="18" hits="0" branch="False" />
              </lines>
            </method>
            <method name="get_CurrentFileIndex" signature="()" line-rate="0" branch-rate="1" complexity="1">
              <lines>
                <line number="19" hits="0" branch="False" />
              </lines>
            </method>
            <method name="get_TotalFiles" signature="()" line-rate="0" branch-rate="1" complexity="1">
              <lines>
                <line number="20" hits="0" branch="False" />
              </lines>
            </method>
            <method name="get_UserId" signature="()" line-rate="0" branch-rate="1" complexity="1">
              <lines>
                <line number="21" hits="0" branch="False" />
              </lines>
            </method>
            <method name="get_StartedAt" signature="()" line-rate="0" branch-rate="1" complexity="1">
              <lines>
                <line number="22" hits="0" branch="False" />
              </lines>
            </method>
            <method name="get_CompletionDetails" signature="()" line-rate="0" branch-rate="1" complexity="1">
              <lines>
                <line number="23" hits="0" branch="False" />
              </lines>
            </method>
            <method name=".ctor" signature="(System.String,System.String,System.Int32,System.Int32,System.Int32,System.Int32,System.Boolean,System.Boolean,System.String,System.String,System.Int32,System.Int32,System.String,System.DateTime,System.String)" line-rate="0" branch-rate="1" complexity="1">
              <lines>
                <line number="8" hits="0" branch="False" />
              </lines>
            </method>
          </methods>
          <lines>
            <line number="9" hits="0" branch="False" />
            <line number="10" hits="0" branch="False" />
            <line number="11" hits="0" branch="False" />
            <line number="12" hits="0" branch="False" />
            <line number="13" hits="0" branch="False" />
            <line number="14" hits="0" branch="False" />
            <line number="15" hits="0" branch="False" />
            <line number="16" hits="0" branch="False" />
            <line number="17" hits="0" branch="False" />
            <line number="18" hits="0" branch="False" />
            <line number="19" hits="0" branch="False" />
            <line number="20" hits="0" branch="False" />
            <line number="21" hits="0" branch="False" />
            <line number="22" hits="0" branch="False" />
            <line number="23" hits="0" branch="False" />
            <line number="8" hits="0" branch="False" />
          </lines>
        </class>
        <class name="SauronSheet.Application.Services.ResolutionResult" filename="SauronSheet.Application\Services\ResolutionResult.cs" line-rate="1" branch-rate="1" complexity="4">
          <methods>
            <method name="get_CategoryId" signature="()" line-rate="1" branch-rate="1" complexity="1">
              <lines>
                <line number="11" hits="38" branch="False" />
              </lines>
            </method>
            <method name="get_SubcategoryId" signature="()" line-rate="1" branch-rate="1" complexity="1">
              <lines>
                <line number="12" hits="24" branch="False" />
              </lines>
            </method>
            <method name="get_CategorySource" signature="()" line-rate="1" branch-rate="1" complexity="1">
              <lines>
                <line number="13" hits="79" branch="False" />
              </lines>
            </method>
            <method name=".ctor" signature="(SauronSheet.Domain.ValueObjects.CategoryId,SauronSheet.Domain.ValueObjects.SubcategoryId,SauronSheet.Domain.ValueObjects.CategorySource)" line-rate="1" branch-rate="1" complexity="1">
              <lines>
                <line number="10" hits="44" branch="False" />
              </lines>
            </method>
          </methods>
          <lines>
            <line number="11" hits="38" branch="False" />
            <line number="12" hits="24" branch="False" />
            <line number="13" hits="79" branch="False" />
            <line number="10" hits="44" branch="False" />
          </lines>
        </class>
        <class name="SauronSheet.Application.Helpers.SpainDateTime" filename="SauronSheet.Application\Helpers\SpainDateTime.cs" line-rate="1" branch-rate="0.75" complexity="6">
          <methods>
            <method name="ResolveSpainTimeZone" signature="()" line-rate="1" branch-rate="0.5" complexity="2">
              <lines>
                <line number="16" hits="1" branch="False" />
                <line number="17" hits="1" branch="True" condition-coverage="50% (1/2)">
                  <conditions>
                    <condition number="6" type="jump" coverage="50%" />
                  </conditions>
                </line>
                <line number="18" hits="1" branch="False" />
                <line number="19" hits="1" branch="False" />
              </lines>
            </method>
            <method name="ToSpainLocal" signature="(System.DateTime)" line-rate="1" branch-rate="1" complexity="2">
              <lines>
                <line number="26" hits="309" branch="False" />
                <line number="30" hits="309" branch="True" condition-coverage="100% (2/2)">
                  <conditions>
                    <condition number="13" type="jump" coverage="100%" />
                  </conditions>
                </line>
                <line number="31" hits="284" branch="False" />
                <line number="32" hits="284" branch="False" />
                <line number="33" hits="284" branch="False" />
                <line number="38" hits="309" branch="False" />
                <line number="39" hits="309" branch="False" />
              </lines>
            </method>
            <method name="GetSpainMonth" signature="(System.DateTime)" line-rate="1" branch-rate="1" complexity="1">
              <lines>
                <line number="46" hits="14" branch="False" />
                <line number="47" hits="14" branch="False" />
                <line number="48" hits="14" branch="False" />
              </lines>
            </method>
            <method name=".cctor" signature="()" line-rate="1" branch-rate="1" complexity="1">
              <lines>
                <line number="13" hits="1" branch="False" />
              </lines>
            </method>
          </methods>
          <lines>
            <line number="16" hits="1" branch="False" />
            <line number="17" hits="1" branch="True" condition-coverage="50% (1/2)">
              <conditions>
                <condition number="6" type="jump" coverage="50%" />
              </conditions>
            </line>
            <line number="18" hits="1" branch="False" />
            <line number="19" hits="1" branch="False" />
            <line number="26" hits="309" branch="False" />
            <line number="30" hits="309" branch="True" condition-coverage="100% (2/2)">
              <conditions>
                <condition number="13" type="jump" coverage="100%" />
              </conditions>
            </line>
            <line number="31" hits="284" branch="False" />
            <line number="32" hits="284" branch="False" />
            <line number="33" hits="284" branch="False" />
            <line number="38" hits="309" branch="False" />
            <line number="39" hits="309" branch="False" />
            <line number="46" hits="14" branch="False" />
            <line number="47" hits="14" branch="False" />
            <line number="48" hits="14" branch="False" />
            <line number="13" hits="1" branch="False" />
          </lines>
        </class>
        <class name="SauronSheet.Application.Features.Transactions.Queries.GetDistinctImportedSourcesQuery" filename="SauronSheet.Application\Features\Transactions\Queries\GetDistinctImportedSourcesQuery.cs" line-rate="1" branch-rate="1" complexity="1">
          <methods>
            <method name=".ctor" signature="()" line-rate="1" branch-rate="1" complexity="1">
              <lines>
                <line number="10" hits="4" branch="False" />
              </lines>
            </method>
          </methods>
          <lines>
            <line number="10" hits="4" branch="False" />
          </lines>
        </class>
        <class name="SauronSheet.Application.Features.Transactions.Queries.GetDistinctImportedSourcesQueryHandler" filename="SauronSheet.Application\Features\Transactions\Queries\GetDistinctImportedSourcesQueryHandler.cs" line-rate="1" branch-rate="1" complexity="1">
          <methods>
            <method name=".ctor" signature="(SauronSheet.Domain.Repositories.ITransactionRepository,SauronSheet.Domain.Common.IUserContext)" line-rate="1" branch-rate="1" complexity="1">
              <lines>
                <line number="25" hits="4" branch="False" />
                <line number="26" hits="4" branch="False" />
                <line number="27" hits="4" branch="False" />
                <line number="28" hits="4" branch="False" />
                <line number="29" hits="4" branch="False" />
                <line number="30" hits="4" branch="False" />
                <line number="31" hits="4" branch="False" />
              </lines>
            </method>
          </methods>
          <lines>
            <line number="25" hits="4" branch="False" />
            <line number="26" hits="4" branch="False" />
            <line number="27" hits="4" branch="False" />
            <line number="28" hits="4" branch="False" />
            <line number="29" hits="4" branch="False" />
            <line number="30" hits="4" branch="False" />
            <line number="31" hits="4" branch="False" />
          </lines>
        </class>
        <class name="SauronSheet.Application.Features.Transactions.Queries.GetDistinctImportedSourcesQueryHandler/&lt;&gt;c" filename="SauronSheet.Application\Features\Transactions\Queries\GetDistinctImportedSourcesQueryHandler.cs" line-rate="1" branch-rate="1" complexity="4">
          <methods>
            <method name="&lt;Handle&gt;b__3_0" signature="(SauronSheet.Domain.Entities.Transaction)" line-rate="1" branch-rate="1" complexity="1">
              <lines>
                <line number="42" hits="10" branch="False" />
              </lines>
            </method>
            <method name="&lt;Handle&gt;b__3_1" signature="(System.String)" line-rate="1" branch-rate="1" complexity="1">
              <lines>
                <line number="43" hits="10" branch="False" />
              </lines>
            </method>
            <method name="&lt;Handle&gt;b__3_2" signature="(System.String)" line-rate="1" branch-rate="1" complexity="1">
              <lines>
                <line number="44" hits="8" branch="False" />
              </lines>
            </method>
            <method name="&lt;Handle&gt;b__3_3" signature="(System.String)" line-rate="1" branch-rate="1" complexity="1">
              <lines>
                <line number="46" hits="3" branch="False" />
              </lines>
            </method>
          </methods>
          <lines>
            <line number="42" hits="10" branch="False" />
            <line number="43" hits="10" branch="False" />
            <line number="44" hits="8" branch="False" />
            <line number="46" hits="3" branch="False" />
          </lines>
        </class>
        <class name="SauronSheet.Application.Features.Transactions.Queries.GetDistinctImportedSourcesQueryHandler/&lt;Handle&gt;d__3" filename="SauronSheet.Application\Features\Transactions\Queries\GetDistinctImportedSourcesQueryHandler.cs" line-rate="1" branch-rate="1" complexity="1">
          <methods>
            <method name="MoveNext" signature="()" line-rate="1" branch-rate="1" complexity="1">
              <lines>
                <line number="36" hits="4" branch="False" />
                <line number="37" hits="4" branch="False" />
                <line number="38" hits="4" branch="False" />
                <line number="39" hits="4" branch="False" />
                <line number="41" hits="4" branch="False" />
                <line number="45" hits="4" branch="False" />
                <line number="47" hits="4" branch="False" />
                <line number="48" hits="4" branch="False" />
              </lines>
            </method>
          </methods>
          <lines>
            <line number="36" hits="4" branch="False" />
            <line number="37" hits="4" branch="False" />
            <line number="38" hits="4" branch="False" />
            <line number="39" hits="4" branch="False" />
            <line number="41" hits="4" branch="False" />
            <line number="45" hits="4" branch="False" />
            <line number="47" hits="4" branch="False" />
            <line number="48" hits="4" branch="False" />
          </lines>
        </class>
        <class name="SauronSheet.Application.Features.Transactions.Queries.GetRecentTransactionsQuery" filename="SauronSheet.Application\Features\Transactions\Queries\GetRecentTransactionsQuery.cs" line-rate="1" branch-rate="1" complexity="1">
          <methods>
            <method name="get_Count" signature="()" line-rate="1" branch-rate="1" complexity="1">
              <lines>
                <line number="10" hits="12" branch="False" />
              </lines>
            </method>
          </methods>
          <lines>
            <line number="10" hits="12" branch="False" />
          </lines>
        </class>
        <class name="SauronSheet.Application.Features.Transactions.Queries.GetRecentTransactionsQueryHandler" filename="SauronSheet.Application\Features\Transactions\Queries\GetRecentTransactionsQueryHandler.cs" line-rate="1" branch-rate="1" complexity="1">
          <methods>
            <method name=".ctor" signature="(SauronSheet.Domain.Repositories.ITransactionRepository,SauronSheet.Domain.Repositories.ICategoryRepository,SauronSheet.Domain.Repositories.ISubcategoryRepository,SauronSheet.Domain.Common.IUserContext)" line-rate="1" branch-rate="1" complexity="1">
              <lines>
                <line number="30" hits="6" branch="False" />
                <line number="31" hits="6" branch="False" />
                <line number="32" hits="6" branch="False" />
                <line number="33" hits="6" branch="False" />
                <line number="34" hits="6" branch="False" />
                <line number="35" hits="6" branch="False" />
                <line number="36" hits="6" branch="False" />
                <line number="37" hits="6" branch="False" />
                <line number="38" hits="6" branch="False" />
                <line number="39" hits="6" branch="False" />
                <line number="40" hits="6" branch="False" />
              </lines>
            </method>
          </methods>
          <lines>
            <line number="30" hits="6" branch="False" />
            <line number="31" hits="6" branch="False" />
            <line number="32" hits="6" branch="False" />
            <line number="33" hits="6" branch="False" />
            <line number="34" hits="6" branch="False" />
            <line number="35" hits="6" branch="False" />
            <line number="36" hits="6" branch="False" />
            <line number="37" hits="6" branch="False" />
            <line number="38" hits="6" branch="False" />
            <line number="39" hits="6" branch="False" />
            <line number="40" hits="6" branch="False" />
          </lines>
        </class>
        <class name="SauronSheet.Application.Features.Transactions.Queries.GetRecentTransactionsQueryHandler/&lt;&gt;c" filename="SauronSheet.Application\Features\Transactions\Queries\GetRecentTransactionsQueryHandler.cs" line-rate="1" branch-rate="1" complexity="3">
          <methods>
            <method name="&lt;Handle&gt;b__5_0" signature="(SauronSheet.Domain.Entities.Category)" line-rate="1" branch-rate="1" complexity="1">
              <lines>
                <line number="53" hits="6" branch="False" />
              </lines>
            </method>
            <method name="&lt;Handle&gt;b__5_2" signature="(SauronSheet.Domain.Entities.Subcategory)" line-rate="1" branch-rate="1" complexity="1">
              <lines>
                <line number="58" hits="8" branch="False" />
              </lines>
            </method>
            <method name="&lt;Handle&gt;b__5_4" signature="(SauronSheet.Domain.Entities.Transaction)" line-rate="1" branch-rate="1" complexity="1">
              <lines>
                <line number="61" hits="26" branch="False" />
              </lines>
            </method>
          </methods>
          <lines>
            <line number="53" hits="6" branch="False" />
            <line number="58" hits="8" branch="False" />
            <line number="61" hits="26" branch="False" />
          </lines>
        </class>
        <class name="SauronSheet.Application.Features.Transactions.Queries.GetRecentTransactionsQueryHandler/&lt;&gt;c__DisplayClass5_0" filename="SauronSheet.Application\Features\Transactions\Queries\GetRecentTransactionsQueryHandler.cs" line-rate="1" branch-rate="0.75" complexity="12">
          <methods>
            <method name="&lt;Handle&gt;b__5" signature="(SauronSheet.Domain.Entities.Transaction)" line-rate="1" branch-rate="0.75" complexity="12">
              <lines>
                <line number="63" hits="16" branch="True" condition-coverage="75% (9/12)">
                  <conditions>
                    <condition number="57" type="jump" coverage="50%" />
                    <condition number="89" type="jump" coverage="50%" />
                    <condition number="105" type="jump" coverage="50%" />
                    <condition number="142" type="jump" coverage="100%" />
                    <condition number="180" type="jump" coverage="100%" />
                    <condition number="201" type="jump" coverage="100%" />
                  </conditions>
                </line>
                <line number="64" hits="16" branch="False" />
                <line number="65" hits="16" branch="False" />
                <line number="66" hits="16" branch="False" />
                <line number="67" hits="16" branch="False" />
                <line number="68" hits="16" branch="False" />
                <line number="69" hits="16" branch="False" />
                <line number="70" hits="16" branch="False" />
                <line number="71" hits="16" branch="False" />
                <line number="72" hits="16" branch="False" />
                <line number="73" hits="16" branch="False" />
                <line number="74" hits="16" branch="False" />
                <line number="75" hits="16" branch="False" />
                <line number="76" hits="16" branch="False" />
                <line number="77" hits="16" branch="False" />
                <line number="78" hits="16" branch="False" />
                <line number="79" hits="16" branch="False" />
                <line number="80" hits="16" branch="False" />
                <line number="81" hits="16" branch="False" />
              </lines>
            </method>
          </methods>
          <lines>
            <line number="63" hits="16" branch="True" condition-coverage="75% (9/12)">
              <conditions>
                <condition number="57" type="jump" coverage="50%" />
                <condition number="89" type="jump" coverage="50%" />
                <condition number="105" type="jump" coverage="50%" />
                <condition number="142" type="jump" coverage="100%" />
                <condition number="180" type="jump" coverage="100%" />
                <condition number="201" type="jump" coverage="100%" />
              </conditions>
            </line>
            <line number="64" hits="16" branch="False" />
            <line number="65" hits="16" branch="False" />
            <line number="66" hits="16" branch="False" />
            <line number="67" hits="16" branch="False" />
            <line number="68" hits="16" branch="False" />
            <line number="69" hits="16" branch="False" />
            <line number="70" hits="16" branch="False" />
            <line number="71" hits="16" branch="False" />
            <line number="72" hits="16" branch="False" />
            <line number="73" hits="16" branch="False" />
            <line number="74" hits="16" branch="False" />
            <line number="75" hits="16" branch="False" />
            <line number="76" hits="16" branch="False" />
            <line number="77" hits="16" branch="False" />
            <line number="78" hits="16" branch="False" />
            <line number="79" hits="16" branch="False" />
            <line number="80" hits="16" branch="False" />
            <line number="81" hits="16" branch="False" />
          </lines>
        </class>
        <class name="SauronSheet.Application.Features.Transactions.Queries.GetRecentTransactionsQueryHandler/&lt;Handle&gt;d__5" filename="SauronSheet.Application\Features\Transactions\Queries\GetRecentTransactionsQueryHandler.cs" line-rate="1" branch-rate="1" complexity="1">
          <methods>
            <method name="MoveNext" signature="()" line-rate="1" branch-rate="1" complexity="1">
              <lines>
                <line number="45" hits="6" branch="False" />
                <line number="46" hits="6" branch="False" />
                <line number="48" hits="6" branch="False" />
                <line number="49" hits="6" branch="False" />
                <line number="52" hits="6" branch="False" />
                <line number="57" hits="6" branch="False" />
                <line number="60" hits="6" branch="False" />
                <line number="62" hits="6" branch="False" />
                <line number="82" hits="6" branch="False" />
                <line number="84" hits="6" branch="False" />
                <line number="85" hits="6" branch="False" />
              </lines>
            </method>
          </methods>
          <lines>
            <line number="45" hits="6" branch="False" />
            <line number="46" hits="6" branch="False" />
            <line number="48" hits="6" branch="False" />
            <line number="49" hits="6" branch="False" />
            <line number="52" hits="6" branch="False" />
            <line number="57" hits="6" branch="False" />
            <line number="60" hits="6" branch="False" />
            <line number="62" hits="6" branch="False" />
            <line number="82" hits="6" branch="False" />
            <line number="84" hits="6" branch="False" />
            <line number="85" hits="6" branch="False" />
          </lines>
        </class>
        <class name="SauronSheet.Application.Features.Transactions.Queries.GetTransactionByIdQuery" filename="SauronSheet.Application\Features\Transactions\Queries\GetTransactionByIdQuery.cs" line-rate="1" branch-rate="1" complexity="1">
          <methods>
            <method name="get_TransactionId" signature="()" line-rate="1" branch-rate="1" complexity="1">
              <lines>
                <line number="12" hits="8" branch="False" />
              </lines>
            </method>
          </methods>
          <lines>
            <line number="12" hits="8" branch="False" />
          </lines>
        </class>
        <class name="SauronSheet.Application.Features.Transactions.Queries.GetTransactionByIdQueryHandler" filename="SauronSheet.Application\Features\Transactions\Queries\GetTransactionByIdQueryHandler.cs" line-rate="1" branch-rate="1" complexity="1">
          <methods>
            <method name=".ctor" signature="(SauronSheet.Domain.Repositories.ITransactionRepository,SauronSheet.Domain.Repositories.ICategoryRepository,SauronSheet.Domain.Repositories.ISubcategoryRepository,SauronSheet.Domain.Common.IUserContext)" line-rate="1" branch-rate="1" complexity="1">
              <lines>
                <line number="26" hits="3" branch="False" />
                <line number="27" hits="3" branch="False" />
                <line number="28" hits="3" branch="False" />
                <line number="29" hits="3" branch="False" />
                <line number="30" hits="3" branch="False" />
                <line number="31" hits="3" branch="False" />
                <line number="32" hits="3" branch="False" />
                <line number="33" hits="3" branch="False" />
                <line number="34" hits="3" branch="False" />
                <line number="35" hits="3" branch="False" />
                <line number="36" hits="3" branch="False" />
              </lines>
            </method>
          </methods>
          <lines>
            <line number="26" hits="3" branch="False" />
            <line number="27" hits="3" branch="False" />
            <line number="28" hits="3" branch="False" />
            <line number="29" hits="3" branch="False" />
            <line number="30" hits="3" branch="False" />
            <line number="31" hits="3" branch="False" />
            <line number="32" hits="3" branch="False" />
            <line number="33" hits="3" branch="False" />
            <line number="34" hits="3" branch="False" />
            <line number="35" hits="3" branch="False" />
            <line number="36" hits="3" branch="False" />
          </lines>
        </class>
        <class name="SauronSheet.Application.Features.Transactions.Queries.GetTransactionByIdQueryHandler/&lt;Handle&gt;d__5" filename="SauronSheet.Application\Features\Transactions\Queries\GetTransactionByIdQueryHandler.cs" line-rate="1" branch-rate="0.75" complexity="16">
          <methods>
            <method name="MoveNext" signature="()" line-rate="1" branch-rate="0.75" complexity="16">
              <lines>
                <line number="41" hits="3" branch="False" />
                <line number="42" hits="3" branch="False" />
                <line number="43" hits="3" branch="False" />
                <line number="45" hits="3" branch="False" />
                <line number="48" hits="3" branch="True" condition-coverage="100% (4/4)">
                  <conditions>
                    <condition number="240" type="jump" coverage="100%" />
                    <condition number="271" type="jump" coverage="100%" />
                  </conditions>
                </line>
                <line number="49" hits="2" branch="False" />
                <line number="52" hits="1" branch="False" />
                <line number="53" hits="1" branch="True" condition-coverage="100% (2/2)">
                  <conditions>
                    <condition number="337" type="jump" coverage="100%" />
                  </conditions>
                </line>
                <line number="54" hits="1" branch="False" />
                <line number="55" hits="1" branch="False" />
                <line number="56" hits="1" branch="True" condition-coverage="50% (1/2)">
                  <conditions>
                    <condition number="490" type="jump" coverage="50%" />
                  </conditions>
                </line>
                <line number="57" hits="1" branch="False" />
                <line number="60" hits="1" branch="False" />
                <line number="61" hits="1" branch="True" condition-coverage="100% (2/2)">
                  <conditions>
                    <condition number="556" type="jump" coverage="100%" />
                  </conditions>
                </line>
                <line number="62" hits="1" branch="False" />
                <line number="63" hits="1" branch="False" />
                <line number="64" hits="1" branch="True" condition-coverage="50% (1/2)">
                  <conditions>
                    <condition number="709" type="jump" coverage="50%" />
                  </conditions>
                </line>
                <line number="65" hits="1" branch="False" />
                <line number="67" hits="1" branch="True" condition-coverage="50% (2/4)">
                  <conditions>
                    <condition number="825" type="jump" coverage="50%" />
                    <condition number="912" type="jump" coverage="50%" />
                  </conditions>
                </line>
                <line number="68" hits="1" branch="False" />
                <line number="69" hits="1" branch="False" />
                <line number="70" hits="1" branch="False" />
                <line number="71" hits="1" branch="False" />
                <line number="72" hits="1" branch="False" />
                <line number="73" hits="1" branch="False" />
                <line number="74" hits="1" branch="False" />
                <line number="75" hits="1" branch="False" />
                <line number="76" hits="1" branch="False" />
                <line number="77" hits="1" branch="False" />
                <line number="78" hits="1" branch="False" />
                <line number="79" hits="1" branch="False" />
                <line number="80" hits="1" branch="False" />
                <line number="81" hits="1" branch="False" />
                <line number="82" hits="1" branch="False" />
              </lines>
            </method>
          </methods>
          <lines>
            <line number="41" hits="3" branch="False" />
            <line number="42" hits="3" branch="False" />
            <line number="43" hits="3" branch="False" />
            <line number="45" hits="3" branch="False" />
            <line number="48" hits="3" branch="True" condition-coverage="100% (4/4)">
              <conditions>
                <condition number="240" type="jump" coverage="100%" />
                <condition number="271" type="jump" coverage="100%" />
              </conditions>
            </line>
            <line number="49" hits="2" branch="False" />
            <line number="52" hits="1" branch="False" />
            <line number="53" hits="1" branch="True" condition-coverage="100% (2/2)">
              <conditions>
                <condition number="337" type="jump" coverage="100%" />
              </conditions>
            </line>
            <line number="54" hits="1" branch="False" />
            <line number="55" hits="1" branch="False" />
            <line number="56" hits="1" branch="True" condition-coverage="50% (1/2)">
              <conditions>
                <condition number="490" type="jump" coverage="50%" />
              </conditions>
            </line>
            <line number="57" hits="1" branch="False" />
            <line number="60" hits="1" branch="False" />
            <line number="61" hits="1" branch="True" condition-coverage="100% (2/2)">
              <conditions>
                <condition number="556" type="jump" coverage="100%" />
              </conditions>
            </line>
            <line number="62" hits="1" branch="False" />
            <line number="63" hits="1" branch="False" />
            <line number="64" hits="1" branch="True" condition-coverage="50% (1/2)">
              <conditions>
                <condition number="709" type="jump" coverage="50%" />
              </conditions>
            </line>
            <line number="65" hits="1" branch="False" />
            <line number="67" hits="1" branch="True" condition-coverage="50% (2/4)">
              <conditions>
                <condition number="825" type="jump" coverage="50%" />
                <condition number="912" type="jump" coverage="50%" />
              </conditions>
            </line>
            <line number="68" hits="1" branch="False" />
            <line number="69" hits="1" branch="False" />
            <line number="70" hits="1" branch="False" />
            <line number="71" hits="1" branch="False" />
            <line number="72" hits="1" branch="False" />
            <line number="73" hits="1" branch="False" />
            <line number="74" hits="1" branch="False" />
            <line number="75" hits="1" branch="False" />
            <line number="76" hits="1" branch="False" />
            <line number="77" hits="1" branch="False" />
            <line number="78" hits="1" branch="False" />
            <line number="79" hits="1" branch="False" />
            <line number="80" hits="1" branch="False" />
            <line number="81" hits="1" branch="False" />
            <line number="82" hits="1" branch="False" />
          </lines>
        </class>
        <class name="SauronSheet.Application.Features.Transactions.Queries.GetTransactionDateRangeQuery" filename="SauronSheet.Application\Features\Transactions\Queries\GetTransactionDateRangeQuery.cs" line-rate="0" branch-rate="1" complexity="1">
          <methods>
            <method name=".ctor" signature="()" line-rate="0" branch-rate="1" complexity="1">
              <lines>
                <line number="10" hits="0" branch="False" />
              </lines>
            </method>
          </methods>
          <lines>
            <line number="10" hits="0" branch="False" />
          </lines>
        </class>
        <class name="SauronSheet.Application.Features.Transactions.Queries.GetTransactionDateRangeQueryHandler" filename="SauronSheet.Application\Features\Transactions\Queries\GetTransactionDateRangeQueryHandler.cs" line-rate="0" branch-rate="1" complexity="1">
          <methods>
            <method name=".ctor" signature="(SauronSheet.Domain.Repositories.ITransactionRepository,SauronSheet.Domain.Common.IUserContext)" line-rate="0" branch-rate="1" complexity="1">
              <lines>
                <line number="20" hits="0" branch="False" />
                <line number="21" hits="0" branch="False" />
                <line number="22" hits="0" branch="False" />
                <line number="23" hits="0" branch="False" />
                <line number="24" hits="0" branch="False" />
                <line number="25" hits="0" branch="False" />
                <line number="26" hits="0" branch="False" />
              </lines>
            </method>
          </methods>
          <lines>
            <line number="20" hits="0" branch="False" />
            <line number="21" hits="0" branch="False" />
            <line number="22" hits="0" branch="False" />
            <line number="23" hits="0" branch="False" />
            <line number="24" hits="0" branch="False" />
            <line number="25" hits="0" branch="False" />
            <line number="26" hits="0" branch="False" />
          </lines>
        </class>
        <class name="SauronSheet.Application.Features.Transactions.Queries.GetTransactionDateRangeQueryHandler/&lt;Handle&gt;d__3" filename="SauronSheet.Application\Features\Transactions\Queries\GetTransactionDateRangeQueryHandler.cs" line-rate="0" branch-rate="1" complexity="1">
          <methods>
            <method name="MoveNext" signature="()" line-rate="0" branch-rate="1" complexity="1">
              <lines>
                <line number="31" hits="0" branch="False" />
                <line number="32" hits="0" branch="False" />
                <line number="33" hits="0" branch="False" />
                <line number="34" hits="0" branch="False" />
              </lines>
            </method>
          </methods>
          <lines>
            <line number="31" hits="0" branch="False" />
            <line number="32" hits="0" branch="False" />
            <line number="33" hits="0" branch="False" />
            <line number="34" hits="0" branch="False" />
          </lines>
        </class>
        <class name="SauronSheet.Application.Features.Transactions.Queries.GetTransactionsQuery" filename="SauronSheet.Application\Features\Transactions\Queries\GetTransactionsQuery.cs" line-rate="1" branch-rate="1" complexity="7">
          <methods>
            <method name="get_PageNumber" signature="()" line-rate="1" branch-rate="1" complexity="1">
              <lines>
                <line number="7" hits="10" branch="False" />
              </lines>
            </method>
            <method name="get_PageSize" signature="()" line-rate="1" branch-rate="1" complexity="1">
              <lines>
                <line number="8" hits="20" branch="False" />
              </lines>
            </method>
            <method name="get_CategoryId" signature="()" line-rate="1" branch-rate="1" complexity="1">
              <lines>
                <line number="9" hits="5" branch="False" />
              </lines>
            </method>
            <method name="get_StartDate" signature="()" line-rate="1" branch-rate="1" complexity="1">
              <lines>
                <line number="10" hits="10" branch="False" />
              </lines>
            </method>
            <method name="get_EndDate" signature="()" line-rate="1" branch-rate="1" complexity="1">
              <lines>
                <line number="11" hits="5" branch="False" />
              </lines>
            </method>
            <method name="get_ImportedFrom" signature="()" line-rate="1" branch-rate="1" complexity="1">
              <lines>
                <line number="12" hits="10" branch="False" />
              </lines>
            </method>
            <method name=".ctor" signature="(System.Int32,System.Int32,System.Nullable`1&lt;System.Guid&gt;,System.Nullable`1&lt;System.DateTime&gt;,System.Nullable`1&lt;System.DateTime&gt;,System.String)" line-rate="1" branch-rate="1" complexity="1">
              <lines>
                <line number="6" hits="5" branch="False" />
              </lines>
            </method>
          </methods>
          <lines>
            <line number="7" hits="10" branch="False" />
            <line number="8" hits="20" branch="False" />
            <line number="9" hits="5" branch="False" />
            <line number="10" hits="10" branch="False" />
            <line number="11" hits="5" branch="False" />
            <line number="12" hits="10" branch="False" />
            <line number="6" hits="5" branch="False" />
          </lines>
        </class>
        <class name="SauronSheet.Application.Features.Transactions.Queries.GetTransactionsQueryHandler" filename="SauronSheet.Application\Features\Transactions\Queries\GetTransactionsQueryHandler.cs" line-rate="1" branch-rate="1" complexity="1">
          <methods>
            <method name=".ctor" signature="(SauronSheet.Domain.Repositories.ITransactionRepository,SauronSheet.Domain.Repositories.ICategoryRepository,SauronSheet.Domain.Repositories.ISubcategoryRepository,SauronSheet.Domain.Common.IUserContext)" line-rate="1" branch-rate="1" complexity="1">
              <lines>
                <line number="24" hits="5" branch="False" />
                <line number="25" hits="5" branch="False" />
                <line number="26" hits="5" branch="False" />
                <line number="27" hits="5" branch="False" />
                <line number="28" hits="5" branch="False" />
                <line number="29" hits="5" branch="False" />
                <line number="30" hits="5" branch="False" />
                <line number="31" hits="5" branch="False" />
                <line number="32" hits="5" branch="False" />
                <line number="33" hits="5" branch="False" />
                <line number="34" hits="5" branch="False" />
              </lines>
            </method>
          </methods>
          <lines>
            <line number="24" hits="5" branch="False" />
            <line number="25" hits="5" branch="False" />
            <line number="26" hits="5" branch="False" />
            <line number="27" hits="5" branch="False" />
            <line number="28" hits="5" branch="False" />
            <line number="29" hits="5" branch="False" />
            <line number="30" hits="5" branch="False" />
            <line number="31" hits="5" branch="False" />
            <line number="32" hits="5" branch="False" />
            <line number="33" hits="5" branch="False" />
            <line number="34" hits="5" branch="False" />
          </lines>
        </class>
        <class name="SauronSheet.Application.Features.Transactions.Queries.GetTransactionsQueryHandler/&lt;&gt;c" filename="SauronSheet.Application\Features\Transactions\Queries\GetTransactionsQueryHandler.cs" line-rate="1" branch-rate="1" complexity="3">
          <methods>
            <method name="&lt;Handle&gt;b__5_0" signature="(SauronSheet.Domain.Entities.Transaction)" line-rate="1" branch-rate="1" complexity="1">
              <lines>
                <line number="88" hits="11" branch="False" />
              </lines>
            </method>
            <method name="&lt;Handle&gt;b__5_1" signature="(SauronSheet.Domain.Entities.Category)" line-rate="1" branch-rate="1" complexity="1">
              <lines>
                <line number="100" hits="7" branch="False" />
              </lines>
            </method>
            <method name="&lt;Handle&gt;b__5_3" signature="(SauronSheet.Domain.Entities.Subcategory)" line-rate="1" branch-rate="1" complexity="1">
              <lines>
                <line number="105" hits="7" branch="False" />
              </lines>
            </method>
          </methods>
          <lines>
            <line number="88" hits="11" branch="False" />
            <line number="100" hits="7" branch="False" />
            <line number="105" hits="7" branch="False" />
          </lines>
        </class>
        <class name="SauronSheet.Application.Features.Transactions.Queries.GetTransactionsQueryHandler/&lt;&gt;c__DisplayClass5_0" filename="SauronSheet.Application\Features\Transactions\Queries\GetTransactionsQueryHandler.cs" line-rate="1" branch-rate="1" complexity="12">
          <methods>
            <method name="&lt;Handle&gt;b__5" signature="(SauronSheet.Domain.Entities.Transaction)" line-rate="1" branch-rate="1" complexity="12">
              <lines>
                <line number="107" hits="11" branch="True" condition-coverage="100% (12/12)">
                  <conditions>
                    <condition number="57" type="jump" coverage="100%" />
                    <condition number="89" type="jump" coverage="100%" />
                    <condition number="105" type="jump" coverage="100%" />
                    <condition number="142" type="jump" coverage="100%" />
                    <condition number="180" type="jump" coverage="100%" />
                    <condition number="201" type="jump" coverage="100%" />
                  </conditions>
                </line>
                <line number="108" hits="11" branch="False" />
                <line number="109" hits="11" branch="False" />
                <line number="110" hits="11" branch="False" />
                <line number="111" hits="11" branch="False" />
                <line number="112" hits="11" branch="False" />
                <line number="113" hits="11" branch="False" />
                <line number="114" hits="11" branch="False" />
                <line number="115" hits="11" branch="False" />
                <line number="116" hits="11" branch="False" />
                <line number="117" hits="11" branch="False" />
                <line number="118" hits="11" branch="False" />
                <line number="119" hits="11" branch="False" />
                <line number="120" hits="11" branch="False" />
                <line number="121" hits="11" branch="False" />
                <line number="122" hits="11" branch="False" />
                <line number="123" hits="11" branch="False" />
                <line number="124" hits="11" branch="False" />
                <line number="125" hits="11" branch="False" />
                <line number="126" hits="11" branch="False" />
              </lines>
            </method>
          </methods>
          <lines>
            <line number="107" hits="11" branch="True" condition-coverage="100% (12/12)">
              <conditions>
                <condition number="57" type="jump" coverage="100%" />
                <condition number="89" type="jump" coverage="100%" />
                <condition number="105" type="jump" coverage="100%" />
                <condition number="142" type="jump" coverage="100%" />
                <condition number="180" type="jump" coverage="100%" />
                <condition number="201" type="jump" coverage="100%" />
              </conditions>
            </line>
            <line number="108" hits="11" branch="False" />
            <line number="109" hits="11" branch="False" />
            <line number="110" hits="11" branch="False" />
            <line number="111" hits="11" branch="False" />
            <line number="112" hits="11" branch="False" />
            <line number="113" hits="11" branch="False" />
            <line number="114" hits="11" branch="False" />
            <line number="115" hits="11" branch="False" />
            <line number="116" hits="11" branch="False" />
            <line number="117" hits="11" branch="False" />
            <line number="118" hits="11" branch="False" />
            <line number="119" hits="11" branch="False" />
            <line number="120" hits="11" branch="False" />
            <line number="121" hits="11" branch="False" />
            <line number="122" hits="11" branch="False" />
            <line number="123" hits="11" branch="False" />
            <line number="124" hits="11" branch="False" />
            <line number="125" hits="11" branch="False" />
            <line number="126" hits="11" branch="False" />
          </lines>
        </class>
        <class name="SauronSheet.Application.Features.Transactions.Queries.GetTransactionsQueryHandler/&lt;Handle&gt;d__5" filename="SauronSheet.Application\Features\Transactions\Queries\GetTransactionsQueryHandler.cs" line-rate="0.423" branch-rate="0.375" complexity="16">
          <methods>
            <method name="MoveNext" signature="()" line-rate="0.423" branch-rate="0.375" complexity="16">
              <lines>
                <line number="39" hits="5" branch="False" />
                <line number="40" hits="5" branch="False" />
                <line number="43" hits="5" branch="False" />
                <line number="45" hits="5" branch="True" condition-coverage="50% (1/2)">
                  <conditions>
                    <condition number="119" type="jump" coverage="50%" />
                  </conditions>
                </line>
                <line number="46" hits="0" branch="False" />
                <line number="47" hits="0" branch="False" />
                <line number="48" hits="0" branch="False" />
                <line number="49" hits="0" branch="False" />
                <line number="51" hits="5" branch="True" condition-coverage="50% (2/4)">
                  <conditions>
                    <condition number="208" type="jump" coverage="50%" />
                    <condition number="237" type="jump" coverage="50%" />
                  </conditions>
                </line>
                <line number="52" hits="0" branch="False" />
                <line number="53" hits="0" branch="False" />
                <line number="54" hits="0" branch="False" />
                <line number="55" hits="0" branch="False" />
                <line number="56" hits="5" branch="True" condition-coverage="50% (1/2)">
                  <conditions>
                    <condition number="351" type="jump" coverage="50%" />
                  </conditions>
                </line>
                <line number="57" hits="0" branch="False" />
                <line number="58" hits="0" branch="False" />
                <line number="59" hits="0" branch="False" />
                <line number="60" hits="0" branch="False" />
                <line number="61" hits="5" branch="True" condition-coverage="50% (1/2)">
                  <conditions>
                    <condition number="447" type="jump" coverage="50%" />
                  </conditions>
                </line>
                <line number="62" hits="0" branch="False" />
                <line number="63" hits="0" branch="False" />
                <line number="64" hits="0" branch="False" />
                <line number="65" hits="0" branch="False" />
                <line number="67" hits="5" branch="True" condition-coverage="50% (1/2)">
                  <conditions>
                    <condition number="540" type="jump" coverage="50%" />
                  </conditions>
                </line>
                <line number="68" hits="0" branch="False" />
                <line number="70" hits="0" branch="False" />
                <line number="71" hits="0" branch="False" />
                <line number="73" hits="0" branch="True" condition-coverage="0% (0/2)">
                  <conditions>
                    <condition number="586" type="jump" coverage="0%" />
                  </conditions>
                </line>
                <line number="74" hits="0" branch="False" />
                <line number="75" hits="0" branch="False" />
                <line number="76" hits="0" branch="False" />
                <line number="77" hits="0" branch="False" />
                <line number="78" hits="0" branch="True" condition-coverage="0% (0/2)">
[...]
              <lines>
                <line number="95" hits="0" branch="False" />
                <line number="96" hits="0" branch="False" />
                <line number="97" hits="0" branch="False" />
                <line number="98" hits="0" branch="False" />
                <line number="99" hits="0" branch="False" />
                <line number="100" hits="0" branch="False" />
              </lines>
            </method>
            <method name="UpdateDescription" signature="(System.String)" line-rate="0" branch-rate="0" complexity="2">
              <lines>
                <line number="106" hits="0" branch="False" />
                <line number="107" hits="0" branch="True" condition-coverage="0% (0/2)">
                  <conditions>
                    <condition number="9" type="jump" coverage="0%" />
                  </conditions>
                </line>
                <line number="108" hits="0" branch="False" />
                <line number="110" hits="0" branch="False" />
                <line number="111" hits="0" branch="False" />
                <line number="112" hits="0" branch="False" />
              </lines>
            </method>
            <method name="Update" signature="(SauronSheet.Domain.ValueObjects.Money,System.DateTime,System.String,SauronSheet.Domain.ValueObjects.CategoryId,SauronSheet.Domain.ValueObjects.SubcategoryId,SauronSheet.Domain.ValueObjects.CategorySource)" line-rate="0.7646999999999999" branch-rate="0.5" complexity="10">
              <lines>
                <line number="125" hits="2" branch="False" />
                <line number="126" hits="2" branch="True" condition-coverage="50% (1/2)">
                  <conditions>
                    <condition number="9" type="jump" coverage="50%" />
                  </conditions>
                </line>
                <line number="127" hits="0" branch="False" />
                <line number="128" hits="2" branch="True" condition-coverage="50% (1/2)">
                  <conditions>
                    <condition number="37" type="jump" coverage="50%" />
                  </conditions>
                </line>
                <line number="129" hits="0" branch="False" />
                <line number="130" hits="2" branch="True" condition-coverage="50% (2/4)">
                  <conditions>
                    <condition number="61" type="jump" coverage="50%" />
                    <condition number="79" type="jump" coverage="50%" />
                  </conditions>
                </line>
                <line number="131" hits="0" branch="False" />
                <line number="132" hits="2" branch="True" condition-coverage="50% (1/2)">
                  <conditions>
                    <condition number="98" type="jump" coverage="50%" />
                  </conditions>
                </line>
                <line number="133" hits="0" branch="False" />
                <line number="135" hits="2" branch="False" />
                <line number="136" hits="2" branch="False" />
                <line number="137" hits="2" branch="False" />
                <line number="138" hits="2" branch="False" />
                <line number="139" hits="2" branch="False" />
                <line number="140" hits="2" branch="False" />
                <line number="141" hits="2" branch="False" />
                <line number="142" hits="2" branch="False" />
              </lines>
            </method>
            <method name=".ctor" signature="(SauronSheet.Domain.ValueObjects.TransactionId,SauronSheet.Domain.ValueObjects.UserId,SauronSheet.Domain.ValueObjects.Money,System.DateTime,System.String,SauronSheet.Domain.ValueObjects.CategoryId,System.String,System.String,System.String,SauronSheet.Domain.ValueObjects.SubcategoryId,SauronSheet.Domain.ValueObjects.CategorySource,System.Nullable`1&lt;System.Decimal&gt;)" line-rate="0.85" branch-rate="0.5" complexity="6">
              <lines>
                <line number="54" hits="443" branch="False" />
                <line number="55" hits="443" branch="False" />
                <line number="56" hits="443" branch="True" condition-coverage="50% (1/2)">
                  <conditions>
                    <condition number="18" type="jump" coverage="50%" />
                  </conditions>
                </line>
                <line number="57" hits="0" branch="False" />
                <line number="58" hits="443" branch="True" condition-coverage="50% (1/2)">
                  <conditions>
                    <condition number="37" type="jump" coverage="50%" />
                  </conditions>
                </line>
                <line number="59" hits="0" branch="False" />
                <line number="60" hits="443" branch="True" condition-coverage="50% (1/2)">
                  <conditions>
                    <condition number="59" type="jump" coverage="50%" />
                  </conditions>
                </line>
                <line number="61" hits="0" branch="False" />
                <line number="63" hits="443" branch="False" />
                <line number="64" hits="443" branch="False" />
                <line number="65" hits="443" branch="False" />
                <line number="66" hits="443" branch="False" />
                <line number="67" hits="443" branch="False" />
                <line number="68" hits="443" branch="False" />
                <line number="69" hits="443" branch="False" />
                <line number="70" hits="443" branch="False" />
                <line number="71" hits="443" branch="False" />
                <line number="72" hits="443" branch="False" />
                <line number="73" hits="443" branch="False" />
                <line number="74" hits="443" branch="False" />
              </lines>
            </method>
          </methods>
          <lines>
            <line number="13" hits="706" branch="False" />
            <line number="14" hits="1623" branch="False" />
            <line number="15" hits="1398" branch="False" />
            <line number="16" hits="541" branch="False" />
            <line number="17" hits="660" branch="False" />
            <line number="18" hits="516" branch="False" />
            <line number="21" hits="508" branch="False" />
            <line number="24" hits="508" branch="False" />
            <line number="27" hits="676" branch="False" />
            <line number="30" hits="513" branch="False" />
            <line number="33" hits="445" branch="False" />
            <line number="82" hits="2" branch="False" />
            <line number="83" hits="2" branch="False" />
            <line number="84" hits="2" branch="True" condition-coverage="100% (2/2)">
              <conditions>
                <condition number="18" type="jump" coverage="100%" />
              </conditions>
            </line>
            <line number="85" hits="1" branch="False" />
            <line number="87" hits="2" branch="False" />
            <line number="88" hits="2" branch="False" />
            <line number="95" hits="0" branch="False" />
            <line number="96" hits="0" branch="False" />
            <line number="97" hits="0" branch="False" />
            <line number="98" hits="0" branch="False" />
            <line number="99" hits="0" branch="False" />
            <line number="100" hits="0" branch="False" />
            <line number="106" hits="0" branch="False" />
            <line number="107" hits="0" branch="True" condition-coverage="0% (0/2)">
              <conditions>
                <condition number="9" type="jump" coverage="0%" />
              </conditions>
            </line>
            <line number="108" hits="0" branch="False" />
            <line number="110" hits="0" branch="False" />
            <line number="111" hits="0" branch="False" />
            <line number="112" hits="0" branch="False" />
            <line number="125" hits="2" branch="False" />
            <line number="126" hits="2" branch="True" condition-coverage="50% (1/2)">
              <conditions>
                <condition number="9" type="jump" coverage="50%" />
              </conditions>
            </line>
            <line number="127" hits="0" branch="False" />
            <line number="128" hits="2" branch="True" condition-coverage="50% (1/2)">
              <conditions>
                <condition number="37" type="jump" coverage="50%" />
              </conditions>
            </line>
            <line number="129" hits="0" branch="False" />
            <line number="130" hits="2" branch="True" condition-coverage="50% (2/4)">
              <conditions>
                <condition number="61" type="jump" coverage="50%" />
                <condition number="79" type="jump" coverage="50%" />
              </conditions>
            </line>
            <line number="131" hits="0" branch="False" />
            <line number="132" hits="2" branch="True" condition-coverage="50% (1/2)">
              <conditions>
                <condition number="98" type="jump" coverage="50%" />
              </conditions>
            </line>
            <line number="133" hits="0" branch="False" />
            <line number="135" hits="2" branch="False" />
            <line number="136" hits="2" branch="False" />
            <line number="137" hits="2" branch="False" />
            <line number="138" hits="2" branch="False" />
            <line number="139" hits="2" branch="False" />
            <line number="140" hits="2" branch="False" />
            <line number="141" hits="2" branch="False" />
            <line number="142" hits="2" branch="False" />
            <line number="54" hits="443" branch="False" />
            <line number="55" hits="443" branch="False" />
            <line number="56" hits="443" branch="True" condition-coverage="50% (1/2)">
              <conditions>
                <condition number="18" type="jump" coverage="50%" />
              </conditions>
            </line>
            <line number="57" hits="0" branch="False" />
            <line number="58" hits="443" branch="True" condition-coverage="50% (1/2)">
              <conditions>
                <condition number="37" type="jump" coverage="50%" />
              </conditions>
            </line>
            <line number="59" hits="0" branch="False" />
            <line number="60" hits="443" branch="True" condition-coverage="50% (1/2)">
              <conditions>
                <condition number="59" type="jump" coverage="50%" />
              </conditions>
            </line>
            <line number="61" hits="0" branch="False" />
            <line number="63" hits="443" branch="False" />
            <line number="64" hits="443" branch="False" />
            <line number="65" hits="443" branch="False" />
            <line number="66" hits="443" branch="False" />
            <line number="67" hits="443" branch="False" />
            <line number="68" hits="443" branch="False" />
            <line number="69" hits="443" branch="False" />
            <line number="70" hits="443" branch="False" />
            <line number="71" hits="443" branch="False" />
            <line number="72" hits="443" branch="False" />
            <line number="73" hits="443" branch="False" />
            <line number="74" hits="443" branch="False" />
          </lines>
        </class>
        <class name="SauronSheet.Domain.Common.AggregateRoot`1" filename="SauronSheet.Domain\Common\AggregateRoot.cs" line-rate="1" branch-rate="1" complexity="1">
          <methods>
            <method name=".ctor" signature="(TId)" line-rate="1" branch-rate="1" complexity="1">
              <lines>
                <line number="10" hits="624" branch="False" />
                <line number="11" hits="624" branch="False" />
                <line number="12" hits="624" branch="False" />
              </lines>
            </method>
          </methods>
          <lines>
            <line number="10" hits="624" branch="False" />
            <line number="11" hits="624" branch="False" />
            <line number="12" hits="624" branch="False" />
          </lines>
        </class>
        <class name="SauronSheet.Domain.Common.Entity`1" filename="SauronSheet.Domain\Common\Entity.cs" line-rate="0.6296" branch-rate="0.5" complexity="21">
          <methods>
            <method name="get_Id" signature="()" line-rate="1" branch-rate="1" complexity="1">
              <lines>
                <line number="10" hits="936" branch="False" />
              </lines>
            </method>
            <method name="get_CreatedAt" signature="()" line-rate="1" branch-rate="1" complexity="1">
              <lines>
                <line number="11" hits="703" branch="False" />
              </lines>
            </method>
            <method name="get_UpdatedAt" signature="()" line-rate="1" branch-rate="1" complexity="1">
              <lines>
                <line number="12" hits="666" branch="False" />
              </lines>
            </method>
            <method name="Equals" signature="(System.Object)" line-rate="0" branch-rate="0" complexity="4">
              <lines>
                <line number="29" hits="0" branch="False" />
                <line number="30" hits="0" branch="True" condition-coverage="0% (0/2)">
                  <conditions>
                    <condition number="17" type="jump" coverage="0%" />
                  </conditions>
                </line>
                <line number="31" hits="0" branch="False" />
                <line number="33" hits="0" branch="True" condition-coverage="0% (0/2)">
                  <conditions>
                    <condition number="40" type="jump" coverage="0%" />
                  </conditions>
                </line>
                <line number="34" hits="0" branch="False" />
              </lines>
            </method>
            <method name="GetHashCode" signature="()" line-rate="0" branch-rate="1" complexity="1">
              <lines>
                <line number="37" hits="0" branch="False" />
                <line number="38" hits="0" branch="False" />
                <line number="39" hits="0" branch="False" />
              </lines>
            </method>
            <method name="op_Equality" signature="(SauronSheet.Domain.Common.Entity`1&lt;TId&gt;,SauronSheet.Domain.Common.Entity`1&lt;TId&gt;)" line-rate="0.8" branch-rate="0.75" complexity="8">
              <lines>
                <line number="42" hits="85" branch="False" />
                <line number="43" hits="117" branch="True" condition-coverage="100% (4/4)">
                  <conditions>
                    <condition number="2" type="jump" coverage="100%" />
                    <condition number="13" type="jump" coverage="100%" />
                  </conditions>
                </line>
                <line number="44" hits="106" branch="True" condition-coverage="50% (2/4)">
                  <conditions>
                    <condition number="20" type="jump" coverage="50%" />
                    <condition number="31" type="jump" coverage="50%" />
                  </conditions>
                </line>
                <line number="45" hits="0" branch="False" />
                <line number="46" hits="85" branch="False" />
              </lines>
            </method>
            <method name="op_Inequality" signature="(SauronSheet.Domain.Common.Entity`1&lt;TId&gt;,SauronSheet.Domain.Common.Entity`1&lt;TId&gt;)" line-rate="1" branch-rate="1" complexity="1">
              <lines>
                <line number="49" hits="35" branch="False" />
                <line number="50" hits="35" branch="False" />
                <line number="51" hits="35" branch="False" />
              </lines>
            </method>
            <method name=".ctor" signature="(TId)" line-rate="0.875" branch-rate="0.5" complexity="4">
              <lines>
                <line number="18" hits="635" branch="False" />
                <line number="19" hits="635" branch="False" />
                <line number="20" hits="635" branch="True" condition-coverage="50% (2/4)">
                  <conditions>
                    <condition number="14" type="jump" coverage="50%" />
                    <condition number="41" type="jump" coverage="50%" />
                  </conditions>
                </line>
                <line number="21" hits="0" branch="False" />
                <line number="23" hits="635" branch="False" />
                <line number="24" hits="635" branch="False" />
                <line number="25" hits="635" branch="False" />
                <line number="26" hits="635" branch="False" />
              </lines>
            </method>
          </methods>
          <lines>
            <line number="10" hits="936" branch="False" />
            <line number="11" hits="703" branch="False" />
            <line number="12" hits="666" branch="False" />
            <line number="29" hits="0" branch="False" />
            <line number="30" hits="0" branch="True" condition-coverage="0% (0/2)">
              <conditions>
                <condition number="17" type="jump" coverage="0%" />
              </conditions>
            </line>
            <line number="31" hits="0" branch="False" />
            <line number="33" hits="0" branch="True" condition-coverage="0% (0/2)">
              <conditions>
                <condition number="40" type="jump" coverage="0%" />
              </conditions>
            </line>
            <line number="34" hits="0" branch="False" />
            <line number="37" hits="0" branch="False" />
            <line number="38" hits="0" branch="False" />
            <line number="39" hits="0" branch="False" />
            <line number="42" hits="85" branch="False" />
            <line number="43" hits="117" branch="True" condition-coverage="100% (4/4)">
              <conditions>
                <condition number="2" type="jump" coverage="100%" />
                <condition number="13" type="jump" coverage="100%" />
              </conditions>
            </line>
            <line number="44" hits="106" branch="True" condition-coverage="50% (2/4)">
              <conditions>
                <condition number="20" type="jump" coverage="50%" />
                <condition number="31" type="jump" coverage="50%" />
              </conditions>
            </line>
            <line number="45" hits="0" branch="False" />
            <line number="46" hits="85" branch="False" />
            <line number="49" hits="35" branch="False" />
            <line number="50" hits="35" branch="False" />
            <line number="51" hits="35" branch="False" />
            <line number="18" hits="635" branch="False" />
            <line number="19" hits="635" branch="False" />
            <line number="20" hits="635" branch="True" condition-coverage="50% (2/4)">
              <conditions>
                <condition number="14" type="jump" coverage="50%" />
                <condition number="41" type="jump" coverage="50%" />
              </conditions>
            </line>
            <line number="21" hits="0" branch="False" />
            <line number="23" hits="635" branch="False" />
            <line number="24" hits="635" branch="False" />
            <line number="25" hits="635" branch="False" />
            <line number="26" hits="635" branch="False" />
          </lines>
        </class>
        <class name="SauronSheet.Domain.Common.ValueObject" filename="SauronSheet.Domain\Common\ValueObject.cs" line-rate="0" branch-rate="1" complexity="1">
          <methods>
            <method name=".ctor" signature="(SauronSheet.Domain.Common.ValueObject)" line-rate="0" branch-rate="1" complexity="1">
              <lines>
                <line number="8" hits="0" branch="False" />
              </lines>
            </method>
          </methods>
          <lines>
            <line number="8" hits="0" branch="False" />
          </lines>
        </class>
      </classes>
    </package>
  </packages>
</coverage>