<?xml version="1.0" encoding="utf-8"?>
<coverage line-rate="0.7101000000000001" branch-rate="0.4959" version="1.9" timestamp="1779634015" lines-covered="1426" lines-valid="2008" branches-covered="242" branches-valid="488">
  <sources>
    <source>C:\Users\Gonzalo\projects\sauronsheet1\SauronSheet\src\</source>
  </sources>
  <packages>
    <package name="SauronSheet.Application" line-rate="0.7393000000000001" branch-rate="0.5454" complexity="612">
      <classes>
        <class name="SauronSheet.Application.DependencyInjection" filename="SauronSheet.Application\DependencyInjection.cs" line-rate="1" branch-rate="1" complexity="1">
          <methods>
            <method name="AddApplicationServices" signature="(Microsoft.Extensions.DependencyInjection.IServiceCollection)" line-rate="1" branch-rate="1" complexity="1">
              <lines>
                <line number="19" hits="2" branch="False" />
                <line number="20" hits="2" branch="False" />
                <line number="22" hits="2" branch="False" />
                <line number="23" hits="2" branch="False" />
                <line number="24" hits="2" branch="False" />
                <line number="25" hits="2" branch="False" />
                <line number="26" hits="2" branch="False" />
                <line number="27" hits="2" branch="False" />
                <line number="28" hits="4" branch="False" />
                <line number="31" hits="2" branch="False" />
                <line number="34" hits="2" branch="False" />
                <line number="36" hits="2" branch="False" />
                <line number="37" hits="2" branch="False" />
              </lines>
            </method>
          </methods>
          <lines>
            <line number="19" hits="2" branch="False" />
            <line number="20" hits="2" branch="False" />
            <line number="22" hits="2" branch="False" />
            <line number="23" hits="2" branch="False" />
            <line number="24" hits="2" branch="False" />
            <line number="25" hits="2" branch="False" />
            <line number="26" hits="2" branch="False" />
            <line number="27" hits="2" branch="False" />
            <line number="28" hits="4" branch="False" />
            <line number="31" hits="2" branch="False" />
            <line number="34" hits="2" branch="False" />
            <line number="36" hits="2" branch="False" />
            <line number="37" hits="2" branch="False" />
          </lines>
        </class>
        <class name="SauronSheet.Application.Services.BankCategoryResolutionService" filename="SauronSheet.Application\Services\BankCategoryResolutionService.cs" line-rate="1" branch-rate="0.5" complexity="6">
          <methods>
            <method name=".ctor" signature="(SauronSheet.Domain.Repositories.ICategoryRepository,SauronSheet.Domain.Repositories.ISubcategoryRepository,SauronSheet.Domain.Repositories.IBankCategoryTranslationRepository)" line-rate="1" branch-rate="0.5" complexity="6">
              <lines>
                <line number="28" hits="9" branch="False" />
                <line number="29" hits="9" branch="False" />
                <line number="30" hits="9" branch="False" />
                <line number="31" hits="9" branch="False" />
                <line number="32" hits="9" branch="False" />
                <line number="33" hits="9" branch="True" condition-coverage="50% (1/2)">
                  <conditions>
                    <condition number="11" type="jump" coverage="50%" />
                  </conditions>
                </line>
                <line number="34" hits="9" branch="True" condition-coverage="50% (1/2)">
                  <conditions>
                    <condition number="33" type="jump" coverage="50%" />
                  </conditions>
                </line>
                <line number="35" hits="9" branch="True" condition-coverage="50% (1/2)">
                  <conditions>
                    <condition number="55" type="jump" coverage="50%" />
                  </conditions>
                </line>
                <line number="36" hits="9" branch="False" />
              </lines>
            </method>
          </methods>
          <lines>
            <line number="28" hits="9" branch="False" />
            <line number="29" hits="9" branch="False" />
            <line number="30" hits="9" branch="False" />
            <line number="31" hits="9" branch="False" />
            <line number="32" hits="9" branch="False" />
            <line number="33" hits="9" branch="True" condition-coverage="50% (1/2)">
              <conditions>
                <condition number="11" type="jump" coverage="50%" />
              </conditions>
            </line>
            <line number="34" hits="9" branch="True" condition-coverage="50% (1/2)">
              <conditions>
                <condition number="33" type="jump" coverage="50%" />
              </conditions>
            </line>
            <line number="35" hits="9" branch="True" condition-coverage="50% (1/2)">
              <conditions>
                <condition number="55" type="jump" coverage="50%" />
              </conditions>
            </line>
            <line number="36" hits="9" branch="False" />
          </lines>
        </class>
        <class name="SauronSheet.Application.Services.BankCategoryResolutionService/&lt;&gt;c__DisplayClass4_0" filename="SauronSheet.Application\Services\BankCategoryResolutionService.cs" line-rate="1" branch-rate="1" complexity="2">
          <methods>
            <method name="&lt;ResolveAsync&gt;b__0" signature="(SauronSheet.Domain.Entities.Category)" line-rate="1" branch-rate="1" complexity="1">
              <lines>
                <line number="57" hits="10" branch="False" />
              </lines>
            </method>
            <method name="&lt;ResolveAsync&gt;b__1" signature="(SauronSheet.Domain.Entities.Subcategory)" line-rate="1" branch-rate="1" complexity="1">
              <lines>
                <line number="68" hits="3" branch="False" />
              </lines>
            </method>
          </methods>
          <lines>
            <line number="57" hits="10" branch="False" />
            <line number="68" hits="3" branch="False" />
          </lines>
        </class>
        <class name="SauronSheet.Application.Services.BankCategoryResolutionService/&lt;ResolveAsync&gt;d__4" filename="SauronSheet.Application\Services\BankCategoryResolutionService.cs" line-rate="1" branch-rate="1" complexity="14">
          <methods>
            <method name="MoveNext" signature="()" line-rate="1" branch-rate="1" complexity="14">
              <lines>
                <line number="40" hits="9" branch="False" />
                <line number="42" hits="9" branch="True" condition-coverage="100% (2/2)">
                  <conditions>
                    <condition number="67" type="jump" coverage="100%" />
                  </conditions>
                </line>
                <line number="43" hits="3" branch="False" />
                <line number="45" hits="6" branch="False" />
                <line number="46" hits="6" branch="True" condition-coverage="100% (2/2)">
                  <conditions>
                    <condition number="113" type="jump" coverage="100%" />
                  </conditions>
                </line>
                <line number="49" hits="6" branch="False" />
                <line number="50" hits="6" branch="False" />
                <line number="52" hits="6" branch="True" condition-coverage="100% (4/4)">
                  <conditions>
                    <condition number="290" type="jump" coverage="100%" />
                    <condition number="302" type="jump" coverage="100%" />
                  </conditions>
                </line>
                <line number="55" hits="6" branch="False" />
                <line number="56" hits="6" branch="False" />
                <line number="59" hits="6" branch="True" condition-coverage="100% (2/2)">
                  <conditions>
                    <condition number="506" type="jump" coverage="100%" />
                  </conditions>
                </line>
                <line number="60" hits="2" branch="False" />
                <line number="63" hits="4" branch="False" />
                <line number="64" hits="4" branch="True" condition-coverage="100% (2/2)">
                  <conditions>
                    <condition number="552" type="jump" coverage="100%" />
                  </conditions>
                </line>
                <line number="65" hits="2" branch="False" />
                <line number="66" hits="2" branch="False" />
                <line number="67" hits="2" branch="False" />
                <line number="69" hits="2" branch="True" condition-coverage="100% (2/2)">
                  <conditions>
                    <condition number="753" type="jump" coverage="100%" />
                  </conditions>
                </line>
                <line number="70" hits="1" branch="False" />
                <line number="71" hits="2" branch="False" />
                <line number="73" hits="4" branch="False" />
                <line number="74" hits="9" branch="False" />
              </lines>
            </method>
          </methods>
          <lines>
            <line number="40" hits="9" branch="False" />
            <line number="42" hits="9" branch="True" condition-coverage="100% (2/2)">
              <conditions>
                <condition number="67" type="jump" coverage="100%" />
              </conditions>
            </line>
            <line number="43" hits="3" branch="False" />
            <line number="45" hits="6" branch="False" />
            <line number="46" hits="6" branch="True" condition-coverage="100% (2/2)">
              <conditions>
                <condition number="113" type="jump" coverage="100%" />
              </conditions>
            </line>
            <line number="49" hits="6" branch="False" />
            <line number="50" hits="6" branch="False" />
            <line number="52" hits="6" branch="True" condition-coverage="100% (4/4)">
              <conditions>
                <condition number="290" type="jump" coverage="100%" />
                <condition number="302" type="jump" coverage="100%" />
              </conditions>
            </line>
            <line number="55" hits="6" branch="False" />
            <line number="56" hits="6" branch="False" />
            <line number="59" hits="6" branch="True" condition-coverage="100% (2/2)">
              <conditions>
                <condition number="506" type="jump" coverage="100%" />
              </conditions>
            </line>
            <line number="60" hits="2" branch="False" />
            <line number="63" hits="4" branch="False" />
            <line number="64" hits="4" branch="True" condition-coverage="100% (2/2)">
              <conditions>
                <condition number="552" type="jump" coverage="100%" />
              </conditions>
            </line>
            <line number="65" hits="2" branch="False" />
            <line number="66" hits="2" branch="False" />
            <line number="67" hits="2" branch="False" />
            <line number="69" hits="2" branch="True" condition-coverage="100% (2/2)">
              <conditions>
                <condition number="753" type="jump" coverage="100%" />
              </conditions>
            </line>
            <line number="70" hits="1" branch="False" />
            <line number="71" hits="2" branch="False" />
            <line number="73" hits="4" branch="False" />
            <line number="74" hits="9" branch="False" />
          </lines>
        </class>
        <class name="SauronSheet.Application.Services.ResolutionResult" filename="SauronSheet.Application\Services\ResolutionResult.cs" line-rate="1" branch-rate="1" complexity="4">
          <methods>
            <method name="get_CategoryId" signature="()" line-rate="1" branch-rate="1" complexity="1">
              <lines>
                <line number="11" hits="17" branch="False" />
              </lines>
            </method>
            <method name="get_SubcategoryId" signature="()" line-rate="1" branch-rate="1" complexity="1">
              <lines>
                <line number="12" hits="12" branch="False" />
              </lines>
            </method>
            <method name="get_CategorySource" signature="()" line-rate="1" branch-rate="1" complexity="1">
              <lines>
                <line number="13" hits="30" branch="False" />
              </lines>
            </method>
            <method name=".ctor" signature="(SauronSheet.Domain.ValueObjects.CategoryId,SauronSheet.Domain.ValueObjects.SubcategoryId,SauronSheet.Domain.ValueObjects.CategorySource)" line-rate="1" branch-rate="1" complexity="1">
              <lines>
                <line number="10" hits="16" branch="False" />
              </lines>
            </method>
          </methods>
          <lines>
            <line number="11" hits="17" branch="False" />
            <line number="12" hits="12" branch="False" />
            <line number="13" hits="30" branch="False" />
            <line number="10" hits="16" branch="False" />
          </lines>
        </class>
        <class name="SauronSheet.Application.Features.Transactions.Queries.GetRecentTransactionsQuery" filename="SauronSheet.Application\Features\Transactions\Queries\GetRecentTransactionsQuery.cs" line-rate="1" branch-rate="1" complexity="1">
          <methods>
            <method name="get_Count" signature="()" line-rate="1" branch-rate="1" complexity="1">
              <lines>
                <line number="10" hits="6" branch="False" />
              </lines>
            </method>
          </methods>
          <lines>
            <line number="10" hits="6" branch="False" />
          </lines>
        </class>
        <class name="SauronSheet.Application.Features.Transactions.Queries.GetRecentTransactionsQueryHandler" filename="SauronSheet.Application\Features\Transactions\Queries\GetRecentTransactionsQueryHandler.cs" line-rate="1" branch-rate="1" complexity="1">
          <methods>
            <method name=".ctor" signature="(SauronSheet.Domain.Repositories.ITransactionRepository,SauronSheet.Domain.Repositories.ICategoryRepository,SauronSheet.Domain.Common.IUserContext)" line-rate="1" branch-rate="1" complexity="1">
              <lines>
                <line number="27" hits="3" branch="False" />
                <line number="28" hits="3" branch="False" />
                <line number="29" hits="3" branch="False" />
                <line number="30" hits="3" branch="False" />
                <line number="31" hits="3" branch="False" />
                <line number="32" hits="3" branch="False" />
                <line number="33" hits="3" branch="False" />
                <line number="34" hits="3" branch="False" />
                <line number="35" hits="3" branch="False" />
              </lines>
            </method>
          </methods>
          <lines>
            <line number="27" hits="3" branch="False" />
            <line number="28" hits="3" branch="False" />
            <line number="29" hits="3" branch="False" />
            <line number="30" hits="3" branch="False" />
            <line number="31" hits="3" branch="False" />
            <line number="32" hits="3" branch="False" />
            <line number="33" hits="3" branch="False" />
            <line number="34" hits="3" branch="False" />
            <line number="35" hits="3" branch="False" />
          </lines>
        </class>
        <class name="SauronSheet.Application.Features.Transactions.Queries.GetRecentTransactionsQueryHandler/&lt;&gt;c" filename="SauronSheet.Application\Features\Transactions\Queries\GetRecentTransactionsQueryHandler.cs" line-rate="1" branch-rate="1" complexity="2">
          <methods>
            <method name="&lt;Handle&gt;b__4_0" signature="(SauronSheet.Domain.Entities.Category)" line-rate="1" branch-rate="1" complexity="1">
              <lines>
                <line number="48" hits="3" branch="False" />
              </lines>
            </method>
            <method name="&lt;Handle&gt;b__4_2" signature="(SauronSheet.Domain.Entities.Transaction)" line-rate="1" branch-rate="1" complexity="1">
              <lines>
                <line number="51" hits="23" branch="False" />
              </lines>
            </method>
          </methods>
          <lines>
            <line number="48" hits="3" branch="False" />
            <line number="51" hits="23" branch="False" />
          </lines>
        </class>
        <class name="SauronSheet.Application.Features.Transactions.Queries.GetRecentTransactionsQueryHandler/&lt;&gt;c__DisplayClass4_0" filename="SauronSheet.Application\Features\Transactions\Queries\GetRecentTransactionsQueryHandler.cs" line-rate="1" branch-rate="0.5" complexity="8">
          <methods>
            <method name="&lt;Handle&gt;b__3" signature="(SauronSheet.Domain.Entities.Transaction)" line-rate="1" branch-rate="0.5" complexity="8">
              <lines>
                <line number="53" hits="13" branch="True" condition-coverage="50% (4/8)">
                  <conditions>
                    <condition number="52" type="jump" coverage="50%" />
                    <condition number="88" type="jump" coverage="50%" />
                    <condition number="107" type="jump" coverage="50%" />
                    <condition number="160" type="jump" coverage="50%" />
                  </conditions>
                </line>
                <line number="54" hits="13" branch="False" />
                <line number="55" hits="13" branch="False" />
                <line number="56" hits="13" branch="False" />
                <line number="57" hits="13" branch="False" />
                <line number="58" hits="13" branch="False" />
                <line number="59" hits="13" branch="False" />
                <line number="60" hits="13" branch="False" />
                <line number="61" hits="13" branch="False" />
                <line number="62" hits="13" branch="False" />
                <line number="63" hits="13" branch="False" />
                <line number="64" hits="13" branch="False" />
                <line number="65" hits="13" branch="False" />
                <line number="66" hits="13" branch="False" />
                <line number="67" hits="13" branch="False" />
                <line number="68" hits="13" branch="False" />
              </lines>
            </method>
          </methods>
          <lines>
            <line number="53" hits="13" branch="True" condition-coverage="50% (4/8)">
              <conditions>
                <condition number="52" type="jump" coverage="50%" />
                <condition number="88" type="jump" coverage="50%" />
                <condition number="107" type="jump" coverage="50%" />
                <condition number="160" type="jump" coverage="50%" />
              </conditions>
            </line>
            <line number="54" hits="13" branch="False" />
            <line number="55" hits="13" branch="False" />
            <line number="56" hits="13" branch="False" />
            <line number="57" hits="13" branch="False" />
            <line number="58" hits="13" branch="False" />
            <line number="59" hits="13" branch="False" />
            <line number="60" hits="13" branch="False" />
            <line number="61" hits="13" branch="False" />
            <line number="62" hits="13" branch="False" />
            <line number="63" hits="13" branch="False" />
            <line number="64" hits="13" branch="False" />
            <line number="65" hits="13" branch="False" />
            <line number="66" hits="13" branch="False" />
            <line number="67" hits="13" branch="False" />
            <line number="68" hits="13" branch="False" />
          </lines>
        </class>
        <class name="SauronSheet.Application.Features.Transactions.Queries.GetRecentTransactionsQueryHandler/&lt;Handle&gt;d__4" filename="SauronSheet.Application\Features\Transactions\Queries\GetRecentTransactionsQueryHandler.cs" line-rate="1" branch-rate="1" complexity="1">
          <methods>
            <method name="MoveNext" signature="()" line-rate="1" branch-rate="1" complexity="1">
              <lines>
                <line number="40" hits="3" branch="False" />
                <line number="41" hits="3" branch="False" />
                <line number="43" hits="3" branch="False" />
                <line number="44" hits="3" branch="False" />
                <line number="47" hits="3" branch="False" />
                <line number="50" hits="3" branch="False" />
                <line number="52" hits="3" branch="False" />
                <line number="69" hits="3" branch="False" />
                <line number="71" hits="3" branch="False" />
                <line number="72" hits="3" branch="False" />
              </lines>
            </method>
          </methods>
          <lines>
            <line number="40" hits="3" branch="False" />
            <line number="41" hits="3" branch="False" />
            <line number="43" hits="3" branch="False" />
            <line number="44" hits="3" branch="False" />
            <line number="47" hits="3" branch="False" />
            <line number="50" hits="3" branch="False" />
            <line number="52" hits="3" branch="False" />
            <line number="69" hits="3" branch="False" />
            <line number="71" hits="3" branch="False" />
            <line number="72" hits="3" branch="False" />
          </lines>
        </class>
        <class name="SauronSheet.Application.Features.Transactions.Queries.GetTransactionsQuery" filename="SauronSheet.Application\Features\Transactions\Queries\GetTransactionsQuery.cs" line-rate="0" branch-rate="1" complexity="6">
          <methods>
            <method name="get_PageNumber" signature="()" line-rate="0" branch-rate="1" complexity="1">
              <lines>
                <line number="7" hits="0" branch="False" />
              </lines>
            </method>
            <method name="get_PageSize" signature="()" line-rate="0" branch-rate="1" complexity="1">
              <lines>
                <line number="8" hits="0" branch="False" />
              </lines>
            </method>
            <method name="get_CategoryId" signature="()" line-rate="0" branch-rate="1" complexity="1">
              <lines>
                <line number="9" hits="0" branch="False" />
              </lines>
            </method>
            <method name="get_StartDate" signature="()" line-rate="0" branch-rate="1" complexity="1">
              <lines>
                <line number="10" hits="0" branch="False" />
              </lines>
            </method>
            <method name="get_EndDate" signature="()" line-rate="0" branch-rate="1" complexity="1">
              <lines>
                <line number="11" hits="0" branch="False" />
              </lines>
            </method>
            <method name=".ctor" signature="(System.Int32,System.Int32,System.Nullable`1&lt;System.Guid&gt;,System.Nullable`1&lt;System.DateTime&gt;,System.Nullable`1&lt;System.DateTime&gt;)" line-rate="0" branch-rate="1" complexity="1">
              <lines>
                <line number="6" hits="0" branch="False" />
              </lines>
            </method>
          </methods>
          <lines>
            <line number="7" hits="0" branch="False" />
            <line number="8" hits="0" branch="False" />
            <line number="9" hits="0" branch="False" />
            <line number="10" hits="0" branch="False" />
            <line number="11" hits="0" branch="False" />
            <line number="6" hits="0" branch="False" />
          </lines>
        </class>
        <class name="SauronSheet.Application.Features.Transactions.Queries.GetTransactionsQueryHandler" filename="SauronSheet.Application\Features\Transactions\Queries\GetTransactionsQueryHandler.cs" line-rate="0" branch-rate="1" complexity="1">
          <methods>
            <method name=".ctor" signature="(SauronSheet.Domain.Repositories.ITransactionRepository,SauronSheet.Domain.Repositories.ICategoryRepository,SauronSheet.Domain.Common.IUserContext)" line-rate="0" branch-rate="1" complexity="1">
              <lines>
                <line number="22" hits="0" branch="False" />
                <line number="23" hits="0" branch="False" />
                <line number="24" hits="0" branch="False" />
                <line number="25" hits="0" branch="False" />
                <line number="26" hits="0" branch="False" />
                <line number="27" hits="0" branch="False" />
                <line number="28" hits="0" branch="False" />
                <line number="29" hits="0" branch="False" />
                <line number="30" hits="0" branch="False" />
              </lines>
            </method>
          </methods>
          <lines>
            <line number="22" hits="0" branch="False" />
            <line number="23" hits="0" branch="False" />
            <line number="24" hits="0" branch="False" />
            <line number="25" hits="0" branch="False" />
            <line number="26" hits="0" branch="False" />
            <line number="27" hits="0" branch="False" />
            <line number="28" hits="0" branch="False" />
            <line number="29" hits="0" branch="False" />
            <line number="30" hits="0" branch="False" />
          </lines>
        </class>
        <class name="SauronSheet.Application.Features.Transactions.Queries.GetTransactionsQueryHandler/&lt;&gt;c" filename="SauronSheet.Application\Features\Transactions\Queries\GetTransactionsQueryHandler.cs" line-rate="0" branch-rate="1" complexity="3">
          <methods>
            <method name="&lt;Handle&gt;b__4_0" signature="(SauronSheet.Domain.Entities.Transaction)" line-rate="0" branch-rate="1" complexity="1">
              <lines>
                <line number="66" hits="0" branch="False" />
              </lines>
            </method>
            <method name="&lt;Handle&gt;b__4_1" signature="(SauronSheet.Domain.Entities.Transaction)" line-rate="0" branch-rate="1" complexity="1">
              <lines>
                <line number="77" hits="0" branch="False" />
              </lines>
            </method>
            <method name="&lt;Handle&gt;b__4_2" signature="(SauronSheet.Domain.Entities.Transaction)" line-rate="0" branch-rate="1" complexity="1">
              <lines>
                <line number="78" hits="0" branch="False" />
              </lines>
            </method>
          </methods>
          <lines>
            <line number="66" hits="0" branch="False" />
            <line number="77" hits="0" branch="False" />
            <line number="78" hits="0" branch="False" />
          </lines>
        </class>
        <class name="SauronSheet.Application.Features.Transactions.Queries.GetTransactionsQueryHandler/&lt;&gt;c__DisplayClass4_0" filename="SauronSheet.Application\Features\Transactions\Queries\GetTransactionsQueryHandler.cs" line-rate="0" branch-rate="0" complexity="8">
          <methods>
            <method name="&lt;Handle&gt;b__3" signature="(SauronSheet.Domain.Entities.Transaction)" line-rate="0" branch-rate="0" complexity="8">
              <lines>
                <line number="90" hits="0" branch="True" condition-coverage="0% (0/8)">
                  <conditions>
                    <condition number="52" type="jump" coverage="0%" />
                    <condition number="88" type="jump" coverage="0%" />
                    <condition number="107" type="jump" coverage="0%" />
                    <condition number="160" type="jump" coverage="0%" />
                  </conditions>
                </line>
                <line number="91" hits="0" branch="False" />
                <line number="92" hits="0" branch="False" />
                <line number="93" hits="0" branch="False" />
                <line number="94" hits="0" branch="False" />
                <line number="95" hits="0" branch="False" />
                <line number="96" hits="0" branch="False" />
                <line number="97" hits="0" branch="False" />
                <line number="98" hits="0" branch="False" />
                <line number="99" hits="0" branch="False" />
                <line number="100" hits="0" branch="False" />
                <line number="101" hits="0" branch="False" />
                <line number="102" hits="0" branch="False" />
                <line number="103" hits="0" branch="False" />
                <line number="104" hits="0" branch="False" />
                <line number="105" hits="0" branch="False" />
                <line number="106" hits="0" branch="False" />
              </lines>
            </method>
          </methods>
          <lines>
            <line number="90" hits="0" branch="True" condition-coverage="0% (0/8)">
              <conditions>
                <condition number="52" type="jump" coverage="0%" />
                <condition number="88" type="jump" coverage="0%" />
                <condition number="107" type="jump" coverage="0%" />
                <condition number="160" type="jump" coverage="0%" />
              </conditions>
            </line>
            <line number="91" hits="0" branch="False" />
            <line number="92" hits="0" branch="False" />
            <line number="93" hits="0" branch="False" />
            <line number="94" hits="0" branch="False" />
            <line number="95" hits="0" branch="False" />
            <line number="96" hits="0" branch="False" />
            <line number="97" hits="0" branch="False" />
            <line number="98" hits="0" branch="False" />
            <line number="99" hits="0" branch="False" />
            <line number="100" hits="0" branch="False" />
            <line number="101" hits="0" branch="False" />
            <line number="102" hits="0" branch="False" />
            <line number="103" hits="0" branch="False" />
            <line number="104" hits="0" branch="False" />
            <line number="105" hits="0" branch="False" />
            <line number="106" hits="0" branch="False" />
          </lines>
        </class>
        <class name="SauronSheet.Application.Features.Transactions.Queries.GetTransactionsQueryHandler/&lt;Handle&gt;d__4" filename="SauronSheet.Application\Features\Transactions\Queries\GetTransactionsQueryHandler.cs" line-rate="0" branch-rate="0" complexity="14">
          <methods>
            <method name="MoveNext" signature="()" line-rate="0" branch-rate="0" complexity="14">
              <lines>
                <line number="35" hits="0" branch="False" />
                <line number="36" hits="0" branch="False" />
                <line number="39" hits="0" branch="False" />
                <line number="41" hits="0" branch="True" condition-coverage="0% (0/2)">
                  <conditions>
                    <condition number="105" type="jump" coverage="0%" />
                  </conditions>
                </line>
                <line number="42" hits="0" branch="False" />
                <line number="43" hits="0" branch="False" />
                <line number="44" hits="0" branch="False" />
                <line number="45" hits="0" branch="False" />
                <line number="47" hits="0" branch="True" condition-coverage="0% (0/4)">
                  <conditions>
                    <condition number="194" type="jump" coverage="0%" />
                    <condition number="223" type="jump" coverage="0%" />
                  </conditions>
                </line>
                <line number="48" hits="0" branch="False" />
                <line number="49" hits="0" branch="False" />
                <line number="50" hits="0" branch="False" />
                <line number="51" hits="0" branch="False" />
                <line number="52" hits="0" branch="True" condition-coverage="0% (0/2)">
                  <conditions>
                    <condition number="337" type="jump" coverage="0%" />
                  </conditions>
                </line>
                <line number="53" hits="0" branch="False" />
                <line number="54" hits="0" branch="False" />
                <line number="55" hits="0" branch="False" />
                <line number="56" hits="0" branch="False" />
                <line number="57" hits="0" branch="True" condition-coverage="0% (0/2)">
                  <conditions>
                    <condition number="433" type="jump" coverage="0%" />
                  </conditions>
                </line>
                <line number="58" hits="0" branch="False" />
                <line number="59" hits="0" branch="False" />
                <line number="60" hits="0" branch="False" />
                <line number="61" hits="0" branch="False" />
                <line number="63" hits="0" branch="False" />
                <line number="69" hits="0" branch="False" />
                <line number="72" hits="0" branch="False" />
                <line number="73" hits="0" branch="False" />
                <line number="76" hits="0" branch="False" />
                <line number="79" hits="0" branch="False" />
                <line number="80" hits="0" branch="False" />
                <line number="82" hits="0" branch="False" />
                <line number="83" hits="0" branch="True" condition-coverage="0% (0/2)">
                  <conditions>
                    <condition number="1169" type="jump" coverage="0%" />
                  </conditions>
                </line>
                <line number="84" hits="0" branch="False" />
                <line number="85" hits="0" branch="False" />
                <line number="86" hits="0" branch="True" condition-coverage="0% (0/2)">
                  <conditions>
                    <condition number="1104" type="jump" coverage="0%" />
                  </conditions>
                </line>
                <line number="87" hits="0" branch="False" />
                <line number="88" hits="0" branch="False" />
                <line number="109" hits="0" branch="False" />
                <line number="111" hits="0" branch="False" />
                <line number="112" hits="0" branch="False" />
                <line number="113" hits="0" branch="False" />
                <line number="114" hits="0" branch="False" />
                <line number="115" hits="0" branch="False" />
                <line number="116" hits="0" branch="False" />
                <line number="117" hits="0" branch="False" />
              </lines>
            </method>
          </methods>
          <lines>
            <line number="35" hits="0" branch="False" />
            <line number="36" hits="0" branch="False" />
            <line number="39" hits="0" branch="False" />
            <line number="41" hits="0" branch="True" condition-coverage="0% (0/2)">
              <conditions>
                <condition number="105" type="jump" coverage="0%" />
              </conditions>
            </line>
            <line number="42" hits="0" branch="False" />
            <line number="43" hits="0" branch="False" />
            <line number="44" hits="0" branch="False" />
            <line number="45" hits="0" branch="False" />
            <line number="47" hits="0" branch="True" condition-coverage="0% (0/4)">
              <conditions>
                <condition number="194" type="jump" coverage="0%" />
                <condition number="223" type="jump" coverage="0%" />
              </conditions>
            </line>
            <line number="48" hits="0" branch="False" />
            <line number="49" hits="0" branch="False" />
            <line number="50" hits="0" branch="False" />
            <line number="51" hits="0" branch="False" />
            <line number="52" hits="0" branch="True" condition-coverage="0% (0/2)">
              <conditions>
                <condition number="337" type="jump" coverage="0%" />
              </conditions>
            </line>
            <line number="53" hits="0" branch="False" />
            <line number="54" hits="0" branch="False" />
            <line number="55" hits="0" branch="False" />
            <line number="56" hits="0" branch="False" />
            <line number="57" hits="0" branch="True" condition-coverage="0% (0/2)">
              <conditions>
                <condition number="433" type="jump" coverage="0%" />
              </conditions>
            </line>
            <line number="58" hits="0" branch="False" />
            <line number="59" hits="0" branch="False" />
            <line number="60" hits="0" branch="False" />
            <line number="61" hits="0" branch="False" />
            <line number="63" hits="0" branch="False" />
            <line number="69" hits="0" branch="False" />
            <line number="72" hits="0" branch="False" />
            <line number="73" hits="0" branch="False" />
            <line number="76" hits="0" branch="False" />
            <line number="79" hits="0" branch="False" />
            <line number="80" hits="0" branch="False" />
            <line number="82" hits="0" branch="False" />
            <line number="83" hits="0" branch="True" condition-coverage="0% (0/2)">
              <conditions>
                <condition number="1169" type="jump" coverage="0%" />
              </conditions>
            </line>
            <line number="84" hits="0" branch="False" />
            <line number="85" hits="0" branch="False" />
            <line number="86" hits="0" branch="True" condition-coverage="0% (0/2)">
              <conditions>
                <condition number="1104" type="jump" coverage="0%" />
              </conditions>
            </line>
            <line number="87" hits="0" branch="False" />
            <line number="88" hits="0" branch="False" />
            <line number="109" hits="0" branch="False" />
            <line number="111" hits="0" branch="False" />
            <line number="112" hits="0" branch="False" />
            <line number="113" hits="0" branch="False" />
            <line number="114" hits="0" branch="False" />
            <line number="115" hits="0" branch="False" />
            <line number="116" hits="0" branch="False" />
            <line number="117" hits="0" branch="False" />
          </lines>
        </class>
        <class name="SauronSheet.Application.Features.Transactions.Queries.SearchTransactionsQuery" filename="SauronSheet.Application\Features\Transactions\Queries\SearchTransactionsQuery.cs" line-rate="1" branch-rate="1" complexity="9">
          <methods>
            <method name="get_Keyword" signature="()" line-rate="1" branch-rate="1" complexity="1">
              <lines>
                <line number="11" hits="11" branch="False" />
              </lines>
            </method>
            <method name="get_FromDate" signature="()" line-rate="1" branch-rate="1" complexity="1">
              <lines>
                <line number="12" hits="16" branch="False" />
              </lines>
            </method>
            <method name="get_ToDate" signature="()" line-rate="1" branch-rate="1" complexity="1">
              <lines>
                <line number="13" hits="10" branch="False" />
              </lines>
            </method>
            <method name="get_CategoryId" signature="()" line-rate="1" branch-rate="1" complexity="1">
              <lines>
                <line number="14" hits="10" branch="False" />
              </lines>
            </method>
            <method name="get_MinAmount" signature="()" line-rate="1" branch-rate="1" complexity="1">
              <lines>
                <line number="15" hits="9" branch="False" />
              </lines>
            </method>
            <method name="get_MaxAmount" signature="()" line-rate="1" branch-rate="1" complexity="1">
              <lines>
                <line number="16" hits="8" branch="False" />
              </lines>
            </method>
            <method name="get_Page" signature="()" line-rate="1" branch-rate="1" complexity="1">
              <lines>
                <line number="17" hits="16" branch="False" />
              </lines>
            </method>
            <method name="get_PageSize" signature="()" line-rate="1" branch-rate="1" complexity="1">
              <lines>
                <line number="18" hits="40" branch="False" />
              </lines>
            </method>
            <method name=".ctor" signature="(System.String,System.Nullable`1&lt;System.DateTime&gt;,System.Nullable`1&lt;System.DateTime&gt;,System.Nullable`1&lt;System.Guid&gt;,System.Nullable`1&lt;System.Decimal&gt;,System.Nullable`1&lt;System.Decimal&gt;,System.Int32,System.Int32)" line-rate="1" branch-rate="1" complexity="1">
              <lines>
                <line number="10" hits="8" branch="False" />
              </lines>
            </method>
          </methods>
          <lines>
            <line number="11" hits="11" branch="False" />
            <line number="12" hits="16" branch="False" />
            <line number="13" hits="10" branch="False" />
            <line number="14" hits="10" branch="False" />
            <line number="15" hits="9" branch="False" />
            <line number="16" hits="8" branch="False" />
            <line number="17" hits="16" branch="False" />
            <line number="18" hits="40" branch="False" />
            <line number="10" hits="8" branch="False" />
          </lines>
        </class>
        <class name="SauronSheet.Application.Features.Transactions.Queries.SearchTransactionsQueryHandler" filename="SauronSheet.Application\Features\Transactions\Queries\SearchTransactionsQueryHandler.cs" line-rate="1" branch-rate="1" complexity="1">
          <methods>
            <method name=".ctor" signature="(SauronSheet.Domain.Repositories.ITransactionRepository,SauronSheet.Domain.Repositories.ICategoryRepository,SauronSheet.Domain.Common.IUserContext)" line-rate="1" branch-rate="1" complexity="1">
              <lines>
                <line number="27" hits="8" branch="False" />
                <line number="28" hits="8" branch="False" />
                <line number="29" hits="8" branch="False" />
                <line number="30" hits="8" branch="False" />
                <line number="31" hits="8" branch="False" />
                <line number="32" hits="8" branch="False" />
                <line number="33" hits="8" branch="False" />
                <line number="34" hits="8" branch="False" />
                <line number="35" hits="8" branch="False" />
              </lines>
            </method>
          </methods>
          <lines>
            <line number="27" hits="8" branch="False" />
            <line number="28" hits="8" branch="False" />
            <line number="29" hits="8" branch="False" />
            <line number="30" hits="8" branch="False" />
            <line number="31" hits="8" branch="False" />
            <line number="32" hits="8" branch="False" />
            <line number="33" hits="8" branch="False" />
            <line number="34" hits="8" branch="False" />
            <line number="35" hits="8" branch="False" />
          </lines>
        </class>
        <class name="SauronSheet.Application.Features.Transactions.Queries.SearchTransactionsQueryHandler/&lt;&gt;c" filename="SauronSheet.Application\Features\Transactions\Queries\SearchTransactionsQueryHandler.cs" line-rate="1" branch-rate="1" complexity="2">
          <methods>
            <method name="&lt;Handle&gt;b__4_0" signature="(SauronSheet.Domain.Entities.Category)" line-rate="1" branch-rate="1" complexity="1">
              <lines>
                <line number="87" hits="8" branch="False" />
              </lines>
            </method>
            <method name="&lt;Handle&gt;b__4_2" signature="(SauronSheet.Domain.Entities.Transaction)" line-rate="1" branch-rate="1" complexity="1">
              <lines>
                <line number="90" hits="119" branch="False" />
              </lines>
            </method>
          </methods>
          <lines>
            <line number="87" hits="8" branch="False" />
            <line number="90" hits="119" branch="False" />
          </lines>
        </class>
        <class name="SauronSheet.Application.Features.Transactions.Queries.SearchTransactionsQueryHandler/&lt;&gt;c__DisplayClass4_0" filename="SauronSheet.Application\Features\Transactions\Queries\SearchTransactionsQueryHandler.cs" line-rate="1" branch-rate="0.75" complexity="8">
          <methods>
            <method name="&lt;Handle&gt;b__3" signature="(SauronSheet.Domain.Entities.Transaction)" line-rate="1" branch-rate="0.75" complexity="8">
              <lines>
                <line number="97" hits="38" branch="True" condition-coverage="75% (6/8)">
                  <conditions>
                    <condition number="52" type="jump" coverage="100%" />
                    <condition number="88" type="jump" coverage="100%" />
                    <condition number="107" type="jump" coverage="50%" />
                    <condition number="160" type="jump" coverage="50%" />
                  </conditions>
                </line>
                <line number="98" hits="38" branch="False" />
                <line number="99" hits="38" branch="False" />
                <line number="100" hits="38" branch="False" />
                <line number="101" hits="38" branch="False" />
                <line number="102" hits="38" branch="False" />
                <line number="103" hits="38" branch="False" />
                <line number="104" hits="38" branch="False" />
                <line number="105" hits="38" branch="False" />
                <line number="106" hits="38" branch="False" />
                <line number="107" hits="38" branch="False" />
                <line number="108" hits="38" branch="False" />
                <line number="109" hits="38" branch="False" />
                <line number="110" hits="38" branch="False" />
                <line number="111" hits="38" branch="False" />
                <line number="112" hits="38" branch="False" />
              </lines>
            </method>
          </methods>
          <lines>
            <line number="97" hits="38" branch="True" condition-coverage="75% (6/8)">
              <conditions>
                <condition number="52" type="jump" coverage="100%" />
                <condition number="88" type="jump" coverage="100%" />
                <condition number="107" type="jump" coverage="50%" />
                <condition number="160" type="jump" coverage="50%" />
              </conditions>
            </line>
            <line number="98" hits="38" branch="False" />
            <line number="99" hits="38" branch="False" />
            <line number="100" hits="38" branch="False" />
            <line number="101" hits="38" branch="False" />
            <line number="102" hits="38" branch="False" />
            <line number="103" hits="38" branch="False" />
            <line number="104" hits="38" branch="False" />
            <line number="105" hits="38" branch="False" />
            <line number="106" hits="38" branch="False" />
            <line number="107" hits="38" branch="False" />
            <line number="108" hits="38" branch="False" />
            <line number="109" hits="38" branch="False" />
            <line number="110" hits="38" branch="False" />
            <line number="111" hits="38" branch="False" />
            <line number="112" hits="38" branch="False" />
          </lines>
        </class>
        <class name="SauronSheet.Application.Features.Transactions.Queries.SearchTransactionsQueryHandler/&lt;Handle&gt;d__4" filename="SauronSheet.Application\Features\Transactions\Queries\SearchTransactionsQueryHandler.cs" line-rate="0.84" branch-rate="0.875" complexity="16">
          <methods>
            <method name="MoveNext" signature="()" line-rate="0.84" branch-rate="0.875" complexity="16">
              <lines>
                <line number="40" hits="8" branch="False" />
                <line number="41" hits="8" branch="False" />
                <line number="44" hits="8" branch="False" />
                <line number="47" hits="8" branch="True" condition-coverage="100% (2/2)">
                  <conditions>
                    <condition number="105" type="jump" coverage="100%" />
                  </conditions>
                </line>
                <line number="48" hits="3" branch="False" />
                <line number="49" hits="3" branch="False" />
                <line number="50" hits="3" branch="False" />
                <line number="51" hits="3" branch="False" />
                <line number="53" hits="8" branch="True" condition-coverage="100% (4/4)">
                  <conditions>
                    <condition number="162" type="jump" coverage="100%" />
                    <condition number="189" type="jump" coverage="100%" />
                  </conditions>
                </line>
                <line number="54" hits="2" branch="False" />
                <line number="55" hits="2" branch="False" />
                <line number="56" hits="2" branch="False" />
                <line number="57" hits="2" branch="False" />
                <line number="58" hits="6" branch="True" condition-coverage="50% (1/2)">
                  <conditions>
                    <condition number="284" type="jump" coverage="50%" />
                  </conditions>
                </line>
                <line number="59" hits="0" branch="False" />
                <line number="60" hits="0" branch="False" />
                <line number="61" hits="0" branch="False" />
                <line number="62" hits="0" branch="False" />
                <line number="63" hits="6" branch="True" condition-coverage="50% (1/2)">
                  <conditions>
                    <condition number="361" type="jump" coverage="50%" />
                  </conditions>
                </line>
                <line number="64" hits="0" branch="False" />
                <line number="65" hits="0" branch="False" />
                <line number="66" hits="0" branch="False" />
                <line number="67" hits="0" branch="False" />
                <line number="69" hits="8" branch="True" condition-coverage="100% (2/2)">
                  <conditions>
                    <condition number="436" type="jump" coverage="100%" />
                  </conditions>
                </line>
                <line number="70" hits="2" branch="False" />
                <line number="71" hits="2" branch="False" />
                <line number="72" hits="2" branch="False" />
                <line number="73" hits="2" branch="False" />
                <line number="75" hits="8" branch="True" condition-coverage="100% (4/4)">
                  <conditions>
                    <condition number="507" type="jump" coverage="100%" />
                    <condition number="536" type="jump" coverage="100%" />
                  </conditions>
                </line>
                <line number="76" hits="1" branch="False" />
                <line number="77" hits="1" branch="False" />
                <line number="78" hits="1" branch="False" />
                <line number="79" hits="1" branch="False" />
                <line number="80" hits="1" branch="False" />
                <line number="81" hits="1" branch="False" />
                <line number="83" hits="8" branch="False" />
                <line number="86" hits="8" branch="False" />
                <line number="91" hits="8" branch="False" />
                <line number="92" hits="8" branch="False" />
                <line number="94" hits="8" branch="False" />
                <line number="95" hits="8" branch="False" />
                <line number="96" hits="8" branch="False" />
                <line number="113" hits="8" branch="False" />
                <line number="115" hits="8" branch="False" />
                <line number="116" hits="8" branch="False" />
                <line number="117" hits="8" branch="False" />
                <line number="118" hits="8" branch="False" />
                <line number="119" hits="8" branch="False" />
                <line number="120" hits="8" branch="False" />
                <line number="121" hits="8" branch="False" />
              </lines>
            </method>
          </methods>
          <lines>
            <line number="40" hits="8" branch="False" />
            <line number="41" hits="8" branch="False" />
            <line number="44" hits="8" branch="False" />
            <line number="47" hits="8" branch="True" condition-coverage="100% (2/2)">
              <conditions>
                <condition number="105" type="jump" coverage="100%" />
              </conditions>
            </line>
            <line number="48" hits="3" branch="False" />
            <line number="49" hits="3" branch="False" />
            <line number="50" hits="3" branch="False" />
            <line number="51" hits="3" branch="False" />
            <line number="53" hits="8" branch="True" condition-coverage="100% (4/4)">
              <conditions>
                <condition number="162" type="jump" coverage="100%" />
                <condition number="189" type="jump" coverage="100%" />
              </conditions>
            </line>
            <line number="54" hits="2" branch="False" />
            <line number="55" hits="2" branch="False" />
            <line number="56" hits="2" branch="False" />
            <line number="57" hits="2" branch="False" />
            <line number="58" hits="6" branch="True" condition-coverage="50% (1/2)">
              <conditions>
                <condition number="284" type="jump" coverage="50%" />
              </conditions>
            </line>
            <line number="59" hits="0" branch="False" />
            <line number="60" hits="0" branch="False" />
            <line number="61" hits="0" branch="False" />
            <line number="62" hits="0" branch="False" />
            <line number="63" hits="6" branch="True" condition-coverage="50% (1/2)">
              <conditions>
                <condition number="361" type="jump" coverage="50%" />
              </conditions>
            </line>
            <line number="64" hits="0" branch="False" />
            <line number="65" hits="0" branch="False" />
            <line number="66" hits="0" branch="False" />
            <line number="67" hits="0" branch="False" />
            <line number="69" hits="8" branch="True" condition-coverage="100% (2/2)">
              <conditions>
                <condition number="436" type="jump" coverage="100%" />
              </conditions>
            </line>
            <line number="70" hits="2" branch="False" />
            <line number="71" hits="2" branch="False" />
            <line number="72" hits="2" branch="False" />
            <line number="73" hits="2" branch="False" />
            <line number="75" hits="8" branch="True" condition-coverage="100% (4/4)">
              <conditions>
                <condition number="507" type="jump" coverage="100%" />
                <condition number="536" type="jump" coverage="100%" />
              </conditions>
            </line>
            <line number="76" hits="1" branch="False" />
            <line number="77" hits="1" branch="False" />
            <line number="78" hits="1" branch="False" />
            <line number="79" hits="1" branch="False" />
            <line number="80" hits="1" branch="False" />
            <line number="81" hits="1" branch="False" />
            <line number="83" hits="8" branch="False" />
            <line number="86" hits="8" branch="False" />
            <line number="91" hits="8" branch="False" />
            <line number="92" hits="8" branch="False" />
            <line number="94" hits="8" branch="False" />
            <line number="95" hits="8" branch="False" />
            <line number="96" hits="8" branch="False" />
            <line number="113" hits="8" branch="False" />
            <line number="115" hits="8" branch="False" />
            <line number="116" hits="8" branch="False" />
            <line number="117" hits="8" branch="False" />
            <line number="118" hits="8" branch="False" />
            <line number="119" hits="8" branch="False" />
            <line number="120" hits="8" branch="False" />
            <line number="121" hits="8" branch="False" />
          </lines>
        </class>
        <class name="SauronSheet.Application.Features.Transactions.DTOs.BulkDeleteResultDto" filename="SauronSheet.Application\Features\Transactions\DTOs\BulkDeleteResultDto.cs" line-rate="1" branch-rate="1" complexity="4">
          <methods>
            <method name="get_Count" signature="()" line-rate="1" branch-rate="1" complexity="1">
              <lines>
                <line number="15" hits="20" branch="False" />
              </lines>
            </method>
            <method name="get_ErrorMessage" signature="()" line-rate="1" branch-rate="1" complexity="1">
              <lines>
                <line number="21" hits="27" branch="False" />
              </lines>
            </method>
            <method name="get_FailedTransactionIds" signature="()" line-rate="1" branch-rate="1" complexity="1">
              <lines>
                <line number="27" hits="17" branch="False" />
              </lines>
            </method>
            <method name=".ctor" signature="(System.Int32,System.String,System.Collections.Generic.IEnumerable`1&lt;System.Guid&gt;)" line-rate="1" branch-rate="1" complexity="1">
              <lines>
                <line number="7" hits="11" branch="False" />
                <line number="8" hits="11" branch="False" />
                <line number="9" hits="11" branch="False" />
                <line number="10" hits="11" branch="False" />
              </lines>
            </method>
          </methods>
          <lines>
            <line number="15" hits="20" branch="False" />
            <line number="21" hits="27" branch="False" />
            <line number="27" hits="17" branch="False" />
            <line number="7" hits="11" branch="False" />
            <line number="8" hits="11" branch="False" />
            <line number="9" hits="11" branch="False" />
            <line number="10" hits="11" branch="False" />
          </lines>
        </class>
        <class name="SauronSheet.Application.Features.Transactions.DTOs.ImportResultDto" filename="SauronSheet.Application\Features\Transactions\DTOs\ImportResultDto.cs" line-rate="0.7142000000000001" branch-rate="1" complexity="7">
          <methods>
            <method name="get_ImportedCount" signature="()" line-rate="1" branch-rate="1" complexity="1">
              <lines>
                <line number="4" hits="4" branch="False" />
              </lines>
            </method>
            <method name="get_SkippedCount" signature="()" line-rate="1" branch-rate="1" complexity="1">
              <lines>
                <line number="5" hits="4" branch="False" />
              </lines>
            </method>
            <method name="get_TotalProcessed" signature="()" line-rate="1" branch-rate="1" complexity="1">
              <lines>
                <line number="6" hits="2" branch="False" />
              </lines>
            </method>
            <method name="get_Filename" signature="()" line-rate="0" branch-rate="1" complexity="1">
              <lines>
                <line number="7" hits="0" branch="False" />
              </lines>
            </method>
            <method name="get_ImportedAt" signature="()" line-rate="0" branch-rate="1" complexity="1">
              <lines>
                <line number="8" hits="0" branch="False" />
              </lines>
            </method>
            <method name="get_Errors" signature="()" line-rate="1" branch-rate="1" complexity="1">
              <lines>
                <line number="9" hits="11" branch="False" />
              </lines>
            </method>
            <method name=".ctor" signature="(System.Int32,System.Int32,System.Int32,System.String,System.DateTime,System.Collections.Generic.List`1&lt;SauronSheet.Application.Features.Transactions.DTOs.ImportRowErrorDto&gt;)" line-rate="1" branch-rate="1" complexity="1">
              <lines>
                <line number="3" hits="6" branch="False" />
              </lines>
            </method>
          </methods>
          <lines>
            <line number="4" hits="4" branch="False" />
            <line number="5" hits="4" branch="False" />
            <line number="6" hits="2" branch="False" />
            <line number="7" hits="0" branch="False" />
            <line number="8" hits="0" branch="False" />
            <line number="9" hits="11" branch="False" />
            <line number="3" hits="6" branch="False" />
          </lines>
        </class>
        <class name="SauronSheet.Application.Features.Transactions.DTOs.ImportRowErrorDto" filename="SauronSheet.Application\Features\Transactions\DTOs\ImportRowErrorDto.cs" line-rate="0.5" branch-rate="1" complexity="4">
          <methods>
            <method name="get_RowNumber" signature="()" line-rate="0" branch-rate="1" complexity="1">
              <lines>
                <line number="4" hits="0" branch="False" />
              </lines>
            </method>
            <method name="get_RawData" signature="()" line-rate="0" branch-rate="1" complexity="1">
              <lines>
                <line number="5" hits="0" branch="False" />
              </lines>
            </method>
            <method name="get_ErrorMessage" signature="()" line-rate="1" branch-rate="1" complexity="1">
              <lines>
                <line number="6" hits="8" branch="False" />
              </lines>
            </method>
            <method name=".ctor" signature="(System.Int32,System.String,System.String)" line-rate="1" branch-rate="1" complexity="1">
              <lines>
                <line number="3" hits="4" branch="False" />
              </lines>
            </method>
          </methods>
          <lines>
            <line number="4" hits="0" branch="False" />
            <line number="5" hits="0" branch="False" />
            <line number="6" hits="8" branch="False" />
            <line number="3" hits="4" branch="False" />
          </lines>
        </class>
        <class name="SauronSheet.Application.Features.Transactions.DTOs.PaginatedResultDto`1" filename="SauronSheet.Application\Features\Transactions\DTOs\PaginatedResultDto.cs" line-rate="0.8332999999999999" branch-rate="1" complexity="6">
          <methods>
            <method name="get_Items" signature="()" line-rate="1" branch-rate="1" complexity="1">
              <lines>
                <line number="4" hits="2" branch="False" />
              </lines>
            </method>
            <method name="get_TotalCount" signature="()" line-rate="1" branch-rate="1" complexity="1">
              <lines>
                <line number="5" hits="8" branch="False" />
              </lines>
            </method>
            <method name="get_PageNumber" signature="()" line-rate="1" branch-rate="1" complexity="1">
              <lines>
                <line number="6" hits="1" branch="False" />
              </lines>
            </method>
            <method name="get_PageSize" signature="()" line-rate="0" branch-rate="1" complexity="1">
              <lines>
                <line number="7" hits="0" branch="False" />
              </lines>
            </method>
            <method name="get_TotalPages" signature="()" line-rate="1" branch-rate="1" complexity="1">
              <lines>
                <line number="8" hits="9" branch="False" />
              </lines>
            </method>
            <method name=".ctor" signature="(System.Collections.Generic.List`1&lt;T&gt;,System.Int32,System.Int32,System.Int32,System.Int32)" line-rate="1" branch-rate="1" complexity="1">
              <lines>
                <line number="3" hits="8" branch="False" />
              </lines>
            </method>
          </methods>
          <lines>
            <line number="4" hits="2" branch="False" />
            <line number="5" hits="8" branch="False" />
            <line number="6" hits="1" branch="False" />
            <line number="7" hits="0" branch="False" />
            <line number="8" hits="9" branch="False" />
            <line number="3" hits="8" branch="False" />
          </lines>
        </class>
        <class name="SauronSheet.Application.Features.Transactions.DTOs.TransactionDto" filename="SauronSheet.Application\Features\Transactions\DTOs\TransactionDto.cs" line-rate="1" branch-rate="1" complexity="15">
          <methods>
            <method name="get_Id" signature="()" line-rate="1" branch-rate="1" complexity="1">
              <lines>
                <line number="10" hits="1" branch="False" />
              </lines>
            </method>
            <method name="get_Amount" signature="()" line-rate="1" branch-rate="1" complexity="1">
              <lines>
                <line number="11" hits="3" branch="False" />
              </lines>
            </method>
            <method name="get_Currency" signature="()" line-rate="1" branch-rate="1" complexity="1">
              <lines>
                <line number="12" hits="1" branch="False" />
              </lines>
            </method>
            <method name="get_Date" signature="()" line-rate="1" branch-rate="1" complexity="1">
              <lines>
                <line number="13" hits="3" branch="False" />
              </lines>
            </method>
            <method name="get_Description" signature="()" line-rate="1" branch-rate="1" complexity="1">
              <lines>
                <line number="14" hits="1" branch="False" />
              </lines>
            </method>
            <method name="get_CategoryId" signature="()" line-rate="1" branch-rate="1" complexity="1">
              <lines>
                <line number="15" hits="1" branch="False" />
              </lines>
            </method>
            <method name="get_CategoryName" signature="()" line-rate="1" branch-rate="1" complexity="1">
              <lines>
                <line number="16" hits="1" branch="False" />
              </lines>
            </method>
            <method name="get_ImportedFrom" signature="()" line-rate="1" branch-rate="1" complexity="1">
              <lines>
                <line number="17" hits="1" branch="False" />
              </lines>
            </method>
            <method name="get_CreatedAt" signature="()" line-rate="1" branch-rate="1" complexity="1">
              <lines>
                <line number="18" hits="1" branch="False" />
              </lines>
            </method>
            <method name="get_BankCategory" signature="()" line-rate="1" branch-rate="1" complexity="1">
              <lines>
                <line number="19" hits="5" branch="False" />
              </lines>
            </method>
            <method name="get_BankSubcategory" signature="()" line-rate="1" branch-rate="1" complexity="1">
              <lines>
                <line number="20" hits="3" branch="False" />
              </lines>
            </method>
            <method name="get_SubcategoryId" signature="()" line-rate="1" branch-rate="1" complexity="1">
              <lines>
                <line number="21" hits="3" branch="False" />
              </lines>
            </method>
            <method name="get_SubcategoryName" signature="()" line-rate="1" branch-rate="1" complexity="1">
              <lines>
                <line number="22" hits="3" branch="False" />
              </lines>
            </method>
            <method name="get_CategorySource" signature="()" line-rate="1" branch-rate="1" complexity="1">
              <lines>
                <line number="23" hits="60" branch="False" />
              </lines>
            </method>
            <method name=".ctor" signature="(System.Guid,System.Decimal,System.String,System.DateTime,System.String,System.Nullable`1&lt;System.Guid&gt;,System.String,System.String,System.DateTime,System.String,System.String,System.String,System.String,System.String)" line-rate="1" branch-rate="1" complexity="1">
              <lines>
                <line number="9" hits="55" branch="False" />
              </lines>
            </method>
          </methods>
          <lines>
            <line number="10" hits="1" branch="False" />
            <line number="11" hits="3" branch="False" />
            <line number="12" hits="1" branch="False" />
            <line number="13" hits="3" branch="False" />
            <line number="14" hits="1" branch="False" />
            <line number="15" hits="1" branch="False" />
            <line number="16" hits="1" branch="False" />
            <line number="17" hits="1" branch="False" />
            <line number="18" hits="1" branch="False" />
            <line number="19" hits="5" branch="False" />
            <line number="20" hits="3" branch="False" />
            <line number="21" hits="3" branch="False" />
            <line number="22" hits="3" branch="False" />
            <line number="23" hits="60" branch="False" />
            <line number="9" hits="55" branch="False" />
          </lines>
        </class>
        <class name="SauronSheet.Application.Features.Transactions.Commands.BulkDeleteTransactionsCommand" filename="SauronSheet.Application\Features\Transactions\Commands\BulkDeleteTransactionsCommand.cs" line-rate="1" branch-rate="1" complexity="3">
          <methods>
            <method name="get_UserId" signature="()" line-rate="1" branch-rate="1" complexity="1">
              <lines>
                <line number="12" hits="25" branch="False" />
              </lines>
            </method>
            <method name="get_TransactionIds" signature="()" line-rate="1" branch-rate="1" complexity="1">
              <lines>
                <line number="13" hits="25" branch="False" />
              </lines>
            </method>
            <method name=".ctor" signature="(SauronSheet.Domain.ValueObjects.UserId,System.Collections.Generic.IReadOnlyList`1&lt;SauronSheet.Domain.ValueObjects.TransactionId&gt;)" line-rate="1" branch-rate="1" complexity="1">
              <lines>
                <line number="11" hits="9" branch="False" />
              </lines>
            </method>
          </methods>
          <lines>
            <line number="12" hits="25" branch="False" />
            <line number="13" hits="25" branch="False" />
            <line number="11" hits="9" branch="False" />
          </lines>
        </class>
        <class name="SauronSheet.Application.Features.Transactions.Commands.BulkDeleteTransactionsCommandHandler" filename="SauronSheet.Application\Features\Transactions\Commands\BulkDeleteTransactionsCommandHandler.cs" line-rate="0.7646999999999999" branch-rate="0.4" complexity="10">
          <methods>
            <method name="TranslateBusinessError" signature="(System.String)" line-rate="0.6" branch-rate="0.3333" complexity="6">
              <lines>
                <line number="121" hits="2" branch="False" />
                <line number="123" hits="2" branch="True" condition-coverage="50% (2/4)">
                  <conditions>
                    <condition number="13" type="jump" coverage="50%" />
                    <condition number="32" type="jump" coverage="50%" />
                  </conditions>
                </line>
                <line number="124" hits="2" branch="False" />
                <line number="125" hits="2" branch="False" />
                <line number="126" hits="2" branch="False" />
                <line number="129" hits="0" branch="True" condition-coverage="0% (0/2)">
                  <conditions>
                    <condition number="57" type="jump" coverage="0%" />
                  </conditions>
                </line>
                <line number="130" hits="0" branch="False" />
                <line number="131" hits="0" branch="False" />
                <line number="135" hits="0" branch="False" />
                <line number="136" hits="2" branch="False" />
              </lines>
            </method>
            <method name=".ctor" signature="(SauronSheet.Domain.Repositories.ITransactionRepository,SauronSheet.Domain.Common.IUserContext)" line-rate="1" branch-rate="0.5" complexity="4">
              <lines>
                <line number="28" hits="9" branch="False" />
                <line number="29" hits="9" branch="False" />
                <line number="30" hits="9" branch="False" />
                <line number="31" hits="9" branch="False" />
                <line number="32" hits="9" branch="True" condition-coverage="50% (1/2)">
                  <conditions>
                    <condition number="11" type="jump" coverage="50%" />
                  </conditions>
                </line>
                <line number="33" hits="9" branch="True" condition-coverage="50% (1/2)">
                  <conditions>
                    <condition number="33" type="jump" coverage="50%" />
                  </conditions>
                </line>
                <line number="34" hits="9" branch="False" />
              </lines>
            </method>
          </methods>
          <lines>
            <line number="121" hits="2" branch="False" />
            <line number="123" hits="2" branch="True" condition-coverage="50% (2/4)">
              <conditions>
                <condition number="13" type="jump" coverage="50%" />
                <condition number="32" type="jump" coverage="50%" />
              </conditions>
            </line>
            <line number="124" hits="2" branch="False" />
            <line number="125" hits="2" branch="False" />
            <line number="126" hits="2" branch="False" />
            <line number="129" hits="0" branch="True" condition-coverage="0% (0/2)">
              <conditions>
                <condition number="57" type="jump" coverage="0%" />
              </conditions>
            </line>
            <line number="130" hits="0" branch="False" />
            <line number="131" hits="0" branch="False" />
            <line number="135" hits="0" branch="False" />
            <line number="136" hits="2" branch="False" />
            <line number="28" hits="9" branch="False" />
            <line number="29" hits="9" branch="False" />
            <line number="30" hits="9" branch="False" />
            <line number="31" hits="9" branch="False" />
            <line number="32" hits="9" branch="True" condition-coverage="50% (1/2)">
              <conditions>
                <condition number="11" type="jump" coverage="50%" />
              </conditions>
            </line>
            <line number="33" hits="9" branch="True" condition-coverage="50% (1/2)">
              <conditions>
                <condition number="33" type="jump" coverage="50%" />
              </conditions>
            </line>
            <line number="34" hits="9" branch="False" />
          </lines>
        </class>
        <class name="SauronSheet.Application.Features.Transactions.Commands.BulkDeleteTransactionsCommandHandler/&lt;Handle&gt;d__5" filename="SauronSheet.Application\Features\Transactions\Commands\BulkDeleteTransactionsCommandHandler.cs" line-rate="0.8913" branch-rate="1" complexity="4">
          <methods>
            <method name="MoveNext" signature="()" line-rate="0.8913" branch-rate="1" complexity="4">
              <lines>
                <line number="43" hits="9" branch="False" />
                <line number="45" hits="9" branch="False" />
                <line number="46" hits="9" branch="True" condition-coverage="100% (2/2)">
                  <conditions>
                    <condition number="80" type="jump" coverage="100%" />
                  </conditions>
                </line>
                <line number="47" hits="2" branch="False" />
                <line number="48" hits="2" branch="False" />
                <line number="49" hits="2" branch="False" />
                <line number="56" hits="7" branch="False" />
                <line number="57" hits="7" branch="False" />
                <line number="58" hits="5" branch="False" />
                <line number="59" hits="2" branch="False" />
                <line number="60" hits="2" branch="False" />
                <line number="61" hits="2" branch="False" />
                <line number="62" hits="2" branch="False" />
                <line number="63" hits="2" branch="False" />
                <line number="64" hits="2" branch="False" />
                <line number="68" hits="5" branch="False" />
                <line number="69" hits="5" branch="False" />
                <line number="71" hits="18" branch="True" condition-coverage="100% (2/2)">
                  <conditions>
                    <condition number="712" type="jump" coverage="100%" />
                  </conditions>
                </line>
                <line number="72" hits="9" branch="False" />
                <line number="74" hits="9" branch="False" />
                <line number="75" hits="9" branch="False" />
                <line number="76" hits="9" branch="False" />
                <line number="77" hits="9" branch="False" />
                <line number="80" hits="2" branch="False" />
                <line number="82" hits="5" branch="False" />
                <line number="83" hits="4" branch="False" />
                <line number="86" hits="4" branch="False" />
                <line number="87" hits="4" branch="False" />
                <line number="89" hits="1" branch="False" />
                <line number="90" hits="1" branch="False" />
                <line number="92" hits="1" branch="False" />
                <line number="93" hits="1" branch="False" />
                <line number="95" hits="2" branch="False" />
                <line number="96" hits="2" branch="False" />
                <line number="99" hits="2" branch="False" />
                <line number="100" hits="2" branch="False" />
                <line number="102" hits="0" branch="False" />
                <line number="103" hits="0" branch="False" />
                <line number="105" hits="0" branch="False" />
                <line number="106" hits="0" branch="False" />
                <line number="108" hits="0" branch="False" />
                <line number="111" hits="5" branch="False" />
                <line number="112" hits="5" branch="False" />
                <line number="113" hits="5" branch="False" />
                <line number="114" hits="5" branch="False" />
                <line number="115" hits="7" branch="False" />
              </lines>
            </method>
          </methods>
          <lines>
            <line number="43" hits="9" branch="False" />
            <line number="45" hits="9" branch="False" />
            <line number="46" hits="9" branch="True" condition-coverage="100% (2/2)">
              <conditions>
                <condition number="80" type="jump" coverage="100%" />
              </conditions>
            </line>
            <line number="47" hits="2" branch="False" />
            <line number="48" hits="2" branch="False" />
            <line number="49" hits="2" branch="False" />
            <line number="56" hits="7" branch="False" />
            <line number="57" hits="7" branch="False" />
            <line number="58" hits="5" branch="False" />
            <line number="59" hits="2" branch="False" />
            <line number="60" hits="2" branch="False" />
            <line number="61" hits="2" branch="False" />
            <line number="62" hits="2" branch="False" />
            <line number="63" hits="2" branch="False" />
[...]
            <line number="26" hits="1" branch="False" />
            <line number="27" hits="1" branch="True" condition-coverage="50% (1/2)">
              <conditions>
                <condition number="12" type="jump" coverage="50%" />
              </conditions>
            </line>
            <line number="28" hits="1" branch="True" condition-coverage="50% (1/2)">
              <conditions>
                <condition number="36" type="jump" coverage="50%" />
              </conditions>
            </line>
            <line number="29" hits="1" branch="False" />
            <line number="30" hits="1" branch="False" />
            <line number="31" hits="1" branch="False" />
          </lines>
        </class>
        <class name="SauronSheet.Domain.Entities.Transaction" filename="SauronSheet.Domain\Entities\Transaction.cs" line-rate="0.5531" branch-rate="0.3" complexity="21">
          <methods>
            <method name="get_UserId" signature="()" line-rate="1" branch-rate="1" complexity="1">
              <lines>
                <line number="13" hits="334" branch="False" />
              </lines>
            </method>
            <method name="get_Amount" signature="()" line-rate="1" branch-rate="1" complexity="1">
              <lines>
                <line number="14" hits="483" branch="False" />
              </lines>
            </method>
            <method name="get_Date" signature="()" line-rate="1" branch-rate="1" complexity="1">
              <lines>
                <line number="15" hits="430" branch="False" />
              </lines>
            </method>
            <method name="get_Description" signature="()" line-rate="1" branch-rate="1" complexity="1">
              <lines>
                <line number="16" hits="271" branch="False" />
              </lines>
            </method>
            <method name="get_CategoryId" signature="()" line-rate="1" branch-rate="1" complexity="1">
              <lines>
                <line number="17" hits="362" branch="False" />
              </lines>
            </method>
            <method name="get_ImportedFrom" signature="()" line-rate="1" branch-rate="1" complexity="1">
              <lines>
                <line number="18" hits="263" branch="False" />
              </lines>
            </method>
            <method name="get_BankCategory" signature="()" line-rate="1" branch-rate="1" complexity="1">
              <lines>
                <line number="21" hits="264" branch="False" />
              </lines>
            </method>
            <method name="get_BankSubcategory" signature="()" line-rate="1" branch-rate="1" complexity="1">
              <lines>
                <line number="24" hits="264" branch="False" />
              </lines>
            </method>
            <method name="get_SubcategoryId" signature="()" line-rate="1" branch-rate="1" complexity="1">
              <lines>
                <line number="27" hits="264" branch="False" />
              </lines>
            </method>
            <method name="get_CategorySource" signature="()" line-rate="1" branch-rate="1" complexity="1">
              <lines>
                <line number="30" hits="264" branch="False" />
              </lines>
            </method>
            <method name="Categorize" signature="(SauronSheet.Domain.ValueObjects.CategoryId)" line-rate="0" branch-rate="0" complexity="2">
              <lines>
                <line number="77" hits="0" branch="False" />
                <line number="78" hits="0" branch="False" />
                <line number="79" hits="0" branch="True" condition-coverage="0% (0/2)">
                  <conditions>
                    <condition number="18" type="jump" coverage="0%" />
                  </conditions>
                </line>
                <line number="80" hits="0" branch="False" />
                <line number="82" hits="0" branch="False" />
                <line number="83" hits="0" branch="False" />
              </lines>
            </method>
            <method name="Categorize" signature="(SauronSheet.Domain.ValueObjects.CategoryId,SauronSheet.Domain.ValueObjects.SubcategoryId,SauronSheet.Domain.ValueObjects.CategorySource)" line-rate="0" branch-rate="1" complexity="1">
              <lines>
                <line number="90" hits="0" branch="False" />
                <line number="91" hits="0" branch="False" />
                <line number="92" hits="0" branch="False" />
                <line number="93" hits="0" branch="False" />
                <line number="94" hits="0" branch="False" />
                <line number="95" hits="0" branch="False" />
              </lines>
            </method>
            <method name="UpdateDescription" signature="(System.String)" line-rate="0" branch-rate="0" complexity="2">
              <lines>
                <line number="101" hits="0" branch="False" />
                <line number="102" hits="0" branch="True" condition-coverage="0% (0/2)">
                  <conditions>
                    <condition number="9" type="jump" coverage="0%" />
                  </conditions>
                </line>
                <line number="103" hits="0" branch="False" />
                <line number="105" hits="0" branch="False" />
                <line number="106" hits="0" branch="False" />
                <line number="107" hits="0" branch="False" />
              </lines>
            </method>
            <method name=".ctor" signature="(SauronSheet.Domain.ValueObjects.TransactionId,SauronSheet.Domain.ValueObjects.UserId,SauronSheet.Domain.ValueObjects.Money,System.DateTime,System.String,SauronSheet.Domain.ValueObjects.CategoryId,System.String,System.String,System.String,SauronSheet.Domain.ValueObjects.SubcategoryId,SauronSheet.Domain.ValueObjects.CategorySource)" line-rate="0.8421" branch-rate="0.5" complexity="6">
              <lines>
                <line number="50" hits="212" branch="False" />
                <line number="51" hits="212" branch="False" />
                <line number="52" hits="212" branch="True" condition-coverage="50% (1/2)">
                  <conditions>
                    <condition number="18" type="jump" coverage="50%" />
                  </conditions>
                </line>
                <line number="53" hits="0" branch="False" />
                <line number="54" hits="212" branch="True" condition-coverage="50% (1/2)">
                  <conditions>
                    <condition number="37" type="jump" coverage="50%" />
                  </conditions>
                </line>
                <line number="55" hits="0" branch="False" />
                <line number="56" hits="212" branch="True" condition-coverage="50% (1/2)">
                  <conditions>
                    <condition number="59" type="jump" coverage="50%" />
                  </conditions>
                </line>
                <line number="57" hits="0" branch="False" />
                <line number="59" hits="212" branch="False" />
                <line number="60" hits="212" branch="False" />
                <line number="61" hits="212" branch="False" />
                <line number="62" hits="212" branch="False" />
                <line number="63" hits="212" branch="False" />
                <line number="64" hits="212" branch="False" />
                <line number="65" hits="212" branch="False" />
                <line number="66" hits="212" branch="False" />
                <line number="67" hits="212" branch="False" />
                <line number="68" hits="212" branch="False" />
                <line number="69" hits="212" branch="False" />
              </lines>
            </method>
          </methods>
          <lines>
            <line number="13" hits="334" branch="False" />
            <line number="14" hits="483" branch="False" />
            <line number="15" hits="430" branch="False" />
            <line number="16" hits="271" branch="False" />
            <line number="17" hits="362" branch="False" />
            <line number="18" hits="263" branch="False" />
            <line number="21" hits="264" branch="False" />
            <line number="24" hits="264" branch="False" />
            <line number="27" hits="264" branch="False" />
            <line number="30" hits="264" branch="False" />
            <line number="77" hits="0" branch="False" />
            <line number="78" hits="0" branch="False" />
            <line number="79" hits="0" branch="True" condition-coverage="0% (0/2)">
              <conditions>
                <condition number="18" type="jump" coverage="0%" />
              </conditions>
            </line>
            <line number="80" hits="0" branch="False" />
            <line number="82" hits="0" branch="False" />
            <line number="83" hits="0" branch="False" />
            <line number="90" hits="0" branch="False" />
            <line number="91" hits="0" branch="False" />
            <line number="92" hits="0" branch="False" />
            <line number="93" hits="0" branch="False" />
            <line number="94" hits="0" branch="False" />
            <line number="95" hits="0" branch="False" />
            <line number="101" hits="0" branch="False" />
            <line number="102" hits="0" branch="True" condition-coverage="0% (0/2)">
              <conditions>
                <condition number="9" type="jump" coverage="0%" />
              </conditions>
            </line>
            <line number="103" hits="0" branch="False" />
            <line number="105" hits="0" branch="False" />
            <line number="106" hits="0" branch="False" />
            <line number="107" hits="0" branch="False" />
            <line number="50" hits="212" branch="False" />
            <line number="51" hits="212" branch="False" />
            <line number="52" hits="212" branch="True" condition-coverage="50% (1/2)">
              <conditions>
                <condition number="18" type="jump" coverage="50%" />
              </conditions>
            </line>
            <line number="53" hits="0" branch="False" />
            <line number="54" hits="212" branch="True" condition-coverage="50% (1/2)">
              <conditions>
                <condition number="37" type="jump" coverage="50%" />
              </conditions>
            </line>
            <line number="55" hits="0" branch="False" />
            <line number="56" hits="212" branch="True" condition-coverage="50% (1/2)">
              <conditions>
                <condition number="59" type="jump" coverage="50%" />
              </conditions>
            </line>
            <line number="57" hits="0" branch="False" />
            <line number="59" hits="212" branch="False" />
            <line number="60" hits="212" branch="False" />
            <line number="61" hits="212" branch="False" />
            <line number="62" hits="212" branch="False" />
            <line number="63" hits="212" branch="False" />
            <line number="64" hits="212" branch="False" />
            <line number="65" hits="212" branch="False" />
            <line number="66" hits="212" branch="False" />
            <line number="67" hits="212" branch="False" />
            <line number="68" hits="212" branch="False" />
            <line number="69" hits="212" branch="False" />
          </lines>
        </class>
        <class name="SauronSheet.Domain.Common.AggregateRoot`1" filename="SauronSheet.Domain\Common\AggregateRoot.cs" line-rate="1" branch-rate="1" complexity="1">
          <methods>
            <method name=".ctor" signature="(TId)" line-rate="1" branch-rate="1" complexity="1">
              <lines>
                <line number="11" hits="289" branch="False" />
                <line number="12" hits="289" branch="False" />
                <line number="15" hits="289" branch="False" />
              </lines>
            </method>
          </methods>
          <lines>
            <line number="11" hits="289" branch="False" />
            <line number="12" hits="289" branch="False" />
            <line number="15" hits="289" branch="False" />
          </lines>
        </class>
        <class name="SauronSheet.Domain.Common.Entity`1" filename="SauronSheet.Domain\Common\Entity.cs" line-rate="0.6296" branch-rate="0.5" complexity="21">
          <methods>
            <method name="get_Id" signature="()" line-rate="1" branch-rate="1" complexity="1">
              <lines>
                <line number="10" hits="441" branch="False" />
              </lines>
            </method>
            <method name="get_CreatedAt" signature="()" line-rate="1" branch-rate="1" complexity="1">
              <lines>
                <line number="11" hits="351" branch="False" />
              </lines>
            </method>
            <method name="get_UpdatedAt" signature="()" line-rate="1" branch-rate="1" complexity="1">
              <lines>
                <line number="12" hits="301" branch="False" />
              </lines>
            </method>
            <method name="Equals" signature="(System.Object)" line-rate="0" branch-rate="0" complexity="4">
              <lines>
                <line number="29" hits="0" branch="False" />
                <line number="30" hits="0" branch="True" condition-coverage="0% (0/2)">
                  <conditions>
                    <condition number="17" type="jump" coverage="0%" />
                  </conditions>
                </line>
                <line number="31" hits="0" branch="False" />
                <line number="33" hits="0" branch="True" condition-coverage="0% (0/2)">
                  <conditions>
                    <condition number="40" type="jump" coverage="0%" />
                  </conditions>
                </line>
                <line number="34" hits="0" branch="False" />
              </lines>
            </method>
            <method name="GetHashCode" signature="()" line-rate="0" branch-rate="1" complexity="1">
              <lines>
                <line number="37" hits="0" branch="False" />
                <line number="38" hits="0" branch="False" />
                <line number="39" hits="0" branch="False" />
              </lines>
            </method>
            <method name="op_Equality" signature="(SauronSheet.Domain.Common.Entity`1&lt;TId&gt;,SauronSheet.Domain.Common.Entity`1&lt;TId&gt;)" line-rate="0.8" branch-rate="0.75" complexity="8">
              <lines>
                <line number="42" hits="10" branch="False" />
                <line number="43" hits="14" branch="True" condition-coverage="100% (4/4)">
                  <conditions>
                    <condition number="2" type="jump" coverage="100%" />
                    <condition number="13" type="jump" coverage="100%" />
                  </conditions>
                </line>
                <line number="44" hits="12" branch="True" condition-coverage="50% (2/4)">
                  <conditions>
                    <condition number="20" type="jump" coverage="50%" />
                    <condition number="31" type="jump" coverage="50%" />
                  </conditions>
                </line>
                <line number="45" hits="0" branch="False" />
                <line number="46" hits="10" branch="False" />
              </lines>
            </method>
            <method name="op_Inequality" signature="(SauronSheet.Domain.Common.Entity`1&lt;TId&gt;,SauronSheet.Domain.Common.Entity`1&lt;TId&gt;)" line-rate="1" branch-rate="1" complexity="1">
              <lines>
                <line number="49" hits="2" branch="False" />
                <line number="50" hits="2" branch="False" />
                <line number="51" hits="2" branch="False" />
              </lines>
            </method>
            <method name=".ctor" signature="(TId)" line-rate="0.875" branch-rate="0.5" complexity="4">
              <lines>
                <line number="18" hits="295" branch="False" />
                <line number="19" hits="295" branch="False" />
                <line number="20" hits="295" branch="True" condition-coverage="50% (2/4)">
                  <conditions>
                    <condition number="14" type="jump" coverage="50%" />
                    <condition number="41" type="jump" coverage="50%" />
                  </conditions>
                </line>
                <line number="21" hits="0" branch="False" />
                <line number="23" hits="295" branch="False" />
                <line number="24" hits="295" branch="False" />
                <line number="25" hits="295" branch="False" />
                <line number="26" hits="295" branch="False" />
              </lines>
            </method>
          </methods>
          <lines>
            <line number="10" hits="441" branch="False" />
            <line number="11" hits="351" branch="False" />
            <line number="12" hits="301" branch="False" />
            <line number="29" hits="0" branch="False" />
            <line number="30" hits="0" branch="True" condition-coverage="0% (0/2)">
              <conditions>
                <condition number="17" type="jump" coverage="0%" />
              </conditions>
            </line>
            <line number="31" hits="0" branch="False" />
            <line number="33" hits="0" branch="True" condition-coverage="0% (0/2)">
              <conditions>
                <condition number="40" type="jump" coverage="0%" />
              </conditions>
            </line>
            <line number="34" hits="0" branch="False" />
            <line number="37" hits="0" branch="False" />
            <line number="38" hits="0" branch="False" />
            <line number="39" hits="0" branch="False" />
            <line number="42" hits="10" branch="False" />
            <line number="43" hits="14" branch="True" condition-coverage="100% (4/4)">
              <conditions>
                <condition number="2" type="jump" coverage="100%" />
                <condition number="13" type="jump" coverage="100%" />
              </conditions>
            </line>
            <line number="44" hits="12" branch="True" condition-coverage="50% (2/4)">
              <conditions>
                <condition number="20" type="jump" coverage="50%" />
                <condition number="31" type="jump" coverage="50%" />
              </conditions>
            </line>
            <line number="45" hits="0" branch="False" />
            <line number="46" hits="10" branch="False" />
            <line number="49" hits="2" branch="False" />
            <line number="50" hits="2" branch="False" />
            <line number="51" hits="2" branch="False" />
            <line number="18" hits="295" branch="False" />
            <line number="19" hits="295" branch="False" />
            <line number="20" hits="295" branch="True" condition-coverage="50% (2/4)">
              <conditions>
                <condition number="14" type="jump" coverage="50%" />
                <condition number="41" type="jump" coverage="50%" />
              </conditions>
            </line>
            <line number="21" hits="0" branch="False" />
            <line number="23" hits="295" branch="False" />
            <line number="24" hits="295" branch="False" />
            <line number="25" hits="295" branch="False" />
            <line number="26" hits="295" branch="False" />
          </lines>
        </class>
        <class name="SauronSheet.Domain.Common.ValueObject" filename="SauronSheet.Domain\Common\ValueObject.cs" line-rate="0" branch-rate="1" complexity="1">
          <methods>
            <method name=".ctor" signature="(SauronSheet.Domain.Common.ValueObject)" line-rate="0" branch-rate="1" complexity="1">
              <lines>
                <line number="8" hits="0" branch="False" />
              </lines>
            </method>
          </methods>
          <lines>
            <line number="8" hits="0" branch="False" />
          </lines>
        </class>
      </classes>
    </package>
  </packages>
</coverage>