<?xml version="1.0" encoding="utf-8"?>
<coverage line-rate="0.8145" branch-rate="0.7333" version="1.9" timestamp="1779634011" lines-covered="426" lines-valid="523" branches-covered="132" branches-valid="180">
  <sources>
    <source>C:\Users\Gonzalo\projects\sauronsheet1\SauronSheet\src\SauronSheet.Domain\</source>
  </sources>
  <packages>
    <package name="SauronSheet.Domain" line-rate="0.8145" branch-rate="0.7333" complexity="296">
      <classes>
        <class name="SauronSheet.Domain.ValueObjects.AuthResult" filename="ValueObjects\AuthResult.cs" line-rate="0.9642000000000001" branch-rate="1" complexity="10">
          <methods>
            <method name="get_UserId" signature="()" line-rate="1" branch-rate="1" complexity="1">
              <lines>
                <line number="10" hits="2" branch="False" />
              </lines>
            </method>
            <method name="get_AccessToken" signature="()" line-rate="1" branch-rate="1" complexity="1">
              <lines>
                <line number="11" hits="2" branch="False" />
              </lines>
            </method>
            <method name="get_RefreshToken" signature="()" line-rate="1" branch-rate="1" complexity="1">
              <lines>
                <line number="12" hits="2" branch="False" />
              </lines>
            </method>
            <method name="get_ExpiresAt" signature="()" line-rate="1" branch-rate="1" complexity="1">
              <lines>
                <line number="13" hits="2" branch="False" />
              </lines>
            </method>
            <method name="get_IsSuccess" signature="()" line-rate="1" branch-rate="1" complexity="1">
              <lines>
                <line number="14" hits="2" branch="False" />
              </lines>
            </method>
            <method name="get_ErrorMessage" signature="()" line-rate="1" branch-rate="1" complexity="1">
              <lines>
                <line number="15" hits="2" branch="False" />
              </lines>
            </method>
            <method name="Success" signature="(SauronSheet.Domain.ValueObjects.UserId,System.String,System.String,System.DateTime)" line-rate="1" branch-rate="1" complexity="1">
              <lines>
                <line number="38" hits="1" branch="False" />
                <line number="39" hits="1" branch="False" />
                <line number="40" hits="1" branch="False" />
              </lines>
            </method>
            <method name="Failure" signature="(System.String)" line-rate="1" branch-rate="1" complexity="1">
              <lines>
                <line number="43" hits="1" branch="False" />
                <line number="44" hits="1" branch="False" />
                <line number="45" hits="1" branch="False" />
              </lines>
            </method>
            <method name=".ctor" signature="(SauronSheet.Domain.ValueObjects.UserId,System.String,System.String,System.Nullable`1&lt;System.DateTime&gt;,System.Boolean,System.String)" line-rate="1" branch-rate="1" complexity="1">
              <lines>
                <line number="17" hits="2" branch="False" />
                <line number="18" hits="2" branch="False" />
                <line number="19" hits="2" branch="False" />
                <line number="20" hits="2" branch="False" />
                <line number="21" hits="2" branch="False" />
                <line number="22" hits="2" branch="False" />
                <line number="23" hits="2" branch="False" />
                <line number="24" hits="2" branch="False" />
                <line number="25" hits="2" branch="False" />
                <line number="26" hits="2" branch="False" />
                <line number="27" hits="2" branch="False" />
                <line number="28" hits="2" branch="False" />
                <line number="29" hits="2" branch="False" />
                <line number="30" hits="2" branch="False" />
                <line number="31" hits="2" branch="False" />
              </lines>
            </method>
            <method name=".ctor" signature="(SauronSheet.Domain.ValueObjects.AuthResult)" line-rate="0" branch-rate="1" complexity="1">
              <lines>
                <line number="8" hits="0" branch="False" />
              </lines>
            </method>
          </methods>
          <lines>
            <line number="10" hits="2" branch="False" />
            <line number="11" hits="2" branch="False" />
            <line number="12" hits="2" branch="False" />
            <line number="13" hits="2" branch="False" />
            <line number="14" hits="2" branch="False" />
            <line number="15" hits="2" branch="False" />
            <line number="38" hits="1" branch="False" />
            <line number="39" hits="1" branch="False" />
            <line number="40" hits="1" branch="False" />
            <line number="43" hits="1" branch="False" />
            <line number="44" hits="1" branch="False" />
            <line number="45" hits="1" branch="False" />
            <line number="17" hits="2" branch="False" />
            <line number="18" hits="2" branch="False" />
            <line number="19" hits="2" branch="False" />
            <line number="20" hits="2" branch="False" />
            <line number="21" hits="2" branch="False" />
            <line number="22" hits="2" branch="False" />
            <line number="23" hits="2" branch="False" />
            <line number="24" hits="2" branch="False" />
            <line number="25" hits="2" branch="False" />
            <line number="26" hits="2" branch="False" />
            <line number="27" hits="2" branch="False" />
            <line number="28" hits="2" branch="False" />
            <line number="29" hits="2" branch="False" />
            <line number="30" hits="2" branch="False" />
            <line number="31" hits="2" branch="False" />
            <line number="8" hits="0" branch="False" />
          </lines>
        </class>
        <class name="SauronSheet.Domain.ValueObjects.BudgetId" filename="ValueObjects\BudgetId.cs" line-rate="0.3333" branch-rate="1" complexity="2">
          <methods>
            <method name="get_Value" signature="()" line-rate="1" branch-rate="1" complexity="1">
              <lines>
                <line number="10" hits="20" branch="False" />
              </lines>
            </method>
            <method name=".ctor" signature="()" line-rate="0" branch-rate="1" complexity="1">
              <lines>
                <line number="12" hits="0" branch="False" />
                <line number="13" hits="0" branch="False" />
              </lines>
            </method>
          </methods>
          <lines>
            <line number="10" hits="20" branch="False" />
            <line number="12" hits="0" branch="False" />
            <line number="13" hits="0" branch="False" />
          </lines>
        </class>
        <class name="SauronSheet.Domain.ValueObjects.CategoryId" filename="ValueObjects\CategoryId.cs" line-rate="0.5" branch-rate="1" complexity="3">
          <methods>
            <method name="get_Value" signature="()" line-rate="1" branch-rate="1" complexity="1">
              <lines>
                <line number="10" hits="79" branch="False" />
              </lines>
            </method>
            <method name="New" signature="()" line-rate="1" branch-rate="1" complexity="1">
              <lines>
                <line number="15" hits="49" branch="False" />
              </lines>
            </method>
            <method name=".ctor" signature="()" line-rate="0" branch-rate="1" complexity="1">
              <lines>
                <line number="12" hits="0" branch="False" />
                <line number="13" hits="0" branch="False" />
              </lines>
            </method>
          </methods>
          <lines>
            <line number="10" hits="79" branch="False" />
            <line number="15" hits="49" branch="False" />
            <line number="12" hits="0" branch="False" />
            <line number="13" hits="0" branch="False" />
          </lines>
        </class>
        <class name="SauronSheet.Domain.ValueObjects.CategoryName" filename="ValueObjects\CategoryName.cs" line-rate="0.8946999999999999" branch-rate="0.75" complexity="13">
          <methods>
            <method name="get_Value" signature="()" line-rate="1" branch-rate="1" complexity="1">
              <lines>
                <line number="10" hits="54" branch="False" />
              </lines>
            </method>
            <method name="Create" signature="(System.String)" line-rate="0.8461" branch-rate="0.8332999999999999" complexity="6">
              <lines>
                <line number="20" hits="41" branch="False" />
                <line number="21" hits="41" branch="True" condition-coverage="100% (2/2)">
                  <conditions>
                    <condition number="9" type="jump" coverage="100%" />
                  </conditions>
                </line>
                <line number="22" hits="3" branch="False" />
                <line number="23" hits="3" branch="False" />
                <line number="26" hits="38" branch="False" />
                <line number="28" hits="38" branch="True" condition-coverage="50% (1/2)">
                  <conditions>
                    <condition number="41" type="jump" coverage="50%" />
                  </conditions>
                </line>
                <line number="29" hits="0" branch="False" />
                <line number="30" hits="0" branch="False" />
                <line number="33" hits="38" branch="True" condition-coverage="100% (2/2)">
                  <conditions>
                    <condition number="116" type="jump" coverage="100%" />
                  </conditions>
                </line>
                <line number="34" hits="1" branch="False" />
                <line number="35" hits="1" branch="False" />
                <line number="38" hits="37" branch="False" />
                <line number="39" hits="37" branch="False" />
              </lines>
            </method>
            <method name="Validate" signature="()" line-rate="1" branch-rate="0.6666" complexity="6">
              <lines>
                <line number="45" hits="2" branch="False" />
                <line number="46" hits="3" branch="True" condition-coverage="100% (2/2)">
                  <conditions>
                    <condition number="14" type="jump" coverage="100%" />
                  </conditions>
                </line>
                <line number="47" hits="1" branch="True" condition-coverage="50% (2/4)">
                  <conditions>
                    <condition number="32" type="jump" coverage="50%" />
                    <condition number="54" type="jump" coverage="50%" />
                  </conditions>
                </line>
                <line number="48" hits="1" branch="False" />
                <line number="49" hits="2" branch="False" />
              </lines>
            </method>
          </methods>
          <lines>
            <line number="10" hits="54" branch="False" />
            <line number="20" hits="41" branch="False" />
            <line number="21" hits="41" branch="True" condition-coverage="100% (2/2)">
              <conditions>
                <condition number="9" type="jump" coverage="100%" />
              </conditions>
            </line>
            <line number="22" hits="3" branch="False" />
            <line number="23" hits="3" branch="False" />
            <line number="26" hits="38" branch="False" />
            <line number="28" hits="38" branch="True" condition-coverage="50% (1/2)">
              <conditions>
                <condition number="41" type="jump" coverage="50%" />
              </conditions>
            </line>
            <line number="29" hits="0" branch="False" />
            <line number="30" hits="0" branch="False" />
            <line number="33" hits="38" branch="True" condition-coverage="100% (2/2)">
              <conditions>
                <condition number="116" type="jump" coverage="100%" />
              </conditions>
            </line>
            <line number="34" hits="1" branch="False" />
            <line number="35" hits="1" branch="False" />
            <line number="38" hits="37" branch="False" />
            <line number="39" hits="37" branch="False" />
            <line number="45" hits="2" branch="False" />
            <line number="46" hits="3" branch="True" condition-coverage="100% (2/2)">
              <conditions>
                <condition number="14" type="jump" coverage="100%" />
              </conditions>
            </line>
            <line number="47" hits="1" branch="True" condition-coverage="50% (2/4)">
              <conditions>
                <condition number="32" type="jump" coverage="50%" />
                <condition number="54" type="jump" coverage="50%" />
              </conditions>
            </line>
            <line number="48" hits="1" branch="False" />
            <line number="49" hits="2" branch="False" />
          </lines>
        </class>
        <class name="SauronSheet.Domain.ValueObjects.ColorHex" filename="ValueObjects\ColorHex.cs" line-rate="1" branch-rate="1" complexity="8">
          <methods>
            <method name="get_Value" signature="()" line-rate="1" branch-rate="1" complexity="1">
              <lines>
                <line number="11" hits="65" branch="False" />
              </lines>
            </method>
            <method name="Create" signature="(System.String)" line-rate="1" branch-rate="1" complexity="4">
              <lines>
                <line number="21" hits="51" branch="False" />
                <line number="22" hits="51" branch="True" condition-coverage="100% (2/2)">
                  <conditions>
                    <condition number="9" type="jump" coverage="100%" />
                  </conditions>
                </line>
                <line number="23" hits="3" branch="False" />
                <line number="24" hits="3" branch="False" />
                <line number="27" hits="48" branch="False" />
                <line number="29" hits="48" branch="True" condition-coverage="100% (2/2)">
                  <conditions>
                    <condition number="51" type="jump" coverage="100%" />
                  </conditions>
                </line>
                <line number="30" hits="5" branch="False" />
                <line number="31" hits="5" branch="False" />
                <line number="34" hits="43" branch="False" />
                <line number="35" hits="43" branch="False" />
              </lines>
            </method>
            <method name="Validate" signature="()" line-rate="1" branch-rate="1" complexity="2">
              <lines>
                <line number="41" hits="3" branch="False" />
                <line number="42" hits="4" branch="True" condition-coverage="100% (2/2)">
                  <conditions>
                    <condition number="14" type="jump" coverage="100%" />
                  </conditions>
                </line>
                <line number="43" hits="2" branch="False" />
                <line number="44" hits="3" branch="False" />
              </lines>
            </method>
            <method name=".cctor" signature="()" line-rate="1" branch-rate="1" complexity="1">
              <lines>
                <line number="13" hits="1" branch="False" />
              </lines>
            </method>
          </methods>
          <lines>
            <line number="11" hits="65" branch="False" />
            <line number="21" hits="51" branch="False" />
            <line number="22" hits="51" branch="True" condition-coverage="100% (2/2)">
              <conditions>
                <condition number="9" type="jump" coverage="100%" />
              </conditions>
            </line>
            <line number="23" hits="3" branch="False" />
            <line number="24" hits="3" branch="False" />
            <line number="27" hits="48" branch="False" />
            <line number="29" hits="48" branch="True" condition-coverage="100% (2/2)">
              <conditions>
                <condition number="51" type="jump" coverage="100%" />
              </conditions>
            </line>
            <line number="30" hits="5" branch="False" />
            <line number="31" hits="5" branch="False" />
            <line number="34" hits="43" branch="False" />
            <line number="35" hits="43" branch="False" />
            <line number="41" hits="3" branch="False" />
            <line number="42" hits="4" branch="True" condition-coverage="100% (2/2)">
              <conditions>
                <condition number="14" type="jump" coverage="100%" />
              </conditions>
            </line>
            <line number="43" hits="2" branch="False" />
            <line number="44" hits="3" branch="False" />
            <line number="13" hits="1" branch="False" />
          </lines>
        </class>
        <class name="SauronSheet.Domain.ValueObjects.DateRange" filename="ValueObjects\DateRange.cs" line-rate="0.5" branch-rate="0.5" complexity="7">
          <methods>
            <method name="get_StartDate" signature="()" line-rate="1" branch-rate="1" complexity="1">
              <lines>
                <line number="12" hits="23" branch="False" />
              </lines>
            </method>
            <method name="get_EndDate" signature="()" line-rate="1" branch-rate="1" complexity="1">
              <lines>
                <line number="13" hits="22" branch="False" />
              </lines>
            </method>
            <method name="ToString" signature="()" line-rate="0" branch-rate="1" complexity="1">
              <lines>
                <line number="30" hits="0" branch="False" />
              </lines>
            </method>
            <method name=".ctor" signature="()" line-rate="0" branch-rate="1" complexity="1">
              <lines>
                <line number="15" hits="0" branch="False" />
                <line number="16" hits="0" branch="False" />
                <line number="17" hits="0" branch="False" />
                <line number="18" hits="0" branch="False" />
                <line number="19" hits="0" branch="False" />
              </lines>
            </method>
            <method name=".ctor" signature="(System.DateTime,System.DateTime)" line-rate="0.8571" branch-rate="0.5" complexity="2">
              <lines>
                <line number="21" hits="22" branch="False" />
                <line number="22" hits="22" branch="False" />
                <line number="23" hits="22" branch="True" condition-coverage="50% (1/2)">
                  <conditions>
                    <condition number="17" type="jump" coverage="50%" />
                  </conditions>
                </line>
                <line number="24" hits="0" branch="False" />
                <line number="26" hits="22" branch="False" />
                <line number="27" hits="22" branch="False" />
                <line number="28" hits="22" branch="False" />
              </lines>
            </method>
            <method name=".ctor" signature="(SauronSheet.Domain.ValueObjects.DateRange)" line-rate="0" branch-rate="1" complexity="1">
              <lines>
                <line number="10" hits="0" branch="False" />
              </lines>
            </method>
          </methods>
          <lines>
            <line number="12" hits="23" branch="False" />
            <line number="13" hits="22" branch="False" />
            <line number="30" hits="0" branch="False" />
            <line number="15" hits="0" branch="False" />
            <line number="16" hits="0" branch="False" />
            <line number="17" hits="0" branch="False" />
            <line number="18" hits="0" branch="False" />
            <line number="19" hits="0" branch="False" />
            <line number="21" hits="22" branch="False" />
            <line number="22" hits="22" branch="False" />
            <line number="23" hits="22" branch="True" condition-coverage="50% (1/2)">
              <conditions>
                <condition number="17" type="jump" coverage="50%" />
              </conditions>
            </line>
            <line number="24" hits="0" branch="False" />
            <line number="26" hits="22" branch="False" />
            <line number="27" hits="22" branch="False" />
            <line number="28" hits="22" branch="False" />
            <line number="10" hits="0" branch="False" />
          </lines>
        </class>
        <class name="SauronSheet.Domain.ValueObjects.Money" filename="ValueObjects\Money.cs" line-rate="0.4473" branch-rate="0.25" complexity="19">
          <methods>
            <method name="get_Amount" signature="()" line-rate="1" branch-rate="1" complexity="1">
              <lines>
                <line number="11" hits="67" branch="False" />
              </lines>
            </method>
            <method name="get_Currency" signature="()" line-rate="1" branch-rate="1" complexity="1">
              <lines>
                <line number="12" hits="28" branch="False" />
              </lines>
            </method>
            <method name="get_IsPositive" signature="()" line-rate="1" branch-rate="1" complexity="1">
              <lines>
                <line number="14" hits="18" branch="False" />
              </lines>
            </method>
            <method name="get_IsNegative" signature="()" line-rate="0" branch-rate="1" complexity="1">
              <lines>
                <line number="15" hits="0" branch="False" />
              </lines>
            </method>
            <method name="get_IsZero" signature="()" line-rate="0" branch-rate="1" complexity="1">
              <lines>
                <line number="16" hits="0" branch="False" />
              </lines>
            </method>
            <method name="Plus" signature="(SauronSheet.Domain.ValueObjects.Money)" line-rate="0" branch-rate="0" complexity="2">
              <lines>
                <line number="31" hits="0" branch="False" />
                <line number="32" hits="0" branch="True" condition-coverage="0% (0/2)">
                  <conditions>
                    <condition number="7" type="jump" coverage="0%" />
                  </conditions>
                </line>
                <line number="33" hits="0" branch="False" />
                <line number="35" hits="0" branch="False" />
                <line number="36" hits="0" branch="False" />
                <line number="37" hits="0" branch="False" />
              </lines>
            </method>
            <method name="Minus" signature="(SauronSheet.Domain.ValueObjects.Money)" line-rate="0.8332999999999999" branch-rate="0.5" complexity="2">
              <lines>
                <line number="43" hits="2" branch="False" />
                <line number="44" hits="2" branch="True" condition-coverage="50% (1/2)">
                  <conditions>
                    <condition number="7" type="jump" coverage="50%" />
                  </conditions>
                </line>
                <line number="45" hits="0" branch="False" />
                <line number="47" hits="2" branch="False" />
                <line number="48" hits="2" branch="False" />
                <line number="49" hits="2" branch="False" />
              </lines>
            </method>
            <method name="EnsureSameCurrency" signature="(SauronSheet.Domain.ValueObjects.Money)" line-rate="0.6" branch-rate="0.5" complexity="2">
              <lines>
                <line number="52" hits="2" branch="False" />
                <line number="53" hits="2" branch="True" condition-coverage="50% (1/2)">
                  <conditions>
                    <condition number="20" type="jump" coverage="50%" />
                  </conditions>
                </line>
                <line number="54" hits="0" branch="False" />
                <line number="55" hits="0" branch="False" />
                <line number="56" hits="2" branch="False" />
              </lines>
            </method>
            <method name="ToString" signature="()" line-rate="0" branch-rate="1" complexity="1">
              <lines>
                <line number="58" hits="0" branch="False" />
              </lines>
            </method>
            <method name="Equals" signature="(System.Object)" line-rate="0" branch-rate="0" complexity="4">
              <lines>
                <line number="61" hits="0" branch="False" />
                <line number="62" hits="0" branch="True" condition-coverage="0% (0/4)">
                  <conditions>
                    <condition number="9" type="jump" coverage="0%" />
                    <condition number="28" type="jump" coverage="0%" />
                  </conditions>
                </line>
                <line number="63" hits="0" branch="False" />
                <line number="64" hits="0" branch="False" />
                <line number="65" hits="0" branch="False" />
              </lines>
            </method>
            <method name="GetHashCode" signature="()" line-rate="0" branch-rate="1" complexity="1">
              <lines>
                <line number="68" hits="0" branch="False" />
                <line number="69" hits="0" branch="False" />
                <line number="70" hits="0" branch="False" />
              </lines>
            </method>
            <method name=".ctor" signature="(System.Decimal,System.String)" line-rate="0.8571" branch-rate="0.5" complexity="2">
              <lines>
                <line number="18" hits="231" branch="False" />
                <line number="19" hits="231" branch="False" />
                <line number="20" hits="231" branch="True" condition-coverage="50% (1/2)">
                  <conditions>
                    <condition number="16" type="jump" coverage="50%" />
                  </conditions>
                </line>
                <line number="21" hits="0" branch="False" />
                <line number="23" hits="231" branch="False" />
                <line number="24" hits="231" branch="False" />
                <line number="25" hits="231" branch="False" />
              </lines>
            </method>
          </methods>
          <lines>
            <line number="11" hits="67" branch="False" />
            <line number="12" hits="28" branch="False" />
            <line number="14" hits="18" branch="False" />
            <line number="15" hits="0" branch="False" />
            <line number="16" hits="0" branch="False" />
            <line number="31" hits="0" branch="False" />
            <line number="32" hits="0" branch="True" condition-coverage="0% (0/2)">
              <conditions>
                <condition number="7" type="jump" coverage="0%" />
              </conditions>
            </line>
            <line number="33" hits="0" branch="False" />
            <line number="35" hits="0" branch="False" />
            <line number="36" hits="0" branch="False" />
            <line number="37" hits="0" branch="False" />
            <line number="43" hits="2" branch="False" />
            <line number="44" hits="2" branch="True" condition-coverage="50% (1/2)">
              <conditions>
                <condition number="7" type="jump" coverage="50%" />
              </conditions>
            </line>
            <line number="45" hits="0" branch="False" />
            <line number="47" hits="2" branch="False" />
            <line number="48" hits="2" branch="False" />
            <line number="49" hits="2" branch="False" />
            <line number="52" hits="2" branch="False" />
            <line number="53" hits="2" branch="True" condition-coverage="50% (1/2)">
              <conditions>
                <condition number="20" type="jump" coverage="50%" />
              </conditions>
            </line>
            <line number="54" hits="0" branch="False" />
            <line number="55" hits="0" branch="False" />
            <line number="56" hits="2" branch="False" />
            <line number="58" hits="0" branch="False" />
            <line number="61" hits="0" branch="False" />
            <line number="62" hits="0" branch="True" condition-coverage="0% (0/4)">
              <conditions>
                <condition number="9" type="jump" coverage="0%" />
                <condition number="28" type="jump" coverage="0%" />
              </conditions>
            </line>
            <line number="63" hits="0" branch="False" />
            <line number="64" hits="0" branch="False" />
            <line number="65" hits="0" branch="False" />
            <line number="68" hits="0" branch="False" />
            <line number="69" hits="0" branch="False" />
            <line number="70" hits="0" branch="False" />
            <line number="18" hits="231" branch="False" />
            <line number="19" hits="231" branch="False" />
            <line number="20" hits="231" branch="True" condition-coverage="50% (1/2)">
              <conditions>
                <condition number="16" type="jump" coverage="50%" />
              </conditions>
            </line>
            <line number="21" hits="0" branch="False" />
            <line number="23" hits="231" branch="False" />
            <line number="24" hits="231" branch="False" />
            <line number="25" hits="231" branch="False" />
          </lines>
        </class>
        <class name="SauronSheet.Domain.ValueObjects.RawTransactionRow" filename="ValueObjects\RawTransactionRow.cs" line-rate="0" branch-rate="1" complexity="10">
          <methods>
            <method name="get_RowNumber" signature="()" line-rate="0" branch-rate="1" complexity="1">
              <lines>
                <line number="9" hits="0" branch="False" />
              </lines>
            </method>
            <method name="get_Date" signature="()" line-rate="0" branch-rate="1" complexity="1">
              <lines>
                <line number="10" hits="0" branch="False" />
              </lines>
            </method>
            <method name="get_Category" signature="()" line-rate="0" branch-rate="1" complexity="1">
              <lines>
                <line number="11" hits="0" branch="False" />
              </lines>
            </method>
            <method name="get_SubCategory" signature="()" line-rate="0" branch-rate="1" complexity="1">
              <lines>
                <line number="12" hits="0" branch="False" />
              </lines>
            </method>
            <method name="get_Description" signature="()" line-rate="0" branch-rate="1" complexity="1">
              <lines>
                <line number="13" hits="0" branch="False" />
              </lines>
            </method>
            <method name="get_Comment" signature="()" line-rate="0" branch-rate="1" complexity="1">
              <lines>
                <line number="14" hits="0" branch="False" />
              </lines>
            </method>
            <method name="get_Amount" signature="()" line-rate="0" branch-rate="1" complexity="1">
              <lines>
                <line number="15" hits="0" branch="False" />
              </lines>
            </method>
            <method name="get_Balance" signature="()" line-rate="0" branch-rate="1" complexity="1">
              <lines>
                <line number="16" hits="0" branch="False" />
              </lines>
            </method>
            <method name="get_Currency" signature="()" line-rate="0" branch-rate="1" complexity="1">
              <lines>
                <line number="17" hits="0" branch="False" />
              </lines>
            </method>
            <method name=".ctor" signature="(System.Int32,System.String,System.String,System.String,System.String,System.String,System.String,System.String,System.String)" line-rate="0" branch-rate="1" complexity="1">
              <lines>
                <line number="8" hits="0" branch="False" />
                <line number="18" hits="0" branch="False" />
              </lines>
            </method>
          </methods>
          <lines>
            <line number="9" hits="0" branch="False" />
            <line number="10" hits="0" branch="False" />
            <line number="11" hits="0" branch="False" />
            <line number="12" hits="0" branch="False" />
            <line number="13" hits="0" branch="False" />
            <line number="14" hits="0" branch="False" />
            <line number="15" hits="0" branch="False" />
            <line number="16" hits="0" branch="False" />
            <line number="17" hits="0" branch="False" />
            <line number="8" hits="0" branch="False" />
            <line number="18" hits="0" branch="False" />
          </lines>
        </class>
        <class name="SauronSheet.Domain.ValueObjects.SubcategoryId" filename="ValueObjects\SubcategoryId.cs" line-rate="1" branch-rate="1" complexity="3">
          <methods>
            <method name="get_Value" signature="()" line-rate="1" branch-rate="1" complexity="1">
              <lines>
                <line number="10" hits="36" branch="False" />
              </lines>
            </method>
            <method name="New" signature="()" line-rate="1" branch-rate="1" complexity="1">
              <lines>
                <line number="15" hits="25" branch="False" />
              </lines>
            </method>
            <method name=".ctor" signature="()" line-rate="1" branch-rate="1" complexity="1">
              <lines>
                <line number="12" hits="1" branch="False" />
                <line number="13" hits="1" branch="False" />
              </lines>
            </method>
          </methods>
          <lines>
            <line number="10" hits="36" branch="False" />
            <line number="15" hits="25" branch="False" />
            <line number="12" hits="1" branch="False" />
            <line number="13" hits="1" branch="False" />
          </lines>
        </class>
        <class name="SauronSheet.Domain.ValueObjects.SubcategoryName" filename="ValueObjects\SubcategoryName.cs" line-rate="0.8946999999999999" branch-rate="0.75" complexity="13">
          <methods>
            <method name="get_Value" signature="()" line-rate="1" branch-rate="1" complexity="1">
              <lines>
                <line number="10" hits="33" branch="False" />
              </lines>
            </method>
            <method name="Create" signature="(System.String)" line-rate="0.8461" branch-rate="0.8332999999999999" complexity="6">
              <lines>
                <line number="20" hits="25" branch="False" />
                <line number="21" hits="25" branch="True" condition-coverage="100% (2/2)">
                  <conditions>
                    <condition number="9" type="jump" coverage="100%" />
                  </conditions>
                </line>
                <line number="22" hits="3" branch="False" />
                <line number="23" hits="3" branch="False" />
                <line number="26" hits="22" branch="False" />
                <line number="28" hits="22" branch="True" condition-coverage="50% (1/2)">
                  <conditions>
                    <condition number="41" type="jump" coverage="50%" />
                  </conditions>
                </line>
                <line number="29" hits="0" branch="False" />
                <line number="30" hits="0" branch="False" />
                <line number="33" hits="22" branch="True" condition-coverage="100% (2/2)">
                  <conditions>
                    <condition number="116" type="jump" coverage="100%" />
                  </conditions>
                </line>
                <line number="34" hits="1" branch="False" />
                <line number="35" hits="1" branch="False" />
                <line number="38" hits="21" branch="False" />
                <line number="39" hits="21" branch="False" />
              </lines>
            </method>
            <method name="Validate" signature="()" line-rate="1" branch-rate="0.6666" complexity="6">
              <lines>
                <line number="45" hits="2" branch="False" />
                <line number="46" hits="3" branch="True" condition-coverage="100% (2/2)">
                  <conditions>
                    <condition number="14" type="jump" coverage="100%" />
                  </conditions>
                </line>
                <line number="47" hits="1" branch="True" condition-coverage="50% (2/4)">
                  <conditions>
                    <condition number="32" type="jump" coverage="50%" />
                    <condition number="54" type="jump" coverage="50%" />
                  </conditions>
                </line>
                <line number="48" hits="1" branch="False" />
                <line number="49" hits="2" branch="False" />
              </lines>
            </method>
          </methods>
          <lines>
            <line number="10" hits="33" branch="False" />
            <line number="20" hits="25" branch="False" />
            <line number="21" hits="25" branch="True" condition-coverage="100% (2/2)">
              <conditions>
                <condition number="9" type="jump" coverage="100%" />
              </conditions>
            </line>
            <line number="22" hits="3" branch="False" />
            <line number="23" hits="3" branch="False" />
            <line number="26" hits="22" branch="False" />
            <line number="28" hits="22" branch="True" condition-coverage="50% (1/2)">
              <conditions>
                <condition number="41" type="jump" coverage="50%" />
              </conditions>
            </line>
            <line number="29" hits="0" branch="False" />
            <line number="30" hits="0" branch="False" />
            <line number="33" hits="22" branch="True" condition-coverage="100% (2/2)">
              <conditions>
                <condition number="116" type="jump" coverage="100%" />
              </conditions>
            </line>
            <line number="34" hits="1" branch="False" />
            <line number="35" hits="1" branch="False" />
            <line number="38" hits="21" branch="False" />
            <line number="39" hits="21" branch="False" />
            <line number="45" hits="2" branch="False" />
            <line number="46" hits="3" branch="True" condition-coverage="100% (2/2)">
              <conditions>
                <condition number="14" type="jump" coverage="100%" />
              </conditions>
            </line>
            <line number="47" hits="1" branch="True" condition-coverage="50% (2/4)">
              <conditions>
                <condition number="32" type="jump" coverage="50%" />
                <condition number="54" type="jump" coverage="50%" />
              </conditions>
            </line>
            <line number="48" hits="1" branch="False" />
            <line number="49" hits="2" branch="False" />
          </lines>
        </class>
        <class name="SauronSheet.Domain.ValueObjects.TransactionId" filename="ValueObjects\TransactionId.cs" line-rate="0.3333" branch-rate="1" complexity="2">
          <methods>
            <method name="get_Value" signature="()" line-rate="1" branch-rate="1" complexity="1">
              <lines>
                <line number="10" hits="2188" branch="False" />
              </lines>
            </method>
            <method name=".ctor" signature="()" line-rate="0" branch-rate="1" complexity="1">
              <lines>
                <line number="12" hits="0" branch="False" />
                <line number="13" hits="0" branch="False" />
              </lines>
            </method>
          </methods>
          <lines>
            <line number="10" hits="2188" branch="False" />
            <line number="12" hits="0" branch="False" />
            <line number="13" hits="0" branch="False" />
          </lines>
        </class>
        <class name="SauronSheet.Domain.ValueObjects.UserId" filename="ValueObjects\UserId.cs" line-rate="0.8887999999999999" branch-rate="1" complexity="5">
          <methods>
            <method name="get_Value" signature="()" line-rate="1" branch-rate="1" complexity="1">
              <lines>
                <line number="13" hits="11" branch="False" />
              </lines>
            </method>
            <method name="ToString" signature="()" line-rate="1" branch-rate="1" complexity="1">
              <lines>
                <line number="23" hits="1" branch="False" />
              </lines>
            </method>
            <method name=".ctor" signature="(System.String)" line-rate="1" branch-rate="1" complexity="2">
              <lines>
                <line number="15" hits="113" branch="False" />
                <line number="16" hits="113" branch="False" />
                <line number="17" hits="113" branch="True" condition-coverage="100% (2/2)">
                  <conditions>
                    <condition number="16" type="jump" coverage="100%" />
                  </conditions>
                </line>
                <line number="18" hits="3" branch="False" />
                <line number="20" hits="110" branch="False" />
                <line number="21" hits="110" branch="False" />
              </lines>
            </method>
            <method name=".ctor" signature="(SauronSheet.Domain.ValueObjects.UserId)" line-rate="0" branch-rate="1" complexity="1">
              <lines>
                <line number="11" hits="0" branch="False" />
              </lines>
            </method>
          </methods>
          <lines>
            <line number="13" hits="11" branch="False" />
            <line number="23" hits="1" branch="False" />
            <line number="15" hits="113" branch="False" />
            <line number="16" hits="113" branch="False" />
            <line number="17" hits="113" branch="True" condition-coverage="100% (2/2)">
              <conditions>
                <condition number="16" type="jump" coverage="100%" />
              </conditions>
            </line>
            <line number="18" hits="3" branch="False" />
            <line number="20" hits="110" branch="False" />
            <line number="21" hits="110" branch="False" />
            <line number="11" hits="0" branch="False" />
          </lines>
        </class>
        <class name="SauronSheet.Domain.ValueObjects.UserProfile" filename="ValueObjects\UserProfile.cs" line-rate="0" branch-rate="0" complexity="7">
          <methods>
            <method name="get_Id" signature="()" line-rate="0" branch-rate="1" complexity="1">
              <lines>
                <line number="12" hits="0" branch="False" />
              </lines>
            </method>
            <method name="get_Email" signature="()" line-rate="0" branch-rate="1" complexity="1">
              <lines>
                <line number="13" hits="0" branch="False" />
              </lines>
            </method>
            <method name="get_DisplayName" signature="()" line-rate="0" branch-rate="1" complexity="1">
              <lines>
                <line number="14" hits="0" branch="False" />
              </lines>
            </method>
            <method name="get_CreatedAt" signature="()" line-rate="0" branch-rate="1" complexity="1">
              <lines>
                <line number="15" hits="0" branch="False" />
              </lines>
            </method>
            <method name=".ctor" signature="(SauronSheet.Domain.ValueObjects.UserId,System.String,System.String,System.DateTime)" line-rate="0" branch-rate="0" complexity="2">
              <lines>
                <line number="17" hits="0" branch="False" />
                <line number="18" hits="0" branch="False" />
                <line number="19" hits="0" branch="True" condition-coverage="0% (0/2)">
                  <conditions>
                    <condition number="16" type="jump" coverage="0%" />
                  </conditions>
                </line>
                <line number="20" hits="0" branch="False" />
                <line number="22" hits="0" branch="False" />
                <line number="23" hits="0" branch="False" />
                <line number="24" hits="0" branch="False" />
                <line number="25" hits="0" branch="False" />
                <line number="26" hits="0" branch="False" />
              </lines>
            </method>
            <method name=".ctor" signature="(SauronSheet.Domain.ValueObjects.UserProfile)" line-rate="0" branch-rate="1" complexity="1">
              <lines>
                <line number="10" hits="0" branch="False" />
              </lines>
            </method>
          </methods>
          <lines>
            <line number="12" hits="0" branch="False" />
            <line number="13" hits="0" branch="False" />
            <line number="14" hits="0" branch="False" />
            <line number="15" hits="0" branch="False" />
            <line number="17" hits="0" branch="False" />
            <line number="18" hits="0" branch="False" />
            <line number="19" hits="0" branch="True" condition-coverage="0% (0/2)">
              <conditions>
                <condition number="16" type="jump" coverage="0%" />
              </conditions>
            </line>
            <line number="20" hits="0" branch="False" />
            <line number="22" hits="0" branch="False" />
            <line number="23" hits="0" branch="False" />
            <line number="24" hits="0" branch="False" />
            <line number="25" hits="0" branch="False" />
            <line number="26" hits="0" branch="False" />
            <line number="10" hits="0" branch="False" />
          </lines>
        </class>
        <class name="SauronSheet.Domain.Specifications.BaseSpecification`1" filename="Specifications\BaseSpecification.cs" line-rate="0.6666" branch-rate="0.5" complexity="7">
          <methods>
            <method name="get_Criteria" signature="()" line-rate="1" branch-rate="1" complexity="1">
              <lines>
                <line number="13" hits="77" branch="False" />
              </lines>
            </method>
            <method name="get_MaxResults" signature="()" line-rate="1" branch-rate="1" complexity="1">
              <lines>
                <line number="14" hits="32" branch="False" />
              </lines>
            </method>
            <method name="get_Includes" signature="()" line-rate="1" branch-rate="1" complexity="1">
              <lines>
                <line number="15" hits="26" branch="False" />
              </lines>
            </method>
            <method name="get_IncludeStrings" signature="()" line-rate="1" branch-rate="1" complexity="1">
              <lines>
                <line number="16" hits="26" branch="False" />
              </lines>
            </method>
            <method name=".ctor" signature="(System.Linq.Expressions.Expression`1&lt;System.Func`2&lt;T,System.Boolean&gt;&gt;)" line-rate="1" branch-rate="0.5" complexity="2">
              <lines>
                <line number="18" hits="26" branch="False" />
                <line number="19" hits="26" branch="False" />
                <line number="20" hits="26" branch="True" condition-coverage="50% (1/2)">
                  <conditions>
                    <condition number="51" type="jump" coverage="50%" />
                  </conditions>
                </line>
                <line number="21" hits="26" branch="False" />
              </lines>
            </method>
            <method name=".ctor" signature="()" line-rate="0" branch-rate="1" complexity="1">
              <lines>
                <line number="23" hits="0" branch="False" />
                <line number="24" hits="0" branch="False" />
                <line number="25" hits="0" branch="False" />
                <line number="26" hits="0" branch="False" />
              </lines>
            </method>
          </methods>
          <lines>
            <line number="13" hits="77" branch="False" />
            <line number="14" hits="32" branch="False" />
            <line number="15" hits="26" branch="False" />
            <line number="16" hits="26" branch="False" />
            <line number="18" hits="26" branch="False" />
            <line number="19" hits="26" branch="False" />
            <line number="20" hits="26" branch="True" condition-coverage="50% (1/2)">
              <conditions>
                <condition number="51" type="jump" coverage="50%" />
              </conditions>
            </line>
            <line number="21" hits="26" branch="False" />
            <line number="23" hits="0" branch="False" />
            <line number="24" hits="0" branch="False" />
            <line number="25" hits="0" branch="False" />
            <line number="26" hits="0" branch="False" />
          </lines>
        </class>
        <class name="SauronSheet.Domain.Specifications.CompositeSpecification`1" filename="Specifications\CompositeSpecification.cs" line-rate="1" branch-rate="1" complexity="2">
          <methods>
            <method name="And" signature="(SauronSheet.Domain.Repositories.ISpecification`1&lt;T&gt;,SauronSheet.Domain.Repositories.ISpecification`1&lt;T&gt;)" line-rate="1" branch-rate="1" complexity="1">
              <lines>
                <line number="22" hits="4" branch="False" />
                <line number="23" hits="4" branch="False" />
                <line number="24" hits="4" branch="False" />
                <line number="25" hits="4" branch="False" />
                <line number="26" hits="4" branch="False" />
                <line number="27" hits="4" branch="False" />
                <line number="29" hits="4" branch="False" />
                <line number="30" hits="4" branch="False" />
              </lines>
            </method>
            <method name=".ctor" signature="(System.Linq.Expressions.Expression`1&lt;System.Func`2&lt;T,System.Boolean&gt;&gt;)" line-rate="1" branch-rate="1" complexity="1">
              <lines>
                <line number="14" hits="4" branch="False" />
                <line number="15" hits="4" branch="False" />
                <line number="16" hits="4" branch="False" />
              </lines>
            </method>
          </methods>
          <lines>
            <line number="22" hits="4" branch="False" />
            <line number="23" hits="4" branch="False" />
            <line number="24" hits="4" branch="False" />
            <line number="25" hits="4" branch="False" />
            <line number="26" hits="4" branch="False" />
            <line number="27" hits="4" branch="False" />
            <line number="29" hits="4" branch="False" />
            <line number="30" hits="4" branch="False" />
            <line number="14" hits="4" branch="False" />
            <line number="15" hits="4" branch="False" />
            <line number="16" hits="4" branch="False" />
          </lines>
        </class>
        <class name="SauronSheet.Domain.Specifications.TransactionByAmountRangeSpecification" filename="Specifications\TransactionByAmountRangeSpecification.cs" line-rate="0.7142000000000001" branch-rate="0.5" complexity="4">
          <methods>
            <method name=".ctor" signature="(SauronSheet.Domain.ValueObjects.Money,SauronSheet.Domain.ValueObjects.Money)" line-rate="0.7142000000000001" branch-rate="0.5" complexity="4">
              <lines>
                <line number="14" hits="6" branch="False" />
                <line number="15" hits="6" branch="False" />
                <line number="16" hits="6" branch="True" condition-coverage="50% (1/2)">
                  <conditions>
                    <condition number="274" type="jump" coverage="50%" />
                  </conditions>
                </line>
                <line number="17" hits="0" branch="False" />
                <line number="18" hits="6" branch="True" condition-coverage="50% (1/2)">
                  <conditions>
                    <condition number="298" type="jump" coverage="50%" />
                  </conditions>
                </line>
                <line number="19" hits="0" branch="False" />
                <line number="20" hits="6" branch="False" />
              </lines>
            </method>
          </methods>
          <lines>
            <line number="14" hits="6" branch="False" />
            <line number="15" hits="6" branch="False" />
            <line number="16" hits="6" branch="True" condition-coverage="50% (1/2)">
              <conditions>
                <condition number="274" type="jump" coverage="50%" />
              </conditions>
            </line>
            <line number="17" hits="0" branch="False" />
            <line number="18" hits="6" branch="True" condition-coverage="50% (1/2)">
              <conditions>
                <condition number="298" type="jump" coverage="50%" />
              </conditions>
            </line>
            <line number="19" hits="0" branch="False" />
            <line number="20" hits="6" branch="False" />
          </lines>
        </class>
        <class name="SauronSheet.Domain.Specifications.TransactionByCategorySpecification" filename="Specifications\TransactionByCategorySpecification.cs" line-rate="1" branch-rate="1" complexity="1">
          <methods>
            <method name=".ctor" signature="(SauronSheet.Domain.ValueObjects.CategoryId)" line-rate="1" branch-rate="1" complexity="1">
              <lines>
                <line number="13" hits="3" branch="False" />
                <line number="14" hits="3" branch="False" />
                <line number="15" hits="3" branch="False" />
              </lines>
            </method>
          </methods>
          <lines>
            <line number="13" hits="3" branch="False" />
            <line number="14" hits="3" branch="False" />
            <line number="15" hits="3" branch="False" />
          </lines>
        </class>
        <class name="SauronSheet.Domain.Specifications.TransactionByDateRangeSpecification" filename="Specifications\TransactionByDateRangeSpecification.cs" line-rate="1" branch-rate="1" complexity="1">
          <methods>
            <method name=".ctor" signature="(System.DateTime,System.DateTime)" line-rate="1" branch-rate="1" complexity="1">
              <lines>
                <line number="13" hits="1" branch="False" />
                <line number="14" hits="1" branch="False" />
                <line number="15" hits="1" branch="False" />
              </lines>
            </method>
          </methods>
          <lines>
            <line number="13" hits="1" branch="False" />
            <line number="14" hits="1" branch="False" />
            <line number="15" hits="1" branch="False" />
          </lines>
        </class>
        <class name="SauronSheet.Domain.Specifications.TransactionByDescriptionKeywordSpecification" filename="Specifications\TransactionByDescriptionKeywordSpecification.cs" line-rate="1" branch-rate="1" complexity="2">
          <methods>
            <method name=".ctor" signature="(System.String)" line-rate="1" branch-rate="1" complexity="2">
              <lines>
                <line number="13" hits="4" branch="False" />
                <line number="14" hits="4" branch="False" />
                <line number="15" hits="4" branch="True" condition-coverage="100% (2/2)">
                  <conditions>
                    <condition number="201" type="jump" coverage="100%" />
                  </conditions>
                </line>
                <line number="16" hits="1" branch="False" />
                <line number="17" hits="3" branch="False" />
              </lines>
            </method>
          </methods>
          <lines>
            <line number="13" hits="4" branch="False" />
            <line number="14" hits="4" branch="False" />
            <line number="15" hits="4" branch="True" condition-coverage="100% (2/2)">
              <conditions>
                <condition number="201" type="jump" coverage="100%" />
              </conditions>
            </line>
            <line number="16" hits="1" branch="False" />
            <line number="17" hits="3" branch="False" />
          </lines>
        </class>
        <class name="SauronSheet.Domain.Specifications.TransactionByIdSpecification" filename="Specifications\TransactionByIdSpecification.cs" line-rate="0.8571" branch-rate="0.65" complexity="20">
          <methods>
            <method name="BuildCriteria" signature="(SauronSheet.Domain.ValueObjects.UserId,System.Collections.Generic.IEnumerable`1&lt;SauronSheet.Domain.ValueObjects.TransactionId&gt;)" line-rate="1" branch-rate="0.8" complexity="10">
              <lines>
                <line number="48" hits="8" branch="False" />
                <line number="49" hits="8" branch="True" condition-coverage="100% (2/2)">
                  <conditions>
                    <condition number="28" type="jump" coverage="100%" />
                  </conditions>
                </line>
                <line number="50" hits="1" branch="False" />
                <line number="52" hits="7" branch="True" condition-coverage="50% (2/4)">
                  <conditions>
                    <condition number="42" type="jump" coverage="50%" />
                    <condition number="54" type="jump" coverage="50%" />
                  </conditions>
                </line>
                <line number="54" hits="7" branch="True" condition-coverage="100% (2/2)">
                  <conditions>
                    <condition number="74" type="jump" coverage="100%" />
                  </conditions>
                </line>
                <line number="55" hits="1" branch="False" />
                <line number="57" hits="6" branch="True" condition-coverage="100% (2/2)">
                  <conditions>
                    <condition number="104" type="jump" coverage="100%" />
                  </conditions>
                </line>
                <line number="58" hits="1" branch="False" />
                <line number="61" hits="5" branch="False" />
                <line number="64" hits="5" branch="False" />
                <line number="65" hits="5" branch="False" />
              </lines>
            </method>
            <method name=".ctor" signature="(SauronSheet.Domain.ValueObjects.UserId,System.Collections.Generic.IEnumerable`1&lt;SauronSheet.Domain.ValueObjects.TransactionId&gt;)" line-rate="0.7" branch-rate="0.5" complexity="10">
              <lines>
                <line number="28" hits="8" branch="False" />
                <line number="29" hits="5" branch="False" />
                <line number="32" hits="5" branch="True" condition-coverage="50% (1/2)">
                  <conditions>
                    <condition number="24" type="jump" coverage="50%" />
                  </conditions>
                </line>
                <line number="33" hits="0" branch="False" />
                <line number="35" hits="5" branch="True" condition-coverage="50% (2/4)">
                  <conditions>
                    <condition number="38" type="jump" coverage="50%" />
                    <condition number="50" type="jump" coverage="50%" />
                  </conditions>
                </line>
                <line number="37" hits="5" branch="True" condition-coverage="50% (1/2)">
                  <conditions>
                    <condition number="75" type="jump" coverage="50%" />
                  </conditions>
                </line>
                <line number="38" hits="0" branch="False" />
                <line number="40" hits="5" branch="True" condition-coverage="50% (1/2)">
                  <conditions>
                    <condition number="167" type="jump" coverage="50%" />
                  </conditions>
                </line>
                <line number="41" hits="0" branch="False" />
                <line number="42" hits="5" branch="False" />
              </lines>
            </method>
          </methods>
          <lines>
            <line number="48" hits="8" branch="False" />
            <line number="49" hits="8" branch="True" condition-coverage="100% (2/2)">
              <conditions>
                <condition number="28" type="jump" coverage="100%" />
              </conditions>
            </line>
            <line number="50" hits="1" branch="False" />
            <line number="52" hits="7" branch="True" condition-coverage="50% (2/4)">
              <conditions>
                <condition number="42" type="jump" coverage="50%" />
                <condition number="54" type="jump" coverage="50%" />
              </conditions>
            </line>
            <line number="54" hits="7" branch="True" condition-coverage="100% (2/2)">
              <conditions>
                <condition number="74" type="jump" coverage="100%" />
              </conditions>
            </line>
            <line number="55" hits="1" branch="False" />
            <line number="57" hits="6" branch="True" condition-coverage="100% (2/2)">
              <conditions>
                <condition number="104" type="jump" coverage="100%" />
              </conditions>
            </line>
            <line number="58" hits="1" branch="False" />
            <line number="61" hits="5" branch="False" />
            <line number="64" hits="5" branch="False" />
            <line number="65" hits="5" branch="False" />
            <line number="28" hits="8" branch="False" />
            <line number="29" hits="5" branch="False" />
            <line number="32" hits="5" branch="True" condition-coverage="50% (1/2)">
              <conditions>
                <condition number="24" type="jump" coverage="50%" />
              </conditions>
            </line>
            <line number="33" hits="0" branch="False" />
            <line number="35" hits="5" branch="True" condition-coverage="50% (2/4)">
              <conditions>
                <condition number="38" type="jump" coverage="50%" />
                <condition number="50" type="jump" coverage="50%" />
              </conditions>
            </line>
            <line number="37" hits="5" branch="True" condition-coverage="50% (1/2)">
              <conditions>
                <condition number="75" type="jump" coverage="50%" />
              </conditions>
            </line>
            <line number="38" hits="0" branch="False" />
            <line number="40" hits="5" branch="True" condition-coverage="50% (1/2)">
              <conditions>
                <condition number="167" type="jump" coverage="50%" />
              </conditions>
            </line>
            <line number="41" hits="0" branch="False" />
            <line number="42" hits="5" branch="False" />
          </lines>
        </class>
        <class name="SauronSheet.Domain.Specifications.TransactionByUserSpecification" filename="Specifications\TransactionByUserSpecification.cs" line-rate="1" branch-rate="1" complexity="1">
          <methods>
            <method name=".ctor" signature="(SauronSheet.Domain.ValueObjects.UserId)" line-rate="1" branch-rate="1" complexity="1">
              <lines>
                <line number="13" hits="3" branch="False" />
                <line number="14" hits="3" branch="False" />
                <line number="15" hits="3" branch="False" />
              </lines>
            </method>
          </methods>
          <lines>
            <line number="13" hits="3" branch="False" />
            <line number="14" hits="3" branch="False" />
            <line number="15" hits="3" branch="False" />
          </lines>
        </class>
        <class name="SauronSheet.Domain.Services.BudgetService" filename="Services\BudgetService.cs" line-rate="1" branch-rate="0.875" complexity="8">
          <methods>
            <method name="GetStatusLevel" signature="(System.Decimal)" line-rate="1" branch-rate="1" complexity="6">
              <lines>
                <line number="41" hits="6" branch="False" />
                <line number="42" hits="6" branch="True" condition-coverage="100% (6/6)">
                  <conditions>
                    <condition number="21" type="jump" coverage="100%" />
                    <condition number="40" type="jump" coverage="100%" />
                    <condition number="60" type="jump" coverage="100%" />
                  </conditions>
                </line>
                <line number="43" hits="6" branch="False" />
                <line number="44" hits="1" branch="False" />
                <line number="45" hits="1" branch="False" />
                <line number="46" hits="2" branch="False" />
                <line number="47" hits="2" branch="False" />
                <line number="48" hits="6" branch="False" />
                <line number="49" hits="6" branch="False" />
              </lines>
            </method>
            <method name=".ctor" signature="(SauronSheet.Domain.Repositories.IBudgetRepository)" line-rate="1" branch-rate="0.5" complexity="2">
              <lines>
                <line number="19" hits="4" branch="False" />
                <line number="20" hits="4" branch="False" />
                <line number="21" hits="4" branch="True" condition-coverage="50% (1/2)">
                  <conditions>
                    <condition number="11" type="jump" coverage="50%" />
                  </conditions>
                </line>
                <line number="22" hits="4" branch="False" />
              </lines>
            </method>
          </methods>
          <lines>
            <line number="41" hits="6" branch="False" />
            <line number="42" hits="6" branch="True" condition-coverage="100% (6/6)">
              <conditions>
                <condition number="21" type="jump" coverage="100%" />
                <condition number="40" type="jump" coverage="100%" />
                <condition number="60" type="jump" coverage="100%" />
              </conditions>
            </line>
            <line number="43" hits="6" branch="False" />
            <line number="44" hits="1" branch="False" />
            <line number="45" hits="1" branch="False" />
            <line number="46" hits="2" branch="False" />
            <line number="47" hits="2" branch="False" />
            <line number="48" hits="6" branch="False" />
            <line number="49" hits="6" branch="False" />
            <line number="19" hits="4" branch="False" />
            <line number="20" hits="4" branch="False" />
            <line number="21" hits="4" branch="True" condition-coverage="50% (1/2)">
              <conditions>
                <condition number="11" type="jump" coverage="50%" />
              </conditions>
            </line>
            <line number="22" hits="4" branch="False" />
          </lines>
        </class>
        <class name="SauronSheet.Domain.Services.BudgetService/&lt;ValidateUniqueBudget&gt;d__2" filename="Services\BudgetService.cs" line-rate="1" branch-rate="1" complexity="2">
          <methods>
            <method name="MoveNext" signature="()" line-rate="1" branch-rate="1" complexity="2">
              <lines>
                <line number="29" hits="4" branch="False" />
                <line number="30" hits="4" branch="False" />
                <line number="31" hits="4" branch="True" condition-coverage="100% (2/2)">
                  <conditions>
                    <condition number="174" type="jump" coverage="100%" />
                  </conditions>
                </line>
                <line number="32" hits="1" branch="False" />
                <line number="33" hits="1" branch="False" />
                <line number="34" hits="3" branch="False" />
              </lines>
            </method>
          </methods>
          <lines>
            <line number="29" hits="4" branch="False" />
            <line number="30" hits="4" branch="False" />
            <line number="31" hits="4" branch="True" condition-coverage="100% (2/2)">
              <conditions>
                <condition number="174" type="jump" coverage="100%" />
              </conditions>
            </line>
            <line number="32" hits="1" branch="False" />
            <line number="33" hits="1" branch="False" />
            <line number="34" hits="3" branch="False" />
          </lines>
        </class>
        <class name="SauronSheet.Domain.Services.CategoryService" filename="Services\CategoryService.cs" line-rate="1" branch-rate="0.75" complexity="4">
          <methods>
            <method name="CanDeleteCategory" signature="(SauronSheet.Domain.Entities.Category,System.Boolean)" line-rate="1" branch-rate="1" complexity="2">
              <lines>
                <line number="51" hits="4" branch="False" />
                <line number="52" hits="4" branch="True" condition-coverage="100% (2/2)">
                  <conditions>
                    <condition number="10" type="jump" coverage="100%" />
                  </conditions>
                </line>
                <line number="53" hits="1" branch="False" />
                <line number="54" hits="1" branch="False" />
                <line number="57" hits="3" branch="False" />
                <line number="58" hits="3" branch="False" />
              </lines>
            </method>
            <method name=".ctor" signature="(SauronSheet.Domain.Repositories.ICategoryRepository)" line-rate="1" branch-rate="0.5" complexity="2">
              <lines>
                <line number="19" hits="8" branch="False" />
                <line number="20" hits="8" branch="False" />
                <line number="21" hits="8" branch="True" condition-coverage="50% (1/2)">
                  <conditions>
                    <condition number="11" type="jump" coverage="50%" />
                  </conditions>
                </line>
                <line number="22" hits="8" branch="False" />
              </lines>
            </method>
          </methods>
          <lines>
            <line number="51" hits="4" branch="False" />
            <line number="52" hits="4" branch="True" condition-coverage="100% (2/2)">
              <conditions>
                <condition number="10" type="jump" coverage="100%" />
              </conditions>
            </line>
            <line number="53" hits="1" branch="False" />
            <line number="54" hits="1" branch="False" />
            <line number="57" hits="3" branch="False" />
            <line number="58" hits="3" branch="False" />
            <line number="19" hits="8" branch="False" />
            <line number="20" hits="8" branch="False" />
            <line number="21" hits="8" branch="True" condition-coverage="50% (1/2)">
              <conditions>
                <condition number="11" type="jump" coverage="50%" />
              </conditions>
            </line>
            <line number="22" hits="8" branch="False" />
          </lines>
        </class>
        <class name="SauronSheet.Domain.Services.CategoryService/&lt;ValidateUniqueName&gt;d__2" filename="Services\CategoryService.cs" line-rate="1" branch-rate="1" complexity="4">
          <methods>
            <method name="MoveNext" signature="()" line-rate="1" branch-rate="1" complexity="4">
              <lines>
                <line number="30" hits="4" branch="False" />
                <line number="31" hits="4" branch="True" condition-coverage="100% (2/2)">
                  <conditions>
                    <condition number="28" type="jump" coverage="100%" />
                  </conditions>
                </line>
                <line number="32" hits="1" branch="False" />
                <line number="33" hits="1" branch="False" />
                <line number="36" hits="3" branch="False" />
                <line number="39" hits="3" branch="False" />
                <line number="40" hits="3" branch="True" condition-coverage="100% (2/2)">
                  <conditions>
                    <condition number="217" type="jump" coverage="100%" />
                  </conditions>
                </line>
                <line number="41" hits="1" branch="False" />
                <line number="42" hits="1" branch="False" />
                <line number="44" hits="2" branch="False" />
              </lines>
            </method>
          </methods>
          <lines>
            <line number="30" hits="4" branch="False" />
            <line number="31" hits="4" branch="True" condition-coverage="100% (2/2)">
              <conditions>
                <condition number="28" type="jump" coverage="100%" />
              </conditions>
            </line>
            <line number="32" hits="1" branch="False" />
            <line number="33" hits="1" branch="False" />
            <line number="36" hits="3" branch="False" />
            <line number="39" hits="3" branch="False" />
            <line number="40" hits="3" branch="True" condition-coverage="100% (2/2)">
              <conditions>
                <condition number="217" type="jump" coverage="100%" />
              </conditions>
            </line>
            <line number="41" hits="1" branch="False" />
            <line number="42" hits="1" branch="False" />
            <line number="44" hits="2" branch="False" />
          </lines>
        </class>
        <class name="SauronSheet.Domain.Repositories.BankCategoryTranslation" filename="Repositories\IBankCategoryTranslationRepository.cs" line-rate="0" branch-rate="1" complexity="5">
          <methods>
            <method name="get_BankCategory" signature="()" line-rate="0" branch-rate="1" complexity="1">
              <lines>
                <line number="10" hits="0" branch="False" />
              </lines>
            </method>
            <method name="get_BankSubcategory" signature="()" line-rate="0" branch-rate="1" complexity="1">
              <lines>
                <line number="11" hits="0" branch="False" />
              </lines>
            </method>
            <method name="get_ResolvedCategoryName" signature="()" line-rate="0" branch-rate="1" complexity="1">
              <lines>
                <line number="12" hits="0" branch="False" />
              </lines>
            </method>
            <method name="get_ResolvedSubcategoryName" signature="()" line-rate="0" branch-rate="1" complexity="1">
              <lines>
                <line number="13" hits="0" branch="False" />
              </lines>
            </method>
            <method name=".ctor" signature="(System.String,System.String,System.String,System.String)" line-rate="0" branch-rate="1" complexity="1">
              <lines>
                <line number="9" hits="0" branch="False" />
              </lines>
            </method>
          </methods>
          <lines>
            <line number="10" hits="0" branch="False" />
            <line number="11" hits="0" branch="False" />
            <line number="12" hits="0" branch="False" />
            <line number="13" hits="0" branch="False" />
            <line number="9" hits="0" branch="False" />
          </lines>
        </class>
        <class name="SauronSheet.Domain.Repositories.ISpecification`1" filename="Repositories\ISpecification.cs" line-rate="1" branch-rate="1" complexity="1">
          <methods>
            <method name="get_MaxResults" signature="()" line-rate="1" branch-rate="1" complexity="1">
              <lines>
                <line number="14" hits="1" branch="False" />
              </lines>
            </method>
          </methods>
          <lines>
            <line number="14" hits="1" branch="False" />
          </lines>
        </class>
        <class name="SauronSheet.Domain.Exceptions.DomainException" filename="Exceptions\DomainException.cs" line-rate="1" branch-rate="1" complexity="2">
          <methods>
            <method name=".ctor" signature="(System.String)" line-rate="1" branch-rate="1" complexity="1">
              <lines>
                <line number="10" hits="38" branch="False" />
                <line number="11" hits="38" branch="False" />
                <line number="12" hits="38" branch="False" />
              </lines>
            </method>
            <method name=".ctor" signature="(System.String,System.Exception)" line-rate="1" branch-rate="1" complexity="1">
              <lines>
                <line number="15" hits="1" branch="False" />
                <line number="16" hits="1" branch="False" />
                <line number="17" hits="1" branch="False" />
              </lines>
            </method>
          </methods>
          <lines>
            <line number="10" hits="38" branch="False" />
            <line number="11" hits="38" branch="False" />
            <line number="12" hits="38" branch="False" />
            <line number="15" hits="1" branch="False" />
            <line number="16" hits="1" branch="False" />
            <line number="17" hits="1" branch="False" />
          </lines>
        </class>
        <class name="SauronSheet.Domain.Exceptions.EntityNotFoundException" filename="Exceptions\EntityNotFoundException.cs" line-rate="1" branch-rate="1" complexity="3">
          <methods>
            <method name="get_EntityName" signature="()" line-rate="1" branch-rate="1" complexity="1">
              <lines>
                <line number="9" hits="1" branch="False" />
              </lines>
            </method>
            <method name="get_EntityId" signature="()" line-rate="1" branch-rate="1" complexity="1">
              <lines>
                <line number="10" hits="1" branch="False" />
              </lines>
            </method>
            <method name=".ctor" signature="(System.String,System.Object)" line-rate="1" branch-rate="1" complexity="1">
              <lines>
                <line number="13" hits="2" branch="False" />
                <line number="14" hits="2" branch="False" />
                <line number="15" hits="2" branch="False" />
                <line number="16" hits="2" branch="False" />
                <line number="17" hits="2" branch="False" />
              </lines>
            </method>
          </methods>
          <lines>
            <line number="9" hits="1" branch="False" />
            <line number="10" hits="1" branch="False" />
            <line number="13" hits="2" branch="False" />
            <line number="14" hits="2" branch="False" />
            <line number="15" hits="2" branch="False" />
            <line number="16" hits="2" branch="False" />
            <line number="17" hits="2" branch="False" />
          </lines>
        </class>
        <class name="SauronSheet.Domain.Entities.Budget" filename="Entities\Budget.cs" line-rate="1" branch-rate="0.7916" complexity="28">
          <methods>
            <method name="get_UserId" signature="()" line-rate="1" branch-rate="1" complexity="1">
              <lines>
                <line number="15" hits="20" branch="False" />
              </lines>
            </method>
            <method name="get_CategoryId" signature="()" line-rate="1" branch-rate="1" complexity="1">
              <lines>
                <line number="16" hits="19" branch="False" />
              </lines>
            </method>
            <method name="get_Period" signature="()" line-rate="1" branch-rate="1" complexity="1">
              <lines>
                <line number="17" hits="18" branch="False" />
              </lines>
            </method>
            <method name="get_Limit" signature="()" line-rate="1" branch-rate="1" complexity="1">
              <lines>
                <line number="18" hits="38" branch="False" />
              </lines>
            </method>
            <method name="IsOverBudget" signature="(SauronSheet.Domain.ValueObjects.Money)" line-rate="1" branch-rate="0.5" complexity="2">
              <lines>
                <line number="44" hits="4" branch="False" />
                <line number="45" hits="4" branch="True" condition-coverage="50% (1/2)">
                  <conditions>
[...]
            <line number="26" hits="12" branch="False" />
            <line number="27" hits="12" branch="True" condition-coverage="100% (2/2)">
              <conditions>
                <condition number="12" type="jump" coverage="100%" />
              </conditions>
            </line>
            <line number="28" hits="11" branch="True" condition-coverage="100% (2/2)">
              <conditions>
                <condition number="36" type="jump" coverage="100%" />
              </conditions>
            </line>
            <line number="29" hits="10" branch="False" />
            <line number="30" hits="10" branch="False" />
            <line number="31" hits="10" branch="False" />
          </lines>
        </class>
        <class name="SauronSheet.Domain.Entities.Transaction" filename="Entities\Transaction.cs" line-rate="0.8085" branch-rate="0.5" complexity="21">
          <methods>
            <method name="get_UserId" signature="()" line-rate="1" branch-rate="1" complexity="1">
              <lines>
                <line number="13" hits="362" branch="False" />
              </lines>
            </method>
            <method name="get_Amount" signature="()" line-rate="1" branch-rate="1" complexity="1">
              <lines>
                <line number="14" hits="208" branch="False" />
              </lines>
            </method>
            <method name="get_Date" signature="()" line-rate="1" branch-rate="1" complexity="1">
              <lines>
                <line number="15" hits="188" branch="False" />
              </lines>
            </method>
            <method name="get_Description" signature="()" line-rate="1" branch-rate="1" complexity="1">
              <lines>
                <line number="16" hits="190" branch="False" />
              </lines>
            </method>
            <method name="get_CategoryId" signature="()" line-rate="1" branch-rate="1" complexity="1">
              <lines>
                <line number="17" hits="203" branch="False" />
              </lines>
            </method>
            <method name="get_ImportedFrom" signature="()" line-rate="1" branch-rate="1" complexity="1">
              <lines>
                <line number="18" hits="188" branch="False" />
              </lines>
            </method>
            <method name="get_BankCategory" signature="()" line-rate="1" branch-rate="1" complexity="1">
              <lines>
                <line number="21" hits="190" branch="False" />
              </lines>
            </method>
            <method name="get_BankSubcategory" signature="()" line-rate="1" branch-rate="1" complexity="1">
              <lines>
                <line number="24" hits="190" branch="False" />
              </lines>
            </method>
            <method name="get_SubcategoryId" signature="()" line-rate="1" branch-rate="1" complexity="1">
              <lines>
                <line number="27" hits="193" branch="False" />
              </lines>
            </method>
            <method name="get_CategorySource" signature="()" line-rate="1" branch-rate="1" complexity="1">
              <lines>
                <line number="30" hits="202" branch="False" />
              </lines>
            </method>
            <method name="Categorize" signature="(SauronSheet.Domain.ValueObjects.CategoryId)" line-rate="1" branch-rate="1" complexity="2">
              <lines>
                <line number="77" hits="4" branch="False" />
                <line number="78" hits="4" branch="False" />
                <line number="79" hits="4" branch="True" condition-coverage="100% (2/2)">
                  <conditions>
                    <condition number="18" type="jump" coverage="100%" />
                  </conditions>
                </line>
                <line number="80" hits="2" branch="False" />
                <line number="82" hits="4" branch="False" />
                <line number="83" hits="4" branch="False" />
              </lines>
            </method>
            <method name="Categorize" signature="(SauronSheet.Domain.ValueObjects.CategoryId,SauronSheet.Domain.ValueObjects.SubcategoryId,SauronSheet.Domain.ValueObjects.CategorySource)" line-rate="1" branch-rate="1" complexity="1">
              <lines>
                <line number="90" hits="2" branch="False" />
                <line number="91" hits="2" branch="False" />
                <line number="92" hits="2" branch="False" />
                <line number="93" hits="2" branch="False" />
                <line number="94" hits="2" branch="False" />
                <line number="95" hits="2" branch="False" />
              </lines>
            </method>
            <method name="UpdateDescription" signature="(System.String)" line-rate="0" branch-rate="0" complexity="2">
              <lines>
                <line number="101" hits="0" branch="False" />
                <line number="102" hits="0" branch="True" condition-coverage="0% (0/2)">
                  <conditions>
                    <condition number="9" type="jump" coverage="0%" />
                  </conditions>
                </line>
                <line number="103" hits="0" branch="False" />
                <line number="105" hits="0" branch="False" />
                <line number="106" hits="0" branch="False" />
                <line number="107" hits="0" branch="False" />
              </lines>
            </method>
            <method name=".ctor" signature="(SauronSheet.Domain.ValueObjects.TransactionId,SauronSheet.Domain.ValueObjects.UserId,SauronSheet.Domain.ValueObjects.Money,System.DateTime,System.String,SauronSheet.Domain.ValueObjects.CategoryId,System.String,System.String,System.String,SauronSheet.Domain.ValueObjects.SubcategoryId,SauronSheet.Domain.ValueObjects.CategorySource)" line-rate="0.8421" branch-rate="0.5" complexity="6">
              <lines>
                <line number="50" hits="186" branch="False" />
                <line number="51" hits="186" branch="False" />
                <line number="52" hits="186" branch="True" condition-coverage="50% (1/2)">
                  <conditions>
                    <condition number="18" type="jump" coverage="50%" />
                  </conditions>
                </line>
                <line number="53" hits="0" branch="False" />
                <line number="54" hits="186" branch="True" condition-coverage="50% (1/2)">
                  <conditions>
                    <condition number="37" type="jump" coverage="50%" />
                  </conditions>
                </line>
                <line number="55" hits="0" branch="False" />
                <line number="56" hits="186" branch="True" condition-coverage="50% (1/2)">
                  <conditions>
                    <condition number="59" type="jump" coverage="50%" />
                  </conditions>
                </line>
                <line number="57" hits="0" branch="False" />
                <line number="59" hits="186" branch="False" />
                <line number="60" hits="186" branch="False" />
                <line number="61" hits="186" branch="False" />
                <line number="62" hits="186" branch="False" />
                <line number="63" hits="186" branch="False" />
                <line number="64" hits="186" branch="False" />
                <line number="65" hits="186" branch="False" />
                <line number="66" hits="186" branch="False" />
                <line number="67" hits="186" branch="False" />
                <line number="68" hits="186" branch="False" />
                <line number="69" hits="186" branch="False" />
              </lines>
            </method>
          </methods>
          <lines>
            <line number="13" hits="362" branch="False" />
            <line number="14" hits="208" branch="False" />
            <line number="15" hits="188" branch="False" />
            <line number="16" hits="190" branch="False" />
            <line number="17" hits="203" branch="False" />
            <line number="18" hits="188" branch="False" />
            <line number="21" hits="190" branch="False" />
            <line number="24" hits="190" branch="False" />
            <line number="27" hits="193" branch="False" />
            <line number="30" hits="202" branch="False" />
            <line number="77" hits="4" branch="False" />
            <line number="78" hits="4" branch="False" />
            <line number="79" hits="4" branch="True" condition-coverage="100% (2/2)">
              <conditions>
                <condition number="18" type="jump" coverage="100%" />
              </conditions>
            </line>
            <line number="80" hits="2" branch="False" />
            <line number="82" hits="4" branch="False" />
            <line number="83" hits="4" branch="False" />
            <line number="90" hits="2" branch="False" />
            <line number="91" hits="2" branch="False" />
            <line number="92" hits="2" branch="False" />
            <line number="93" hits="2" branch="False" />
            <line number="94" hits="2" branch="False" />
            <line number="95" hits="2" branch="False" />
            <line number="101" hits="0" branch="False" />
            <line number="102" hits="0" branch="True" condition-coverage="0% (0/2)">
              <conditions>
                <condition number="9" type="jump" coverage="0%" />
              </conditions>
            </line>
            <line number="103" hits="0" branch="False" />
            <line number="105" hits="0" branch="False" />
            <line number="106" hits="0" branch="False" />
            <line number="107" hits="0" branch="False" />
            <line number="50" hits="186" branch="False" />
            <line number="51" hits="186" branch="False" />
            <line number="52" hits="186" branch="True" condition-coverage="50% (1/2)">
              <conditions>
                <condition number="18" type="jump" coverage="50%" />
              </conditions>
            </line>
            <line number="53" hits="0" branch="False" />
            <line number="54" hits="186" branch="True" condition-coverage="50% (1/2)">
              <conditions>
                <condition number="37" type="jump" coverage="50%" />
              </conditions>
            </line>
            <line number="55" hits="0" branch="False" />
            <line number="56" hits="186" branch="True" condition-coverage="50% (1/2)">
              <conditions>
                <condition number="59" type="jump" coverage="50%" />
              </conditions>
            </line>
            <line number="57" hits="0" branch="False" />
            <line number="59" hits="186" branch="False" />
            <line number="60" hits="186" branch="False" />
            <line number="61" hits="186" branch="False" />
            <line number="62" hits="186" branch="False" />
            <line number="63" hits="186" branch="False" />
            <line number="64" hits="186" branch="False" />
            <line number="65" hits="186" branch="False" />
            <line number="66" hits="186" branch="False" />
            <line number="67" hits="186" branch="False" />
            <line number="68" hits="186" branch="False" />
            <line number="69" hits="186" branch="False" />
          </lines>
        </class>
        <class name="SauronSheet.Domain.Common.AggregateRoot`1" filename="Common\AggregateRoot.cs" line-rate="1" branch-rate="1" complexity="1">
          <methods>
            <method name=".ctor" signature="(TId)" line-rate="1" branch-rate="1" complexity="1">
              <lines>
                <line number="11" hits="246" branch="False" />
                <line number="12" hits="246" branch="False" />
                <line number="15" hits="246" branch="False" />
              </lines>
            </method>
          </methods>
          <lines>
            <line number="11" hits="246" branch="False" />
            <line number="12" hits="246" branch="False" />
            <line number="15" hits="246" branch="False" />
          </lines>
        </class>
        <class name="SauronSheet.Domain.Common.Entity`1" filename="Common\Entity.cs" line-rate="0.9259000000000001" branch-rate="0.75" complexity="21">
          <methods>
            <method name="get_Id" signature="()" line-rate="1" branch-rate="1" complexity="1">
              <lines>
                <line number="10" hits="601" branch="False" />
              </lines>
            </method>
            <method name="get_CreatedAt" signature="()" line-rate="1" branch-rate="1" complexity="1">
              <lines>
                <line number="11" hits="265" branch="False" />
              </lines>
            </method>
            <method name="get_UpdatedAt" signature="()" line-rate="1" branch-rate="1" complexity="1">
              <lines>
                <line number="12" hits="280" branch="False" />
              </lines>
            </method>
            <method name="Equals" signature="(System.Object)" line-rate="0.8" branch-rate="0.75" complexity="4">
              <lines>
                <line number="29" hits="7" branch="False" />
                <line number="30" hits="7" branch="True" condition-coverage="50% (1/2)">
                  <conditions>
                    <condition number="17" type="jump" coverage="50%" />
                  </conditions>
                </line>
                <line number="31" hits="0" branch="False" />
                <line number="33" hits="7" branch="True" condition-coverage="100% (2/2)">
                  <conditions>
                    <condition number="40" type="jump" coverage="100%" />
                  </conditions>
                </line>
                <line number="34" hits="7" branch="False" />
              </lines>
            </method>
            <method name="GetHashCode" signature="()" line-rate="1" branch-rate="1" complexity="1">
              <lines>
                <line number="37" hits="2" branch="False" />
                <line number="38" hits="2" branch="False" />
                <line number="39" hits="2" branch="False" />
              </lines>
            </method>
            <method name="op_Equality" signature="(SauronSheet.Domain.Common.Entity`1&lt;TId&gt;,SauronSheet.Domain.Common.Entity`1&lt;TId&gt;)" line-rate="1" branch-rate="0.875" complexity="8">
              <lines>
                <line number="42" hits="9" branch="False" />
                <line number="43" hits="12" branch="True" condition-coverage="100% (4/4)">
                  <conditions>
                    <condition number="2" type="jump" coverage="100%" />
                    <condition number="13" type="jump" coverage="100%" />
                  </conditions>
                </line>
                <line number="44" hits="10" branch="True" condition-coverage="75% (3/4)">
                  <conditions>
                    <condition number="20" type="jump" coverage="50%" />
                    <condition number="31" type="jump" coverage="100%" />
                  </conditions>
                </line>
                <line number="45" hits="2" branch="False" />
                <line number="46" hits="9" branch="False" />
              </lines>
            </method>
            <method name="op_Inequality" signature="(SauronSheet.Domain.Common.Entity`1&lt;TId&gt;,SauronSheet.Domain.Common.Entity`1&lt;TId&gt;)" line-rate="1" branch-rate="1" complexity="1">
              <lines>
                <line number="49" hits="3" branch="False" />
                <line number="50" hits="3" branch="False" />
                <line number="51" hits="3" branch="False" />
              </lines>
            </method>
            <method name=".ctor" signature="(TId)" line-rate="0.875" branch-rate="0.5" complexity="4">
              <lines>
                <line number="18" hits="258" branch="False" />
                <line number="19" hits="258" branch="False" />
                <line number="20" hits="258" branch="True" condition-coverage="50% (2/4)">
                  <conditions>
                    <condition number="14" type="jump" coverage="50%" />
                    <condition number="41" type="jump" coverage="50%" />
                  </conditions>
                </line>
                <line number="21" hits="0" branch="False" />
                <line number="23" hits="258" branch="False" />
                <line number="24" hits="258" branch="False" />
                <line number="25" hits="258" branch="False" />
                <line number="26" hits="258" branch="False" />
              </lines>
            </method>
          </methods>
          <lines>
            <line number="10" hits="601" branch="False" />
            <line number="11" hits="265" branch="False" />
            <line number="12" hits="280" branch="False" />
            <line number="29" hits="7" branch="False" />
            <line number="30" hits="7" branch="True" condition-coverage="50% (1/2)">
              <conditions>
                <condition number="17" type="jump" coverage="50%" />
              </conditions>
            </line>
            <line number="31" hits="0" branch="False" />
            <line number="33" hits="7" branch="True" condition-coverage="100% (2/2)">
              <conditions>
                <condition number="40" type="jump" coverage="100%" />
              </conditions>
            </line>
            <line number="34" hits="7" branch="False" />
            <line number="37" hits="2" branch="False" />
            <line number="38" hits="2" branch="False" />
            <line number="39" hits="2" branch="False" />
            <line number="42" hits="9" branch="False" />
            <line number="43" hits="12" branch="True" condition-coverage="100% (4/4)">
              <conditions>
                <condition number="2" type="jump" coverage="100%" />
                <condition number="13" type="jump" coverage="100%" />
              </conditions>
            </line>
            <line number="44" hits="10" branch="True" condition-coverage="75% (3/4)">
              <conditions>
                <condition number="20" type="jump" coverage="50%" />
                <condition number="31" type="jump" coverage="100%" />
              </conditions>
            </line>
            <line number="45" hits="2" branch="False" />
            <line number="46" hits="9" branch="False" />
            <line number="49" hits="3" branch="False" />
            <line number="50" hits="3" branch="False" />
            <line number="51" hits="3" branch="False" />
            <line number="18" hits="258" branch="False" />
            <line number="19" hits="258" branch="False" />
            <line number="20" hits="258" branch="True" condition-coverage="50% (2/4)">
              <conditions>
                <condition number="14" type="jump" coverage="50%" />
                <condition number="41" type="jump" coverage="50%" />
              </conditions>
            </line>
            <line number="21" hits="0" branch="False" />
            <line number="23" hits="258" branch="False" />
            <line number="24" hits="258" branch="False" />
            <line number="25" hits="258" branch="False" />
            <line number="26" hits="258" branch="False" />
          </lines>
        </class>
        <class name="SauronSheet.Domain.Common.ValueObject" filename="Common\ValueObject.cs" line-rate="0" branch-rate="1" complexity="1">
          <methods>
            <method name=".ctor" signature="(SauronSheet.Domain.Common.ValueObject)" line-rate="0" branch-rate="1" complexity="1">
              <lines>
                <line number="8" hits="0" branch="False" />
              </lines>
            </method>
          </methods>
          <lines>
            <line number="8" hits="0" branch="False" />
          </lines>
        </class>
      </classes>
    </package>
  </packages>
</coverage>